Arguments: 
  C:\bimenv\nodejs\node.exe D:\Program Files (x86)\Yarn\bin\yarn.js install

PATH: 
  C:\bimenv\nodejs;C:\bimenv\7-Zip;C:\Windows\system32;C:\Windows;C:\Windows\System32\Wbem;C:\Windows\System32\WindowsPowerShell\v1.0\;C:\Windows\System32\OpenSSH\;C:\Program Files\Microsoft SQL Server\130\Tools\Binn\;C:\Program Files\Microsoft SQL Server\150\Tools\Binn\;C:\Program Files\Microsoft SQL Server\Client SDK\ODBC\170\Tools\Binn\;C:\Program Files\dotnet\;D:\Program Files\TortoiseSVN\bin;D:\Program Files\nodejs\;D:\Program Files\nodejs\node_modules;D:\Program Files\nodejs;D:\Program Files\nodejs\node_global;D:\Program Files\nodejs\node_modules\npm\bin;D:\Program Files (x86)\Yarn\bin\;C:\Program Files (x86)\dotnet\;C:\Users\DELL\AppData\Local\Microsoft\WindowsApps;C:\Users\DELL\.dotnet\tools;D:\Program Files\Microsoft VS Code\bin;C:\Users\DELL\AppData\Local\Yarn\bin

Yarn version: 
  1.22.19

Node version: 
  12.18.3

Platform: 
  win32 x64

Trace: 
  Error: EPERM: operation not permitted, unlink 'D:\工作台\图模共享平台\trunk\glendale.design.bim\node_modules\canvas\build\Release\canvas.ilk'

npm manifest: 
  {
    "name": "glendale.design.bim",
    "version": "3.0.2",
    "private": true,
    "scripts": {
      "serve": "vue-cli-service serve",
      "build": "vue-cli-service build",
      "test:unit": "vue-cli-service test:unit",
      "lint": "vue-cli-service lint",
      "build:preview": "vue-cli-service build --mode preview",
      "lint:nofix": "vue-cli-service lint --no-fix"
    },
    "dependencies": {
      "@ant-design-vue/pro-layout": "^1.0.8",
      "@antv/data-set": "^0.10.2",
      "@logicflow/core": "^0.7.9",
      "@logicflow/extension": "^0.7.9",
      "@vue/composition-api": "^1.4.5",
      "ant-design-vue": "^1.7.6",
      "axios": ">=0.21.1",
      "core-js": "^3.1.2",
      "echarts": "^4.9.0",
      "echarts-liquidfill": "^3.1.0",
      "file-saver": "^2.0.5",
      "gulp": "^4.0.2",
      "lib-flexible": "^0.3.2",
      "lodash.clonedeep": "^4.5.0",
      "lodash.get": "^4.4.2",
      "lodash.pick": "^4.4.0",
      "moment": "^2.24.0",
      "nprogress": "^0.2.0",
      "pdfobject": "^2.2.7",
      "postcss-px2rem": "^0.3.0",
      "px2rem-loader": "^0.1.9",
      "spark-md5": "^3.0.2",
      "store": "^2.0.12",
      "v-viewer": "^1.6.4",
      "vcolorpicker": "^1.1.0",
      "vconsole": "^3.9.5",
      "vue": "^2.6.14",
      "vue-clipboard2": "^0.2.1",
      "vue-cropper": "0.4.9",
      "vue-qr": "^3.2.2",
      "vue-router": "^3.5.2",
      "vue-svg-component-runtime": "^1.0.1",
      "vuescroll": "^4.17.3",
      "vuex": "^3.1.1",
      "xlsx": "^0.17.1"
    },
    "devDependencies": {
      "@vue/cli-plugin-babel": "^4.0.4",
      "@vue/cli-plugin-eslint": "^4.0.4",
      "@vue/cli-plugin-router": "^4.0.4",
      "@vue/cli-plugin-unit-jest": "^4.0.4",
      "@vue/cli-plugin-vuex": "^4.0.4",
      "@vue/cli-service": "^4.0.4",
      "@vue/eslint-config-standard": "^4.0.0",
      "@vue/test-utils": "^1.0.0-beta.29",
      "babel-eslint": "^10.0.1",
      "babel-plugin-import": "^1.12.2",
      "babel-plugin-transform-remove-console": "^6.9.4",
      "copy-webpack-plugin": "5.1.2",
      "eslint": "^5.16.0",
      "eslint-plugin-html": "^5.0.0",
      "eslint-plugin-vue": "^5.2.3",
      "git-revision-webpack-plugin": "^3.0.6",
      "less": "^3.0.4",
      "less-loader": "^5.0.0",
      "script-loader": "^0.7.2",
      "vue-svg-icon-loader": "^2.1.1",
      "vue-template-compiler": "^2.6.14",
      "webpack-theme-color-replacer": "^1.3.12"
    },
    "main": "index.js",
    "license": "MIT"
  }

yarn manifest: 
  No manifest

Lockfile: 
  No lockfile
