[11:14:09 INF] Starting Glendale.Design.HttpApi.Host.
[11:14:19 INF] User profile is available. Using 'C:\Users\Administrator\AppData\Local\ASP.NET\DataProtection-Keys' as key repository and Windows DPAPI to encrypt keys at rest.
[11:14:19 INF] Loaded ABP modules:
[11:14:19 INF] - Glendale.Design.DesignHttpApiHostModule
[11:14:19 INF]   - Glendale.Design.DesignHttpApiModule
[11:14:19 INF]     - Glendale.Design.DesignApplicationContractsModule
[11:14:19 INF]       - Glendale.Design.DesignDomainSharedModule
[11:14:19 INF]         - Volo.Abp.AuditLogging.AbpAuditLoggingDomainSharedModule
[11:14:19 INF]         - Volo.Abp.BackgroundJobs.AbpBackgroundJobsDomainSharedModule
[11:14:19 INF]         - Volo.Abp.FeatureManagement.AbpFeatureManagementDomainSharedModule
[11:14:19 INF]           - Volo.Abp.Validation.AbpValidationModule
[11:14:19 INF]             - Volo.Abp.Validation.AbpValidationAbstractionsModule
[11:14:19 INF]             - Volo.Abp.Localization.AbpLocalizationModule
[11:14:19 INF]               - Volo.Abp.VirtualFileSystem.AbpVirtualFileSystemModule
[11:14:19 INF]               - Volo.Abp.Settings.AbpSettingsModule
[11:14:19 INF]                 - Volo.Abp.Localization.AbpLocalizationAbstractionsModule
[11:14:19 INF]                 - Volo.Abp.Security.AbpSecurityModule
[11:14:19 INF]                 - Volo.Abp.MultiTenancy.AbpMultiTenancyModule
[11:14:19 INF]                   - Volo.Abp.Data.AbpDataModule
[11:14:19 INF]                     - Volo.Abp.ObjectExtending.AbpObjectExtendingModule
[11:14:19 INF]                     - Volo.Abp.Uow.AbpUnitOfWorkModule
[11:14:19 INF]                     - Volo.Abp.EventBus.Abstractions.AbpEventBusAbstractionsModule
[11:14:19 INF]         - Volo.Abp.Identity.AbpIdentityDomainSharedModule
[11:14:19 INF]           - Volo.Abp.Users.AbpUsersDomainSharedModule
[11:14:19 INF]           - Volo.Abp.Features.AbpFeaturesModule
[11:14:19 INF]             - Volo.Abp.Authorization.AbpAuthorizationAbstractionsModule
[11:14:19 INF]         - Volo.Abp.IdentityServer.AbpIdentityServerDomainSharedModule
[11:14:19 INF]         - Volo.Abp.PermissionManagement.AbpPermissionManagementDomainSharedModule
[11:14:19 INF]         - Volo.Abp.SettingManagement.AbpSettingManagementDomainSharedModule
[11:14:19 INF]       - Volo.Abp.Account.AbpAccountApplicationContractsModule
[11:14:19 INF]         - Volo.Abp.Identity.AbpIdentityApplicationContractsModule
[11:14:19 INF]           - Volo.Abp.Users.AbpUsersAbstractionModule
[11:14:19 INF]             - Volo.Abp.EventBus.AbpEventBusModule
[11:14:19 INF]               - Volo.Abp.Json.AbpJsonModule
[11:14:19 INF]                 - Volo.Abp.Timing.AbpTimingModule
[11:14:19 INF]           - Volo.Abp.Authorization.AbpAuthorizationModule
[11:14:19 INF]           - Volo.Abp.PermissionManagement.AbpPermissionManagementApplicationContractsModule
[11:14:19 INF]             - Volo.Abp.Application.AbpDddApplicationContractsModule
[11:14:19 INF]               - Volo.Abp.Auditing.AbpAuditingModule
[11:14:19 INF]                 - Volo.Abp.Threading.AbpThreadingModule
[11:14:19 INF]       - Volo.Abp.FeatureManagement.AbpFeatureManagementApplicationContractsModule
[11:14:19 INF]       - Volo.Abp.SettingManagement.AbpSettingManagementApplicationContractsModule
[11:14:19 INF]     - Volo.Abp.Account.AbpAccountHttpApiModule
[11:14:19 INF]       - Volo.Abp.Identity.AbpIdentityHttpApiModule
[11:14:19 INF]         - Volo.Abp.AspNetCore.Mvc.AbpAspNetCoreMvcModule
[11:14:19 INF]           - Volo.Abp.AspNetCore.AbpAspNetCoreModule
[11:14:19 INF]             - Volo.Abp.Http.AbpHttpModule
[11:14:19 INF]               - Volo.Abp.Http.AbpHttpAbstractionsModule
[11:14:19 INF]               - Volo.Abp.Minify.AbpMinifyModule
[11:14:19 INF]             - Volo.Abp.ExceptionHandling.AbpExceptionHandlingModule
[11:14:19 INF]           - Volo.Abp.ApiVersioning.AbpApiVersioningAbstractionsModule
[11:14:19 INF]           - Volo.Abp.AspNetCore.Mvc.AbpAspNetCoreMvcContractsModule
[11:14:19 INF]           - Volo.Abp.UI.Navigation.AbpUiNavigationModule
[11:14:19 INF]             - Volo.Abp.UI.AbpUiModule
[11:14:19 INF]           - Volo.Abp.GlobalFeatures.AbpGlobalFeaturesModule
[11:14:19 INF]           - Volo.Abp.Application.AbpDddApplicationModule
[11:14:19 INF]             - Volo.Abp.Domain.AbpDddDomainModule
[11:14:19 INF]               - Volo.Abp.Guids.AbpGuidsModule
[11:14:19 INF]               - Volo.Abp.ObjectMapping.AbpObjectMappingModule
[11:14:19 INF]               - Volo.Abp.Specifications.AbpSpecificationsModule
[11:14:19 INF]     - Volo.Abp.PermissionManagement.HttpApi.AbpPermissionManagementHttpApiModule
[11:14:19 INF]     - Volo.Abp.FeatureManagement.AbpFeatureManagementHttpApiModule
[11:14:19 INF]     - Volo.Abp.SettingManagement.AbpSettingManagementHttpApiModule
[11:14:19 INF]   - Glendale.Design.DesignApplicationModule
[11:14:19 INF]     - Glendale.Design.DesignDomainModule
[11:14:19 INF]       - Volo.Abp.AuditLogging.AbpAuditLoggingDomainModule
[11:14:19 INF]       - Volo.Abp.BackgroundJobs.AbpBackgroundJobsDomainModule
[11:14:19 INF]         - Volo.Abp.BackgroundJobs.AbpBackgroundJobsModule
[11:14:19 INF]           - Volo.Abp.BackgroundJobs.AbpBackgroundJobsAbstractionsModule
[11:14:19 INF]           - Volo.Abp.BackgroundWorkers.AbpBackgroundWorkersModule
[11:14:19 INF]         - Volo.Abp.AutoMapper.AbpAutoMapperModule
[11:14:19 INF]       - Volo.Abp.FeatureManagement.AbpFeatureManagementDomainModule
[11:14:19 INF]         - Volo.Abp.Caching.AbpCachingModule
[11:14:19 INF]           - Volo.Abp.Serialization.AbpSerializationModule
[11:14:19 INF]       - Volo.Abp.Identity.AbpIdentityDomainModule
[11:14:19 INF]         - Volo.Abp.Users.AbpUsersDomainModule
[11:14:19 INF]       - Volo.Abp.PermissionManagement.Identity.AbpPermissionManagementDomainIdentityModule
[11:14:19 INF]         - Volo.Abp.PermissionManagement.AbpPermissionManagementDomainModule
[11:14:19 INF]       - Volo.Abp.IdentityServer.AbpIdentityServerDomainModule
[11:14:19 INF]       - Volo.Abp.PermissionManagement.IdentityServer.AbpPermissionManagementDomainIdentityServerModule
[11:14:19 INF]       - Volo.Abp.SettingManagement.AbpSettingManagementDomainModule
[11:14:19 INF]       - Volo.Abp.BlobStoring.AbpBlobStoringModule
[11:14:19 INF]       - Volo.Abp.Emailing.AbpEmailingModule
[11:14:19 INF]         - Volo.Abp.TextTemplating.AbpTextTemplatingModule
[11:14:19 INF]           - Volo.Abp.TextTemplating.Scriban.AbpTextTemplatingScribanModule
[11:14:19 INF]             - Volo.Abp.TextTemplating.AbpTextTemplatingCoreModule
[11:14:19 INF]     - Glendale.Design.DesignCoreModule
[11:14:19 INF]       - Volo.Abp.EntityFrameworkCore.AbpEntityFrameworkCoreModule
[11:14:19 INF]     - Volo.Abp.Account.AbpAccountApplicationModule
[11:14:19 INF]       - Volo.Abp.Identity.AbpIdentityApplicationModule
[11:14:19 INF]         - Volo.Abp.PermissionManagement.AbpPermissionManagementApplicationModule
[11:14:19 INF]     - Volo.Abp.FeatureManagement.AbpFeatureManagementApplicationModule
[11:14:19 INF]     - Volo.Abp.SettingManagement.AbpSettingManagementApplicationModule
[11:14:19 INF]   - Glendale.Design.EntityFrameworkCore.DesignEntityFrameworkCoreModule
[11:14:19 INF]     - Volo.Abp.Identity.EntityFrameworkCore.AbpIdentityEntityFrameworkCoreModule
[11:14:19 INF]       - Volo.Abp.Users.EntityFrameworkCore.AbpUsersEntityFrameworkCoreModule
[11:14:19 INF]     - Volo.Abp.IdentityServer.EntityFrameworkCore.AbpIdentityServerEntityFrameworkCoreModule
[11:14:19 INF]     - Volo.Abp.PermissionManagement.EntityFrameworkCore.AbpPermissionManagementEntityFrameworkCoreModule
[11:14:19 INF]     - Volo.Abp.SettingManagement.EntityFrameworkCore.AbpSettingManagementEntityFrameworkCoreModule
[11:14:19 INF]     - Volo.Abp.EntityFrameworkCore.MySQL.AbpEntityFrameworkCoreMySQLModule
[11:14:19 INF]     - Volo.Abp.BackgroundJobs.EntityFrameworkCore.AbpBackgroundJobsEntityFrameworkCoreModule
[11:14:19 INF]     - Volo.Abp.AuditLogging.EntityFrameworkCore.AbpAuditLoggingEntityFrameworkCoreModule
[11:14:19 INF]     - Volo.Abp.FeatureManagement.EntityFrameworkCore.AbpFeatureManagementEntityFrameworkCoreModule
[11:14:19 INF]   - Glendale.Design.EntityFrameworkCore.DesignModelEntityFrameworkCoreModule
[11:14:19 INF]   - Volo.Abp.Autofac.AbpAutofacModule
[11:14:19 INF]     - Volo.Abp.Castle.AbpCastleCoreModule
[11:14:19 INF]   - Volo.Abp.AspNetCore.Mvc.UI.Theme.Basic.AbpAspNetCoreMvcUiBasicThemeModule
[11:14:19 INF]     - Volo.Abp.AspNetCore.Mvc.UI.Theme.Shared.AbpAspNetCoreMvcUiThemeSharedModule
[11:14:19 INF]       - Volo.Abp.AspNetCore.Mvc.UI.Bootstrap.AbpAspNetCoreMvcUiBootstrapModule
[11:14:19 INF]         - Volo.Abp.AspNetCore.Mvc.UI.AbpAspNetCoreMvcUiModule
[11:14:19 INF]       - Volo.Abp.AspNetCore.Mvc.UI.Packages.AbpAspNetCoreMvcUiPackagesModule
[11:14:19 INF]         - Volo.Abp.AspNetCore.Mvc.UI.Bundling.AbpAspNetCoreMvcUiBundlingAbstractionsModule
[11:14:19 INF]       - Volo.Abp.AspNetCore.Mvc.UI.Widgets.AbpAspNetCoreMvcUiWidgetsModule
[11:14:19 INF]         - Volo.Abp.AspNetCore.Mvc.UI.Bundling.AbpAspNetCoreMvcUiBundlingModule
[11:14:19 INF]     - Volo.Abp.AspNetCore.Mvc.UI.MultiTenancy.AbpAspNetCoreMvcUiMultiTenancyModule
[11:14:19 INF]       - Volo.Abp.AspNetCore.MultiTenancy.AbpAspNetCoreMultiTenancyModule
[11:14:19 INF]   - Volo.Abp.AspNetCore.Authentication.JwtBearer.AbpAspNetCoreAuthenticationJwtBearerModule
[11:14:19 INF]   - Volo.Abp.Account.Web.AbpAccountWebIdentityServerModule
[11:14:19 INF]     - Volo.Abp.Account.Web.AbpAccountWebModule
[11:14:19 INF]       - Volo.Abp.Identity.AspNetCore.AbpIdentityAspNetCoreModule
[11:14:19 INF]   - Volo.Abp.AspNetCore.Serilog.AbpAspNetCoreSerilogModule
[11:14:19 INF]   - Volo.Abp.Swashbuckle.AbpSwashbuckleModule
[11:14:19 INF]   - Volo.Abp.BlobStoring.FileSystem.AbpBlobStoringFileSystemModule
[11:14:19 DBG] Started background worker: Volo.Abp.BackgroundJobs.BackgroundJobWorker
[11:14:19 DBG] Started background worker: Volo.Abp.IdentityServer.Tokens.TokenCleanupBackgroundWorker
[11:14:19 DBG] Started background worker: Glendale.Design.Jobs.ModelStateCheckerWorker
[11:14:19 DBG] Started background worker: Glendale.Design.Jobs.CADStateCheckerWorker
[11:14:19 INF] Starting IdentityServer4 version 4.1.1+cebd52f5bc61bdefc262fd20739d4d087c6f961f
[11:14:21 INF] Using the default authentication scheme Identity.Application for IdentityServer
[11:14:21 DBG] Using Identity.Application as default ASP.NET Core scheme for authentication
[11:14:21 DBG] Using Identity.External as default ASP.NET Core scheme for sign-in
[11:14:21 DBG] Using Identity.External as default ASP.NET Core scheme for sign-out
[11:14:21 DBG] Using Identity.Application as default ASP.NET Core scheme for challenge
[11:14:21 DBG] Using Identity.Application as default ASP.NET Core scheme for forbid
[11:14:22 DBG] sharding core starting......
[11:14:22 DBG] Glendale.Design.EntityFrameworkCore.DesignModelDbContext  start init......
info: Microsoft.EntityFrameworkCore.Database.Command[20101]
      Executed DbCommand (20ms) [Parameters=[], CommandType='Text', CommandTimeout='30']
      SELECT CASE WHEN COUNT(*) = 0 THEN FALSE ELSE TRUE END
      FROM information_schema.tables
      WHERE table_type = 'BASE TABLE' AND table_schema = 'ueDemoData_Model'
[11:14:25 WRN] Entity 'Combine' has a global query filter defined and is the required end of a relationship with the entity 'CombineFlatten'. This may lead to unexpected results when the required entity is filtered out. Either configure the navigation as optional, or define matching query filters for both entities in the navigation. See https://go.microsoft.com/fwlink/?linkid=2131316 for more information.
[11:14:25 WRN] Entity 'Combine' has a global query filter defined and is the required end of a relationship with the entity 'CombineLog'. This may lead to unexpected results when the required entity is filtered out. Either configure the navigation as optional, or define matching query filters for both entities in the navigation. See https://go.microsoft.com/fwlink/?linkid=2131316 for more information.
[11:14:25 WRN] Entity 'Document' has a global query filter defined and is the required end of a relationship with the entity 'DocumentLog'. This may lead to unexpected results when the required entity is filtered out. Either configure the navigation as optional, or define matching query filters for both entities in the navigation. See https://go.microsoft.com/fwlink/?linkid=2131316 for more information.
[11:14:25 WRN] Entity 'DocumentVersion' has a global query filter defined and is the required end of a relationship with the entity 'DocumentVerThan'. This may lead to unexpected results when the required entity is filtered out. Either configure the navigation as optional, or define matching query filters for both entities in the navigation. See https://go.microsoft.com/fwlink/?linkid=2131316 for more information.
[11:14:25 WRN] Entity 'Message' has a global query filter defined and is the required end of a relationship with the entity 'MessageReceive'. This may lead to unexpected results when the required entity is filtered out. Either configure the navigation as optional, or define matching query filters for both entities in the navigation. See https://go.microsoft.com/fwlink/?linkid=2131316 for more information.
[11:14:25 WRN] Entity 'Project' has a global query filter defined and is the required end of a relationship with the entity 'ProjectFolder'. This may lead to unexpected results when the required entity is filtered out. Either configure the navigation as optional, or define matching query filters for both entities in the navigation. See https://go.microsoft.com/fwlink/?linkid=2131316 for more information.
[11:14:25 WRN] Entity 'IdentityUser' has a global query filter defined and is the required end of a relationship with the entity 'ProjectFolderUser'. This may lead to unexpected results when the required entity is filtered out. Either configure the navigation as optional, or define matching query filters for both entities in the navigation. See https://go.microsoft.com/fwlink/?linkid=2131316 for more information.
[11:14:25 WRN] Entity 'Project' has a global query filter defined and is the required end of a relationship with the entity 'ProjectImage'. This may lead to unexpected results when the required entity is filtered out. Either configure the navigation as optional, or define matching query filters for both entities in the navigation. See https://go.microsoft.com/fwlink/?linkid=2131316 for more information.
[11:14:25 WRN] Entity 'Project' has a global query filter defined and is the required end of a relationship with the entity 'ProjectUser'. This may lead to unexpected results when the required entity is filtered out. Either configure the navigation as optional, or define matching query filters for both entities in the navigation. See https://go.microsoft.com/fwlink/?linkid=2131316 for more information.
[11:14:26 DBG] Glendale.Design.EntityFrameworkCore.DesignModelDbContext  complete init
[11:14:26 INF] Initialized all ABP modules.
[11:14:26 INF] Application started. Press Ctrl+C to shut down.
[11:14:26 INF] Hosting environment: Development
[11:14:26 INF] Content root path: D:\最新版一键安装包\github\源码\UeEngine(Free)\4.服务器端引擎体验站源代码\net-core_uedemo\src\Glendale.Design.HttpApi.Host
[11:14:26 INF] Request starting HTTP/1.1 POST https://192.168.1.62:44367/api/app/document/pakcallback application/json 103
[11:14:26 DBG] Login Url: /Account/Login
[11:14:26 DBG] Login Return Url Parameter: ReturnUrl
[11:14:26 DBG] Logout Url: /Account/Logout
[11:14:26 DBG] ConsentUrl Url: /Consent
[11:14:26 DBG] Consent Return Url Parameter: returnUrl
[11:14:26 DBG] Error Url: /Account/Error
[11:14:26 DBG] Error Id Parameter: errorId
[11:14:26 INF] Request starting HTTP/1.1 GET http://localhost:44310/.well-known/openid-configuration - -
[11:14:26 DBG] Request path /.well-known/openid-configuration matched to endpoint type Discovery
[11:14:27 DBG] Endpoint enabled: Discovery, successfully created handler: IdentityServer4.Endpoints.DiscoveryEndpoint
[11:14:27 INF] Invoking IdentityServer endpoint: IdentityServer4.Endpoints.DiscoveryEndpoint for /.well-known/openid-configuration
[11:14:27 DBG] Start discovery request
[11:14:28 INF] Request finished HTTP/1.1 GET http://localhost:44310/.well-known/openid-configuration - - - 200 - application/json;+charset=UTF-8 1628.3091ms
[11:14:28 INF] Request starting HTTP/1.1 GET http://localhost:44310/.well-known/openid-configuration/jwks - -
[11:14:28 DBG] Request path /.well-known/openid-configuration/jwks matched to endpoint type Discovery
[11:14:28 DBG] Endpoint enabled: Discovery, successfully created handler: IdentityServer4.Endpoints.DiscoveryKeyEndpoint
[11:14:28 INF] Invoking IdentityServer endpoint: IdentityServer4.Endpoints.DiscoveryKeyEndpoint for /.well-known/openid-configuration/jwks
[11:14:28 DBG] Start key discovery request
[11:14:28 INF] Request finished HTTP/1.1 GET http://localhost:44310/.well-known/openid-configuration/jwks - - - 200 - application/json;+charset=UTF-8 27.3128ms
[11:14:28 INF] Bearer was not authenticated. Failure message: No SecurityTokenValidator available for token.
[11:14:28 INF] Executing endpoint 'Glendale.Design.Services.DocumentService.PakCallBack (Glendale.Design.Application)'
[11:14:28 INF] Route matched with {action = "PakCallBack", controller = "Document", area = "", page = ""}. Executing controller action with signature System.Threading.Tasks.Task PakCallBack(Glendale.Design.Services.Paramentrs) on controller Glendale.Design.Services.DocumentService (Glendale.Design.Application).
[11:14:28 DBG] Login Url: /Account/Login
[11:14:28 DBG] Login Return Url Parameter: ReturnUrl
[11:14:28 DBG] Logout Url: /Account/Logout
[11:14:28 DBG] ConsentUrl Url: /Consent
[11:14:28 DBG] Consent Return Url Parameter: returnUrl
[11:14:28 DBG] Error Url: /Account/Error
[11:14:28 DBG] Error Id Parameter: errorId
[11:14:29 INF] Executed action Glendale.Design.Services.DocumentService.PakCallBack (Glendale.Design.Application) in 1357.1037ms
[11:14:29 INF] Executed endpoint 'Glendale.Design.Services.DocumentService.PakCallBack (Glendale.Design.Application)'
[11:14:29 DBG] Added 0 entity changes to the current audit log
[11:14:30 DBG] Added 0 entity changes to the current audit log
[11:14:30 DBG] Added 0 entity changes to the current audit log
[11:14:30 INF] Request finished HTTP/1.1 POST https://192.168.1.62:44367/api/app/document/pakcallback application/json 103 - 204 - - 4022.1471ms
[11:19:25 INF] Request starting HTTP/1.1 POST https://192.168.1.62:44367/api/app/document/pakcallback application/json 106
[11:19:25 INF] Bearer was not authenticated. Failure message: No SecurityTokenValidator available for token.
[11:19:25 INF] Executing endpoint 'Glendale.Design.Services.DocumentService.PakCallBack (Glendale.Design.Application)'
[11:19:25 INF] Route matched with {action = "PakCallBack", controller = "Document", area = "", page = ""}. Executing controller action with signature System.Threading.Tasks.Task PakCallBack(Glendale.Design.Services.Paramentrs) on controller Glendale.Design.Services.DocumentService (Glendale.Design.Application).
[11:23:55 INF] Executed action Glendale.Design.Services.DocumentService.PakCallBack (Glendale.Design.Application) in 270953.5319ms
[11:23:55 INF] Executed endpoint 'Glendale.Design.Services.DocumentService.PakCallBack (Glendale.Design.Application)'
[11:23:55 DBG] Added 0 entity changes to the current audit log
[11:23:56 DBG] Added 0 entity changes to the current audit log
[11:23:56 DBG] Added 0 entity changes to the current audit log
[11:23:56 ERR] An error occurred using a transaction.
[11:23:56 ERR] The operation was canceled.
System.OperationCanceledException: The operation was canceled.
   at System.Threading.CancellationToken.ThrowOperationCanceledException()
   at MySqlConnector.Core.CommandExecutor.ExecuteReaderAsync(IReadOnlyList`1 commands, ICommandPayloadCreator payloadCreator, CommandBehavior behavior, Activity activity, IOBehavior ioBehavior, CancellationToken cancellationToken) in /_/src/MySqlConnector/Core/CommandExecutor.cs:line 15
   at MySqlConnector.MySqlCommand.ExecuteNonQueryAsync(IOBehavior ioBehavior, CancellationToken cancellationToken) in /_/src/MySqlConnector/MySqlCommand.cs:line 296
   at MySqlConnector.MySqlTransaction.CommitAsync(IOBehavior ioBehavior, CancellationToken cancellationToken) in /_/src/MySqlConnector/MySqlTransaction.cs:line 