[11:20:59 INF] Starting Glendale.Design.HttpApi.Host.
[11:21:09 INF] User profile is available. Using 'C:\Users\Administrator\AppData\Local\ASP.NET\DataProtection-Keys' as key repository and Windows DPAPI to encrypt keys at rest.
[11:21:09 INF] Loaded ABP modules:
[11:21:09 INF] - Glendale.Design.DesignHttpApiHostModule
[11:21:09 INF]   - Glendale.Design.DesignHttpApiModule
[11:21:09 INF]     - Glendale.Design.DesignApplicationContractsModule
[11:21:09 INF]       - Glendale.Design.DesignDomainSharedModule
[11:21:09 INF]         - Volo.Abp.AuditLogging.AbpAuditLoggingDomainSharedModule
[11:21:09 INF]         - Volo.Abp.BackgroundJobs.AbpBackgroundJobsDomainSharedModule
[11:21:09 INF]         - Volo.Abp.FeatureManagement.AbpFeatureManagementDomainSharedModule
[11:21:09 INF]           - Volo.Abp.Validation.AbpValidationModule
[11:21:09 INF]             - Volo.Abp.Validation.AbpValidationAbstractionsModule
[11:21:09 INF]             - Volo.Abp.Localization.AbpLocalizationModule
[11:21:09 INF]               - Volo.Abp.VirtualFileSystem.AbpVirtualFileSystemModule
[11:21:09 INF]               - Volo.Abp.Settings.AbpSettingsModule
[11:21:09 INF]                 - Volo.Abp.Localization.AbpLocalizationAbstractionsModule
[11:21:09 INF]                 - Volo.Abp.Security.AbpSecurityModule
[11:21:09 INF]                 - Volo.Abp.MultiTenancy.AbpMultiTenancyModule
[11:21:09 INF]                   - Volo.Abp.Data.AbpDataModule
[11:21:09 INF]                     - Volo.Abp.ObjectExtending.AbpObjectExtendingModule
[11:21:09 INF]                     - Volo.Abp.Uow.AbpUnitOfWorkModule
[11:21:09 INF]                     - Volo.Abp.EventBus.Abstractions.AbpEventBusAbstractionsModule
[11:21:09 INF]         - Volo.Abp.Identity.AbpIdentityDomainSharedModule
[11:21:09 INF]           - Volo.Abp.Users.AbpUsersDomainSharedModule
[11:21:09 INF]           - Volo.Abp.Features.AbpFeaturesModule
[11:21:09 INF]             - Volo.Abp.Authorization.AbpAuthorizationAbstractionsModule
[11:21:09 INF]         - Volo.Abp.IdentityServer.AbpIdentityServerDomainSharedModule
[11:21:09 INF]         - Volo.Abp.PermissionManagement.AbpPermissionManagementDomainSharedModule
[11:21:09 INF]         - Volo.Abp.SettingManagement.AbpSettingManagementDomainSharedModule
[11:21:09 INF]       - Volo.Abp.Account.AbpAccountApplicationContractsModule
[11:21:09 INF]         - Volo.Abp.Identity.AbpIdentityApplicationContractsModule
[11:21:09 INF]           - Volo.Abp.Users.AbpUsersAbstractionModule
[11:21:09 INF]             - Volo.Abp.EventBus.AbpEventBusModule
[11:21:09 INF]               - Volo.Abp.Json.AbpJsonModule
[11:21:09 INF]                 - Volo.Abp.Timing.AbpTimingModule
[11:21:09 INF]           - Volo.Abp.Authorization.AbpAuthorizationModule
[11:21:09 INF]           - Volo.Abp.PermissionManagement.AbpPermissionManagementApplicationContractsModule
[11:21:09 INF]             - Volo.Abp.Application.AbpDddApplicationContractsModule
[11:21:09 INF]               - Volo.Abp.Auditing.AbpAuditingModule
[11:21:09 INF]                 - Volo.Abp.Threading.AbpThreadingModule
[11:21:09 INF]       - Volo.Abp.FeatureManagement.AbpFeatureManagementApplicationContractsModule
[11:21:09 INF]       - Volo.Abp.SettingManagement.AbpSettingManagementApplicationContractsModule
[11:21:09 INF]     - Volo.Abp.Account.AbpAccountHttpApiModule
[11:21:09 INF]       - Volo.Abp.Identity.AbpIdentityHttpApiModule
[11:21:09 INF]         - Volo.Abp.AspNetCore.Mvc.AbpAspNetCoreMvcModule
[11:21:09 INF]           - Volo.Abp.AspNetCore.AbpAspNetCoreModule
[11:21:09 INF]             - Volo.Abp.Http.AbpHttpModule
[11:21:09 INF]               - Volo.Abp.Http.AbpHttpAbstractionsModule
[11:21:09 INF]               - Volo.Abp.Minify.AbpMinifyModule
[11:21:09 INF]             - Volo.Abp.ExceptionHandling.AbpExceptionHandlingModule
[11:21:09 INF]           - Volo.Abp.ApiVersioning.AbpApiVersioningAbstractionsModule
[11:21:09 INF]           - Volo.Abp.AspNetCore.Mvc.AbpAspNetCoreMvcContractsModule
[11:21:09 INF]           - Volo.Abp.UI.Navigation.AbpUiNavigationModule
[11:21:09 INF]             - Volo.Abp.UI.AbpUiModule
[11:21:09 INF]           - Volo.Abp.GlobalFeatures.AbpGlobalFeaturesModule
[11:21:09 INF]           - Volo.Abp.Application.AbpDddApplicationModule
[11:21:09 INF]             - Volo.Abp.Domain.AbpDddDomainModule
[11:21:09 INF]               - Volo.Abp.Guids.AbpGuidsModule
[11:21:09 INF]               - Volo.Abp.ObjectMapping.AbpObjectMappingModule
[11:21:09 INF]               - Volo.Abp.Specifications.AbpSpecificationsModule
[11:21:09 INF]     - Volo.Abp.PermissionManagement.HttpApi.AbpPermissionManagementHttpApiModule
[11:21:09 INF]     - Volo.Abp.FeatureManagement.AbpFeatureManagementHttpApiModule
[11:21:09 INF]     - Volo.Abp.SettingManagement.AbpSettingManagementHttpApiModule
[11:21:09 INF]   - Glendale.Design.DesignApplicationModule
[11:21:09 INF]     - Glendale.Design.DesignDomainModule
[11:21:09 INF]       - Volo.Abp.AuditLogging.AbpAuditLoggingDomainModule
[11:21:09 INF]       - Volo.Abp.BackgroundJobs.AbpBackgroundJobsDomainModule
[11:21:09 INF]         - Volo.Abp.BackgroundJobs.AbpBackgroundJobsModule
[11:21:09 INF]           - Volo.Abp.BackgroundJobs.AbpBackgroundJobsAbstractionsModule
[11:21:09 INF]           - Volo.Abp.BackgroundWorkers.AbpBackgroundWorkersModule
[11:21:09 INF]         - Volo.Abp.AutoMapper.AbpAutoMapperModule
[11:21:09 INF]       - Volo.Abp.FeatureManagement.AbpFeatureManagementDomainModule
[11:21:09 INF]         - Volo.Abp.Caching.AbpCachingModule
[11:21:09 INF]           - Volo.Abp.Serialization.AbpSerializationModule
[11:21:09 INF]       - Volo.Abp.Identity.AbpIdentityDomainModule
[11:21:09 INF]         - Volo.Abp.Users.AbpUsersDomainModule
[11:21:09 INF]       - Volo.Abp.PermissionManagement.Identity.AbpPermissionManagementDomainIdentityModule
[11:21:09 INF]         - Volo.Abp.PermissionManagement.AbpPermissionManagementDomainModule
[11:21:09 INF]       - Volo.Abp.IdentityServer.AbpIdentityServerDomainModule
[11:21:09 INF]       - Volo.Abp.PermissionManagement.IdentityServer.AbpPermissionManagementDomainIdentityServerModule
[11:21:09 INF]       - Volo.Abp.SettingManagement.AbpSettingManagementDomainModule
[11:21:09 INF]       - Volo.Abp.BlobStoring.AbpBlobStoringModule
[11:21:09 INF]       - Volo.Abp.Emailing.AbpEmailingModule
[11:21:09 INF]         - Volo.Abp.TextTemplating.AbpTextTemplatingModule
[11:21:09 INF]           - Volo.Abp.TextTemplating.Scriban.AbpTextTemplatingScribanModule
[11:21:09 INF]             - Volo.Abp.TextTemplating.AbpTextTemplatingCoreModule
[11:21:09 INF]     - Glendale.Design.DesignCoreModule
[11:21:09 INF]       - Volo.Abp.EntityFrameworkCore.AbpEntityFrameworkCoreModule
[11:21:09 INF]     - Volo.Abp.Account.AbpAccountApplicationModule
[11:21:09 INF]       - Volo.Abp.Identity.AbpIdentityApplicationModule
[11:21:09 INF]         - Volo.Abp.PermissionManagement.AbpPermissionManagementApplicationModule
[11:21:09 INF]     - Volo.Abp.FeatureManagement.AbpFeatureManagementApplicationModule
[11:21:09 INF]     - Volo.Abp.SettingManagement.AbpSettingManagementApplicationModule
[11:21:09 INF]   - Glendale.Design.EntityFrameworkCore.DesignEntityFrameworkCoreModule
[11:21:09 INF]     - Volo.Abp.Identity.EntityFrameworkCore.AbpIdentityEntityFrameworkCoreModule
[11:21:09 INF]       - Volo.Abp.Users.EntityFrameworkCore.AbpUsersEntityFrameworkCoreModule
[11:21:09 INF]     - Volo.Abp.IdentityServer.EntityFrameworkCore.AbpIdentityServerEntityFrameworkCoreModule
[11:21:09 INF]     - Volo.Abp.PermissionManagement.EntityFrameworkCore.AbpPermissionManagementEntityFrameworkCoreModule
[11:21:09 INF]     - Volo.Abp.SettingManagement.EntityFrameworkCore.AbpSettingManagementEntityFrameworkCoreModule
[11:21:09 INF]     - Volo.Abp.EntityFrameworkCore.MySQL.AbpEntityFrameworkCoreMySQLModule
[11:21:09 INF]     - Volo.Abp.BackgroundJobs.EntityFrameworkCore.AbpBackgroundJobsEntityFrameworkCoreModule
[11:21:09 INF]     - Volo.Abp.AuditLogging.EntityFrameworkCore.AbpAuditLoggingEntityFrameworkCoreModule
[11:21:09 INF]     - Volo.Abp.FeatureManagement.EntityFrameworkCore.AbpFeatureManagementEntityFrameworkCoreModule
[11:21:09 INF]   - Glendale.Design.EntityFrameworkCore.DesignModelEntityFrameworkCoreModule
[11:21:09 INF]   - Volo.Abp.Autofac.AbpAutofacModule
[11:21:09 INF]     - Volo.Abp.Castle.AbpCastleCoreModule
[11:21:09 INF]   - Volo.Abp.AspNetCore.Mvc.UI.Theme.Basic.AbpAspNetCoreMvcUiBasicThemeModule
[11:21:09 INF]     - Volo.Abp.AspNetCore.Mvc.UI.Theme.Shared.AbpAspNetCoreMvcUiThemeSharedModule
[11:21:09 INF]       - Volo.Abp.AspNetCore.Mvc.UI.Bootstrap.AbpAspNetCoreMvcUiBootstrapModule
[11:21:09 INF]         - Volo.Abp.AspNetCore.Mvc.UI.AbpAspNetCoreMvcUiModule
[11:21:09 INF]       - Volo.Abp.AspNetCore.Mvc.UI.Packages.AbpAspNetCoreMvcUiPackagesModule
[11:21:09 INF]         - Volo.Abp.AspNetCore.Mvc.UI.Bundling.AbpAspNetCoreMvcUiBundlingAbstractionsModule
[11:21:09 INF]       - Volo.Abp.AspNetCore.Mvc.UI.Widgets.AbpAspNetCoreMvcUiWidgetsModule
[11:21:09 INF]         - Volo.Abp.AspNetCore.Mvc.UI.Bundling.AbpAspNetCoreMvcUiBundlingModule
[11:21:09 INF]     - Volo.Abp.AspNetCore.Mvc.UI.MultiTenancy.AbpAspNetCoreMvcUiMultiTenancyModule
[11:21:09 INF]       - Volo.Abp.AspNetCore.MultiTenancy.AbpAspNetCoreMultiTenancyModule
[11:21:09 INF]   - Volo.Abp.AspNetCore.Authentication.JwtBearer.AbpAspNetCoreAuthenticationJwtBearerModule
[11:21:09 INF]   - Volo.Abp.Account.Web.AbpAccountWebIdentityServerModule
[11:21:09 INF]     - Volo.Abp.Account.Web.AbpAccountWebModule
[11:21:09 INF]       - Volo.Abp.Identity.AspNetCore.AbpIdentityAspNetCoreModule
[11:21:09 INF]   - Volo.Abp.AspNetCore.Serilog.AbpAspNetCoreSerilogModule
[11:21:09 INF]   - Volo.Abp.Swashbuckle.AbpSwashbuckleModule
[11:21:09 INF]   - Volo.Abp.BlobStoring.FileSystem.AbpBlobStoringFileSystemModule
[11:21:09 DBG] Started background worker: Volo.Abp.BackgroundJobs.BackgroundJobWorker
[11:21:09 DBG] Started background worker: Volo.Abp.IdentityServer.Tokens.TokenCleanupBackgroundWorker
[11:21:09 DBG] Started background worker: Glendale.Design.Jobs.ModelStateCheckerWorker
[11:21:09 DBG] Started background worker: Glendale.Design.Jobs.CADStateCheckerWorker
[11:21:09 INF] Starting IdentityServer4 version 4.1.1+cebd52f5bc61bdefc262fd20739d4d087c6f961f
[11:21:11 INF] Using the default authentication scheme Identity.Application for IdentityServer
[11:21:11 DBG] Using Identity.Application as default ASP.NET Core scheme for authentication
[11:21:11 DBG] Using Identity.External as default ASP.NET Core scheme for sign-in
[11:21:11 DBG] Using Identity.External as default ASP.NET Core scheme for sign-out
[11:21:11 DBG] Using Identity.Application as default ASP.NET Core scheme for challenge
[11:21:11 DBG] Using Identity.Application as default ASP.NET Core scheme for forbid
[11:21:11 DBG] sharding core starting......
[11:21:11 DBG] Glendale.Design.EntityFrameworkCore.DesignModelDbContext  start init......
info: Microsoft.EntityFrameworkCore.Database.Command[20101]
      Executed DbCommand (7ms) [Parameters=[], CommandType='Text', CommandTimeout='30']
      CREATE DATABASE `ueDemoData_Model`;
info: Microsoft.EntityFrameworkCore.Database.Command[20101]
      Executed DbCommand (4ms) [Parameters=[], CommandType='Text', CommandTimeout='30']
      ALTER DATABASE CHARACTER SET utf8mb4;
info: Microsoft.EntityFrameworkCore.Database.Command[20101]
      Executed DbCommand (36ms) [Parameters=[], CommandType='Text', CommandTimeout='30']
      CREATE TABLE `Model_Drawing` (
          `Id` int NOT NULL AUTO_INCREMENT,
          `Name` varchar(100) CHARACTER SET utf8mb4 NULL,
          `FileName` varchar(100) CHARACTER SET utf8mb4 NULL,
          `Type` varchar(50) CHARACTER SET utf8mb4 NULL,
          `Guid` varchar(36) CHARACTER SET utf8mb4 NULL,
          `ModelName` varchar(36) CHARACTER SET utf8mb4 NULL,
          CONSTRAINT `PK_Model_Drawing` PRIMARY KEY (`Id`)
      ) CHARACTER SET utf8mb4;
info: Microsoft.EntityFrameworkCore.Database.Command[20101]
      Executed DbCommand (30ms) [Parameters=[], CommandType='Text', CommandTimeout='30']
      CREATE TABLE `Model_Drawing_rvtid` (
          `Id` int NOT NULL AUTO_INCREMENT,
          `DrawGuid` varchar(36) CHARACTER SET utf8mb4 NULL,
          `RevitId` varchar(36) CHARACTER SET utf8mb4 NULL,
          `ModelName` varchar(36) CHARACTER SET utf8mb4 NULL,
          CONSTRAINT `PK_Model_Drawing_rvtid` PRIMARY KEY (`Id`)
      ) CHARACTER SET utf8mb4;
info: Microsoft.EntityFrameworkCore.Database.Command[20101]
      Executed DbCommand (21ms) [Parameters=[], CommandType='Text', CommandTimeout='30']
      CREATE TABLE `Model_Property_Space` (
          `Id` int NOT NULL AUTO_INCREMENT,
          `Glid` varchar(50) CHARACTER SET utf8mb4 NULL,
          `ExternalId` varchar(50) CHARACTER SET utf8mb4 NULL,
          `PropertyTypeName` varchar(100) CHARACTER SET utf8mb4 NULL,
          `PropertySetName` varchar(100) CHARACTER SET utf8mb4 NULL,
          `PropertyName` varchar(100) CHARACTER SET utf8mb4 NULL,
          `Ifcurl` varchar(200) CHARACTER SET utf8mb4 NULL,
          `Value` varchar(100) CHARACTER SET utf8mb4 NULL,
          `ModelName` varchar(36) CHARACTER SET utf8mb4 NULL,
          CONSTRAINT `PK_Model_Property_Space` PRIMARY KEY (`Id`)
      ) CHARACTER SET utf8mb4;
info: Microsoft.EntityFrameworkCore.Database.Command[20101]
      Executed DbCommand (27ms) [Parameters=[], CommandType='Text', CommandTimeout='30']
      CREATE TABLE `Model_Space` (
          `Id` int NOT NULL AUTO_INCREMENT,
          `Glid` varchar(50) CHARACTER SET utf8mb4 NULL,
          `PGlid` varchar(50) CHARACTER SET utf8mb4 NULL,
          `Level` int NULL,
          `Name` varchar(500) CHARACTER SET utf8mb4 NULL,
          `ExternalId` varchar(50) CHARACTER SET utf8mb4 NULL,
          `GroupName` varchar(50) CHARACTER SET utf8mb4 NULL,
          `ModelName` varchar(36) CHARACTER SET utf8mb4 NULL,
          CONSTRAINT `PK_Model_Space` PRIMARY KEY (`Id`)
      ) CHARACTER SET utf8mb4;
info: Microsoft.EntityFrameworkCore.Database.Command[20101]
      Executed DbCommand (70ms) [Parameters=[], CommandType='Text', CommandTimeout='30']
      CREATE INDEX `IX_Model_Drawing_Name_ModelName` ON `Model_Drawing` (`Name`, `ModelName`);
info: Microsoft.EntityFrameworkCore.Database.Command[20101]
      Executed DbCommand (17ms) [Parameters=[], CommandType='Text', CommandTimeout='30']
      CREATE INDEX `IX_Model_Drawing_rvtid_ModelName` ON `Model_Drawing_rvtid` (`ModelName`);
info: Microsoft.EntityFrameworkCore.Database.Command[20101]
      Executed DbCommand (17ms) [Parameters=[], CommandType='Text', CommandTimeout='30']
      CREATE INDEX `IX_Model_Property_Space_ExternalId_ModelName` ON `Model_Property_Space` (`ExternalId`, `ModelName`);
info: Microsoft.EntityFrameworkCore.Database.Command[20101]
      Executed DbCommand (20ms) [Parameters=[], CommandType='Text', CommandTimeout='30']
      CREATE INDEX `IX_Model_Space_PGlid_ModelName` ON `Model_Space` (`PGlid`, `ModelName`);
[11:21:16 WRN] Entity 'Combine' has a global query filter defined and is the required end of a relationship with the entity 'CombineFlatten'. This may lead to unexpected results when the required entity is filtered out. Either configure the navigation as optional, or define matching query filters for both entities in the navigation. See https://go.microsoft.com/fwlink/?linkid=2131316 for more information.
[11:21:16 WRN] Entity 'Combine' has a global query filter defined and is the required end of a relationship with the entity 'CombineLog'. This may lead to unexpected results when the required entity is filtered out. Either configure the navigation as optional, or define matching query filters for both entities in the navigation. See https://go.microsoft.com/fwlink/?linkid=2131316 for more information.
[11:21:16 WRN] Entity 'Document' has a global query filter defined and is the required end of a relationship with the entity 'DocumentLog'. This may lead to unexpected results when the required entity is filtered out. Either configure the navigation as optional, or define matching query filters for both entities in the navigation. See https://go.microsoft.com/fwlink/?linkid=2131316 for more information.
[11:21:16 WRN] Entity 'DocumentVersion' has a global query filter defined and is the required end of a relationship with the entity 'DocumentVerThan'. This may lead to unexpected results when the required entity is filtered out. Either configure the navigation as optional, or define matching query filters for both entities in the navigation. See https://go.microsoft.com/fwlink/?linkid=2131316 for more information.
[11:21:16 WRN] Entity 'Message' has a global query filter defined and is the required end of a relationship with the entity 'MessageReceive'. This may lead to unexpected results when the required entity is filtered out. Either configure the navigation as optional, or define matching query filters for both entities in the navigation. See https://go.microsoft.com/fwlink/?linkid=2131316 for more information.
[11:21:16 WRN] Entity 'Project' has a global query filter defined and is the required end of a relationship with the entity 'ProjectFolder'. This may lead to unexpected results when the required entity is filtered out. Either configure the navigation as optional, or define matching query filters for both entities in the navigation. See https://go.microsoft.com/fwlink/?linkid=2131316 for more information.
[11:21:16 WRN] Entity 'IdentityUser' has a global query filter defined and is the required end of a relationship with the entity 'ProjectFolderUser'. This may lead to unexpected results when the required entity is filtered out. Either configure the navigation as optional, or define matching query filters for both entities in the navigation. See https://go.microsoft.com/fwlink/?linkid=2131316 for more information.
[11:21:16 WRN] Entity 'Project' has a global query filter defined and is the required end of a relationship with the entity 'ProjectImage'. This may lead to unexpected results when the required entity is filtered out. Either configure the navigation as optional, or define matching query filters for both entities in the navigation. See https://go.microsoft.com/fwlink/?linkid=2131316 for more information.
[11:21:16 WRN] Entity 'Project' has a global query filter defined and is the required end of a relationship with the entity 'ProjectUser'. This may lead to unexpected results when the required entity is filtered out. Either configure the navigation as optional, or define matching query filters for both entities in the navigation. See https://go.microsoft.com/fwlink/?linkid=2131316 for more information.
[11:21:16 DBG] Glendale.Design.EntityFrameworkCore.DesignModelDbContext  complete init
[11:21:16 INF] Initialized all ABP modules.
[11:21:16 INF] Application started. Press Ctrl+C to shut down.
[11:21:16 INF] Hosting environment: Development
[11:21:16 INF] Content root path: D:\最新版一键安装包\github\源码\服务器端引擎示例demo源码\net-core_uedemo\src\Glendale.Design.HttpApi.Host
[11:21:16 INF] Request starting HTTP/2 OPTIONS https://localhost:44310/api/app/project/3a0abfce-3b33-6958-4cb0-d6b14b8e3250 - -
[11:21:16 INF] Request starting HTTP/2 GET https://localhost:44310/ - -
[11:21:16 INF] CORS policy execution successful.
[11:21:16 INF] Request starting HTTP/2 GET https://localhost:44310/api/app/project/3a0abfce-3b33-6958-4cb0-d6b14b8e3250 - -
[11:21:16 INF] Request finished HTTP/2 OPTIONS https://localhost:44310/api/app/project/3a0abfce-3b33-6958-4cb0-d6b14b8e3250 - - - 204 - - 561.7579ms
[11:21:16 DBG] Login Url: /Account/Login
[11:21:16 DBG] Login Return Url Parameter: ReturnUrl
[11:21:16 DBG] Logout Url: /Account/Logout
[11:21:16 DBG] ConsentUrl Url: /Consent
[11:21:16 DBG] Consent Return Url Parameter: returnUrl
[11:21:16 DBG] Error Url: /Account/Error
[11:21:16 DBG] Error Id Parameter: errorId
[11:21:16 INF] CORS policy execution successful.
[11:21:17 INF] Request starting HTTP/1.1 GET https://localhost:44310/.well-known/openid-configuration - -
[11:21:17 DBG] Request path /.well-known/openid-configuration matched to endpoint type Discovery
[11:21:17 INF] Executing endpoint 'Glendale.Design.Controllers.HomeController.Index (Glendale.Design.HttpApi.Host)'
[11:21:17 INF] Route matched with {action = "Index", controller = "Home", area = "", page = ""}. Executing controller action with signature Microsoft.AspNetCore.Mvc.ActionResult Index() on controller Glendale.Design.Controllers.HomeController (Glendale.Design.HttpApi.Host).
[11:21:17 INF] Executing RedirectResult, redirecting to /swagger.
[11:21:17 INF] Executed action Glendale.Design.Controllers.HomeController.Index (Glendale.Design.HttpApi.Host) in 57.8149ms
[11:21:17 INF] Executed endpoint 'Glendale.Design.Controllers.HomeController.Index (Glendale.Design.HttpApi.Host)'
[11:21:17 INF] Request starting HTTP/2 GET https://localhost:44310/swagger - -
[11:21:17 INF] Request finished HTTP/2 GET https://localhost:44310/ - - - 302 - - 1085.5832ms
[11:21:17 INF] Request starting HTTP/2 GET https://localhost:44310/swagger/index.html - -
[11:21:17 INF] Request finished HTTP/2 GET https://localhost:44310/swagger - - - 301 - - 13.1680ms
[11:21:17 INF] Request finished HTTP/2 GET https://localhost:44310/swagger/index.html - - - 200 - text/html;charset=utf-8 131.6122ms
[11:21:17 INF] Request starting HTTP/2 GET https://localhost:44310/swagger/swagger-ui.css - -
[11:21:17 INF] Request starting HTTP/2 GET https://localhost:44310/swagger/ui/abp.js - -
[11:21:17 INF] Request starting HTTP/2 GET https://localhost:44310/swagger/ui/abp.swagger.js - -
[11:21:17 INF] Sending file. Request path: '/swagger/ui/abp.swagger.js'. Physical path: 'N/A'
[11:21:17 INF] Sending file. Request path: '/swagger/ui/abp.js'. Physical path: 'N/A'
[11:21:17 INF] Request finished HTTP/2 GET https://localhost:44310/swagger/ui/abp.swagger.js - - - 200 1026 application/javascript 20.8987ms
[11:21:17 INF] Request finished HTTP/2 GET https://localhost:44310/swagger/ui/abp.js - - - 200 3025 application/javascript 21.4633ms
[11:21:17 INF] Request starting HTTP/2 GET https://localhost:44310/swagger/swagger-ui-bundle.js - -
[11:21:17 INF] Request starting HTTP/2 GET https://localhost:44310/swagger/swagger-ui-standalone-preset.js - -
[11:21:17 INF] Sending file. Request path: '/swagger-ui.css'. Physical path: 'N/A'
[11:21:17 INF] Sending file. Request path: '/swagger-ui-standalone-preset.js'. Physical path: 'N/A'
[11:21:17 INF] Sending file. Request path: '/swagger-ui-bundle.js'. Physical path: 'N/A'
[11:21:17 INF] Request finished HTTP/2 GET https://localhost:44310/swagger/swagger-ui.css - - - 200 143410 text/css 59.7214ms
[11:21:17 INF] Request finished HTTP/2 GET https://localhost:44310/swagger/swagger-ui-standalone-preset.js - - - 200 336841 application/javascript 39.6208ms
[11:21:17 INF] Request finished HTTP/2 GET https://localhost:44310/swagger/swagger-ui-bundle.js - - - 200 1097461 application/javascript 67.5796ms
[11:21:17 INF] Request starting HTTP/2 GET https://localhost:44310/swagger/v1/swagger.json - -
[11:21:17 DBG] Endpoint enabled: Discovery, successfully created handler: IdentityServer4.Endpoints.DiscoveryEndpoint
[11:21:17 INF] Invoking IdentityServer endpoint: IdentityServer4.Endpoints.DiscoveryEndpoint for /.well-known/openid-configuration
[11:21:17 DBG] Start discovery request
[11:21:18 INF] Request finished HTTP/1.1 GET https://localhost:44310/.well-known/openid-configuration - - - 200 - application/json;+charset=UTF-8 1464.9941ms
[11:21:18 INF] Request finished HTTP/2 GET https://localhost:44310/swagger/v1/swagger.json - - - 200 - application/json;charset=utf-8 683.5803ms
[11:21:18 INF] Request starting HTTP/1.1 GET https://localhost:44310/.well-known/openid-configuration/jwks - -
[11:21:18 DBG] Request path /.well-known/openid-configuration/jwks matched to endpoint type Discovery
[11:21:18 DBG] Endpoint enabled: Discovery, successfully created handler: IdentityServer4.Endpoints.DiscoveryKeyEndpoint
[11:21:18 INF] Invoking IdentityServer endpoint: IdentityServer4.Endpoints.DiscoveryKeyEndpoint for /.well-known/openid-configuration/jwks
[11:21:18 DBG] Start key discovery request
[11:21:18 INF] Request finished HTTP/1.1 GET https://localhost:44310/.well-known/openid-configuration/jwks - - - 200 - application/json;+charset=UTF-8 35.8502ms
[11:21:18 INF] Successfully validated the token.
[11:21:18 DBG] CORS request made for path: /api/app/project/3a0abfce-3b33-6958-4cb0-d6b14b8e3250 from origin: http://localhost:8200 but was ignored because path was not for an allowed IdentityServer CORS endpoint
[11:21:18 INF] No CORS policy found for the specified request.
[11:21:18 INF] Authorization was successful.
[11:21:18 INF] Executing endpoint 'Glendale.Design.Services.ProjectService.GetAsync (Glendale.Design.Application)'
[11:21:18 INF] Route matched with {action = "Get", controller = "Project", area = "", page = ""}. Executing controller action with signature System.Threading.Tasks.Task`1[Glendale.Design.Dtos.Project.ProjectDto] GetAsync(System.Guid) on controller Glendale.Design.Services.ProjectService (Glendale.Design.Application).
[11:21:20 INF] Authorization was successful.
[11:21:20 WRN] The query uses a row limiting operator ('Skip'/'Take') without an 'OrderBy' operator. This may lead to unpredictable results.
[11:21:20 WRN] The query uses a row limiting operator ('Skip'/'Take') without an 'OrderBy' operator. This may lead to unpredictable results.
[11:21:21 INF] Executing ObjectResult, writing value of type 'Glendale.Design.Dtos.Project.ProjectDto'.
[11:21:21 INF] Executed action Glendale.Design.Services.ProjectService.GetAsync (Glendale.Design.Application) in 2450.5867ms
[11:21:21 INF] Executed endpoint 'Glendale.Design.Services.ProjectService.GetAsync (Glendale.Design.Application)'
[11:21:21 INF] Request finished HTTP/2 GET https://localhost:44310/api/app/project/3a0abfce-3b33-6958-4cb0-d6b14b8e3250 - - - 200 - application/json;+charset=utf-8 4282.9915ms
[11:21:21 INF] Request starting HTTP/2 OPTIONS https://localhost:44310/api/app/project/project-user-permission/3a0abfce-3b33-6958-4cb0-d6b14b8e3250 - -
[11:21:21 INF] CORS policy execution successful.
[11:21:21 INF] Request finished HTTP/2 OPTIONS https://localhost:44310/api/app/project/project-user-permission/3a0abfce-3b33-6958-4cb0-d6b14b8e3250 - - - 204 - - 1.1869ms
[11:21:21 INF] Request starting HTTP/2 GET https://localhost:44310/api/app/project/project-user-permission/3a0abfce-3b33-6958-4cb0-d6b14b8e3250 - -
[11:21:21 INF] CORS policy execution successful.
[11:21:21 INF] Successfully validated the token.
[11:21:21 DBG] CORS request made for path: /api/app/project/project-user-permission/3a0abfce-3b33-6958-4cb0-d6b14b8e3250 from origin: http://localhost:8200 but was ignored because path was not for an allowed IdentityServer CORS endpoint
[11:21:21 INF] No CORS policy found for the specified request.
[11:21:21 INF] Authorization was successful.
[11:21:21 INF] Executing endpoint 'Glendale.Design.Services.ProjectService.GetProjectUserPermissionAsync (Glendale.Design.Application)'
[11:21:21 INF] Route matched with {action = "GetProjectUserPermission", controller = "Project", area = "", page = ""}. Executing controller action with signature System.Threading.Tasks.Task`1[System.Collections.Generic.List`1[Glendale.Design.Dtos.ProjectFolderUser.PermissionGrantProjectUserDto]] GetProjectUserPermissionAsync(System.Guid) on controller Glendale.Design.Services.ProjectService (Glendale.Design.Application).
[11:21:21 INF] Start processing HTTP request POST http://192.168.1.62:18186/api/app/model/query-model-info?LightweightName=202308261451052096
[11:21:21 INF] Sending HTTP request POST http://192.168.1.62:18186/api/app/model/query-model-info?LightweightName=202308261451052096
[11:21:21 INF] Executing ObjectResult, writing value of type 'System.Collections.Generic.List`1[[Glendale.Design.Dtos.ProjectFolderUser.PermissionGrantProjectUserDto, Glendale.Design.Application.Contracts, Version=1.0.0.0, Culture=neutral, PublicKeyToken=null]]'.
[11:21:21 INF] Executed action Glendale.Design.Services.ProjectService.GetProjectUserPermissionAsync (Glendale.Design.Application) in 421.4352ms
[11:21:21 INF] Executed endpoint 'Glendale.Design.Services.ProjectService.GetProjectUserPermissionAsync (Glendale.Design.Application)'
[11:21:21 INF] Request finished HTTP/2 GET https://localhost:44310/api/app/project/project-user-permission/3a0abfce-3b33-6958-4cb0-d6b14b8e3250 - - - 200 - application/json;+charset=utf-8 455.6763ms
[11:21:21 INF] Request starting HTTP/2 OPTIONS https://localhost:44310/api/identity/my-profile - -
[11:21:21 INF] CORS policy execution successful.
[11:21:21 INF] Request finished HTTP/2 OPTIONS https://localhost:44310/api/identity/my-profile - - - 204 - - 1.1604ms
[11:21:21 INF] Request starting HTTP/2 GET https://localhost:44310/api/identity/my-profile - -
[11:21:21 INF] CORS policy execution successful.
[11:21:21 INF] Successfully validated the token.
[11:21:21 DBG] CORS request made for path: /api/identity/my-profile from origin: http://localhost:8200 but was ignored because path was not for an allowed IdentityServer CORS endpoint
[11:21:21 INF] No CORS policy found for the specified request.
[11:21:21 INF] Executing endpoint 'Volo.Abp.Identity.ProfileController.GetAsync (Volo.Abp.Identity.HttpApi)'
[11:21:21 INF] Route matched with {area = "identity", controller = "Profile", action = "Get", page = ""}. Executing controller action with signature System.Threading.Tasks.Task`1[Volo.Abp.Identity.ProfileDto] GetAsync() on controller Volo.Abp.Identity.ProfileController (Volo.Abp.Identity.HttpApi).
[11:21:21 INF] Received HTTP response headers after 225.702ms - 200
[11:21:21 INF] End processing HTTP request after 232.0107ms - 200
[11:21:21 INF] http://192.168.1.62:18186/api/app/model/query-model-info?LightweightName=202308261451052096BIM/GIS轻量化状态:{"code":1,"codeMsg":"查询成功","datas":[{"name":"化工厂一角(ue)","lightweightName":"202308261451052096","lastStatus":0,"status":100,"statusDescription":"轻量化成功","taskCode":"","transcodingInfo":null,"initiatingUser":"","uniqueCode":"","fileType":"nwd","softwareType":"Navisworks","dataVersion":"2019","fileSize":38258,"creationTime":"2023-08-26T14:51:07.093449","startTime":null,"executionTime":"2023-08-26T15:19:41.383223","completionTime":"2023-08-26T15:19:58.72785","priority":203,"modelDownloadUrl":"","modelUploadUrl":"","modelUploadSiteAddress":"http://127.0.0.1:18186","mD5":null,"otherInfo":"","callbackInterfaceURL":null,"alertMailAddress":null,"modelAccessAddress":"http://127.0.0.1:18186/Tools/output/model/202308261451052096/root.glt","dbSyncStatus":2,"plugin":false,"pluginVersion":"","toolsVersion":"v2.0.20230714115400","sourceFileName":"202308071035206580.zip","configJson":"{\"style\":1,\"zGrid\":1,\"viewStyle\":0,\"drawing\":0,\"accuracy\":3,\"parametric\":0,\"familyName\":\"\",\"writetype\":0,\"locationType\":0,\"vertexNormal\":1,\"isExportLines\":0,\"unitRatio\":0.001,\"type\":2,\"offsetX\":0.0,\"offsetY\":0.0,\"offsetZ\":0.0,\"isInstance\":0,\"maxCountInstance\":100,\"isLod\":1,\"engineType\":2,\"srs\":\"\",\"srsOrigin\":[],\"longitude\":1.9003144895714261,\"latitude\":0.5969026041820608,\"transHeight\":0.0,\"edgeOn\":0,\"level\":1,\"xCount\":5,\"yCount\":3,\"draco\":1,\"flipY\":0,\"linePercent\":1.0,\"minDistance\":0.0,\"compatible\":0,\"faceNumLimit\":300000,\"textureLimit\":10240,\"textureSizePercent\":50,\"textureQuality\":30,\"combineTexture\":0,\"blockRender\":1,\"useGisCS\":1,\"materialType\":0,\"compressionLevel\":10,\"quantizePositionBits\":16,\"quantizeNormalBits\":10,\"quantizeTexcoordBits\":12}","dbAccessAddress":"http://127.0.0.1:18186/Tools/output/db/202308261451052096.db","isCAD":false,"gridJsonURL":"http://127.0.0.1:18186/Tools/output/model/202308261451052096/GridJson.json","floorJsonURL":null,"lightweightDuration":0,"id":57}],"dataCount":0}
[11:21:22 INF] Authorization was successful.
[11:21:22 ERR] ---------- RemoteServiceErrorInfo ----------
{
  "message": "实体 IdentityUser 不存在,id = 6c3838f1-9bd2-4e68-8c25-14f481fe2520!"
}

[11:21:22 ERR] There is no such an entity. Entity type: Volo.Abp.Identity.IdentityUser, id: 6c3838f1-9bd2-4e68-8c25-14f481fe2520
Volo.Abp.Domain.Entities.EntityNotFoundException: There is no such an entity. Entity type: Volo.Abp.Identity.IdentityUser, id: 6c3838f1-9bd2-4e68-8c25-14f481fe2520
   at Volo.Abp.Identity.IdentityUserManager.GetByIdAsync(Guid id)
   at Castle.DynamicProxy.AsyncInterceptorBase.ProceedAsynchronous[TResult](IInvocation invocation, IInvocationProceedInfo proceedInfo)
   at Volo.Abp.Castle.DynamicProxy.CastleAbpMethodInvocationAdapterWithReturnValue`1.ProceedAsync()
   at Volo.Abp.Uow.UnitOfWorkInterceptor.InterceptAsync(IAbpMethodInvocation invocation)
   at Volo.Abp.Castle.DynamicProxy.CastleAsyncAbpInterceptorAdapter`1.InterceptAsync[TResult](IInvocation invocation, IInvocationProceedInfo proceedInfo, Func`3 proceed)
   at Glendale.Design.Services.AccountProfileAppService.GetAsync() in D:\最新版一键安装包\github\源码\服务器端引擎示例demo源码\net-core_uedemo\src\Glendale.Design.Application\Services\AccountProfileAppService.cs:line 52
   at Castle.DynamicProxy.AsyncInterceptorBase.ProceedAsynchronous[TResult](IInvocation invocation, IInvocationProceedInfo proceedInfo)
   at Volo.Abp.Castle.DynamicProxy.CastleAbpMethodInvocationAdapterWithReturnValue`1.ProceedAsync()
   at Volo.Abp.GlobalFeatures.GlobalFeatureInterceptor.InterceptAsync(IAbpMethodInvocation invocation)
   at Volo.Abp.Castle.DynamicProxy.CastleAsyncAbpInterceptorAdapter`1.InterceptAsync[TResult](IInvocation invocation, IInvocationProceedInfo proceedInfo, Func`3 proceed)
   at Castle.DynamicProxy.AsyncInterceptorBase.ProceedAsynchronous[TResult](IInvocation invocation, IInvocationProceedInfo proceedInfo)
   at Volo.Abp.Castle.DynamicProxy.CastleAbpMethodInvocationAdapterWithReturnValue`1.ProceedAsync()
   at Volo.Abp.Auditing.AuditingInterceptor.ProceedByLoggingAsync(IAbpMethodInvocation invocation, IAuditingHelper auditingHelper, IAuditLogScope auditLogScope)
   at Volo.Abp.Auditing.AuditingInterceptor.InterceptAsync(IAbpMethodInvocation invocation)
   at Volo.Abp.Castle.DynamicProxy.CastleAsyncAbpInterceptorAdapter`1.InterceptAsync[TResult](IInvocation invocation, IInvocationProceedInfo proceedInfo, Func`3 proceed)
   at Castle.DynamicProxy.AsyncInterceptorBase.ProceedAsynchronous[TResult](IInvocation invocation, IInvocationProceedInfo proceedInfo)
   at Volo.Abp.Castle.DynamicProxy.CastleAbpMethodInvocationAdapterWithReturnValue`1.ProceedAsync()
   at Volo.Abp.Authorization.AuthorizationInterceptor.InterceptAsync(IAbpMethodInvocation invocation)
   at Volo.Abp.Castle.DynamicProxy.CastleAsyncAbpInterceptorAdapter`1.InterceptAsync[TResult](IInvocation invocation, IInvocationProceedInfo proceedInfo, Func`3 proceed)
   at Castle.DynamicProxy.AsyncInterceptorBase.ProceedAsynchronous[TResult](IInvocation invocation, IInvocationProceedInfo proceedInfo)
   at Volo.Abp.Castle.DynamicProxy.CastleAbpMethodInvocationAdapterWithReturnValue`1.ProceedAsync()
   at Volo.Abp.Validation.ValidationInterceptor.InterceptAsync(IAbpMethodInvocation invocation)
   at Volo.Abp.Castle.DynamicProxy.CastleAsyncAbpInterceptorAdapter`1.InterceptAsync[TResult](IInvocation invocation, IInvocationProceedInfo proceedInfo, Func`3 proceed)
   at Castle.DynamicProxy.AsyncInterceptorBase.ProceedAsynchronous[TResult](IInvocation invocation, IInvocationProceedInfo proceedInfo)
   at Volo.Abp.Castle.DynamicProxy.CastleAbpMethodInvocationAdapterWithReturnValue`1.ProceedAsync()
   at Volo.Abp.Uow.UnitOfWorkInterceptor.InterceptAsync(IAbpMethodInvocation invocation)
   at Volo.Abp.Castle.DynamicProxy.CastleAsyncAbpInterceptorAdapter`1.InterceptAsync[TResult](IInvocation invocation, IInvocationProceedInfo proceedInfo, Func`3 proceed)
   at lambda_method3539(Closure , Object )
   at Microsoft.AspNetCore.Mvc.Infrastructure.ActionMethodExecutor.AwaitableObjectResultExecutor.Execute(IActionResultTypeMapper mapper, ObjectMethodExecutor executor, Object controller, Object[] arguments)
   at Microsoft.AspNetCore.Mvc.Infrastructure.ControllerActionInvoker.<InvokeActionMethodAsync>g__Awaited|12_0(ControllerActionInvoker invoker, ValueTask`1 actionResultValueTask)
   at Microsoft.AspNetCore.Mvc.Infrastructure.ControllerActionInvoker.<InvokeNextActionFilterAsync>g__Awaited|10_0(ControllerActionInvoker invoker, Task lastTask, State next, Scope scope, Object state, Boolean isCompleted)
   at Microsoft.AspNetCore.Mvc.Infrastructure.ControllerActionInvoker.Rethrow(ActionExecutedContextSealed context)
   at Microsoft.AspNetCore.Mvc.Infrastructure.ControllerActionInvoker.Next(State& next, Scope& scope, Object& state, Boolean& isCompleted)
   at Microsoft.AspNetCore.Mvc.Infrastructure.ControllerActionInvoker.<InvokeInnerFilterAsync>g__Awaited|13_0(ControllerActionInvoker invoker, Task lastTask, State next, Scope scope, Object state, Boolean isCompleted)
   at Microsoft.AspNetCore.Mvc.Infrastructure.ResourceInvoker.<InvokeNextExceptionFilterAsync>g__Awaited|25_0(ResourceInvoker invoker, Task lastTask, State next, Scope scope, Object state, Boolean isCompleted)
[11:21:22 INF] Executing ObjectResult, writing value of type 'Volo.Abp.Http.RemoteServiceErrorResponse'.
[11:21:22 INF] Executed action Volo.Abp.Identity.ProfileController.GetAsync (Volo.Abp.Identity.HttpApi) in 613.299ms
[11:21:22 INF] Executed endpoint 'Volo.Abp.Identity.ProfileController.GetAsync (Volo.Abp.Identity.HttpApi)'
[11:21:22 DBG] Added 0 entity changes to the current audit log
[11:21:22 DBG] Added 0 entity changes to the current audit log
[11:21:22 DBG] Added 0 entity changes to the current audit log
[11:21:22 DBG] Added 0 entity changes to the current audit log
[11:21:22 INF] Request finished HTTP/2 GET https://localhost:44310/api/identity/my-profile - - - 404 - application/json;+charset=utf-8 798.7708ms
[11:21:22 INF] Request starting HTTP/2 OPTIONS https://localhost:44310/api/account/logout - -
[11:21:22 INF] CORS policy execution successful.
[11:21:22 INF] Request finished HTTP/2 OPTIONS https://localhost:44310/api/account/logout - - - 204 - - 1.5759ms
[11:21:22 INF] Request starting HTTP/2 GET https://localhost:44310/api/account/logout - -
[11:21:22 INF] CORS policy execution successful.
[11:21:22 INF] Successfully validated the token.
[11:21:22 DBG] CORS request made for path: /api/account/logout from origin: http://localhost:8200 but was ignored because path was not for an allowed IdentityServer CORS endpoint
[11:21:22 INF] No CORS policy found for the specified request.
[11:21:22 INF] Executing endpoint 'Volo.Abp.Account.Web.Areas.Account.Controllers.AccountController.Logout (Volo.Abp.Account.Web)'
[11:21:22 INF] Route matched with {controller = "Login", area = "account", action = "Logout", page = ""}. Executing controller action with signature System.Threading.Tasks.Task Logout() on controller Volo.Abp.Account.Web.Areas.Account.Controllers.AccountController (Volo.Abp.Account.Web).
[11:21:22 DBG] Added 0 entity changes to the current audit log
[11:21:22 DBG] Added 0 entity changes to the current audit log
[11:21:22 INF] Start processing HTTP request POST http://192.168.1.62:18186/api/app/model/syncdbtodatabase
[11:21:22 INF] Sending HTTP request POST http://192.168.1.62:18186/api/app/model/syncdbtodatabase
[11:21:22 INF] AuthenticationScheme: Identity.Application signed out.
[11:21:22 INF] AuthenticationScheme: Identity.External signed out.
[11:21:22 INF] AuthenticationScheme: Identity.TwoFactorUserId signed out.
[11:21:22 INF] Executed action Volo.Abp.Account.Web.Areas.Account.Controllers.AccountController.Logout (Volo.Abp.Account.Web) in 84.0211ms
[11:21:22 INF] Executed endpoint 'Volo.Abp.Account.Web.Areas.Account.Controllers.AccountController.Logout (Volo.Abp.Account.Web)'
[11:21:22 DBG] SignOutCalled set; processing post-signout session cleanup.
[11:21:22 INF] Request finished HTTP/2 GET https://localhost:44310/api/account/logout - - - 204 - - 95.1432ms
[11:21:22 INF] Request starting HTTP/2 POST https://localhost:44310/connect/token application/x-www-form-urlencoded 107
[11:21:22 INF] CORS policy execution successful.
[11:21:22 DBG] CORS request made for path: /connect/token from origin: http://localhost:8200
[11:21:22 WRN] Origin is not allowed: http://localhost:8200
[11:21:22 WRN] CorsPolicyService did not allow origin: http://localhost:8200
[11:21:22 INF] No CORS policy found for the specified request.
[11:21:22 DBG] Request path /connect/token matched to endpoint type Token
[11:21:22 INF] Received HTTP response headers after 212.6756ms - 200
[11:21:22 INF] End processing HTTP request after 213.3112ms - 200
[11:21:22 INF] http://192.168.1.62:18186/api/app/model/syncdbtodatabase同步数据{"code":1,"codeMsg":"模型属性数据后台开始同步!","datas":null,"dataCount":0}
[11:21:22 INF] Start processing HTTP request POST http://192.168.1.62:18186/api/app/model/query-model-info?LightweightName=202308261435066313
[11:21:22 INF] Sending HTTP request POST http://192.168.1.62:18186/api/app/model/query-model-info?LightweightName=202308261435066313
[11:21:22 INF] Received HTTP response headers after 78.995ms - 200
[11:21:22 INF] End processing HTTP request after 80.9045ms - 200
[11:21:22 INF] http://192.168.1.62:18186/api/app/model/query-model-info?LightweightName=202308261435066313BIM/GIS轻量化状态:{"code":1,"codeMsg":"查询成功","datas":[{"name":"桥梁模型(ue)","lightweightName":"202308261435066313","lastStatus":0,"status":100,"statusDescription":"轻量化成功","taskCode":"","transcodingInfo":null,"initiatingUser":"","uniqueCode":"","fileType":"rvt","softwareType":"Revit","dataVersion":"2020","fileSize":923596,"creationTime":"2023-08-26T14:35:23.572854","startTime":null,"executionTime":"2023-08-26T14:45:05.854152","completionTime":"2023-08-26T14:45:13.060644","priority":203,"modelDownloadUrl":"","modelUploadUrl":"","modelUploadSiteAddress":"http://127.0.0.1:18186","mD5":null,"otherInfo":"","callbackInterfaceURL":null,"alertMailAddress":null,"modelAccessAddress":"http://127.0.0.1:18186/Tools/output/model/202308261435066313/root.glt","dbSyncStatus":2,"plugin":true,"pluginVersion":"v5.0","toolsVersion":"v2.0.20230714115400","sourceFileName":"031737.glzip","configJson":"{\"style\":1,\"zGrid\":1,\"viewStyle\":0,\"drawing\":0,\"accuracy\":3,\"parametric\":0,\"familyName\":\"\",\"writetype\":0,\"locationType\":0,\"vertexNormal\":1,\"isExportLines\":0,\"unitRatio\":0.001,\"type\":2,\"offsetX\":0.0,\"offsetY\":0.0,\"offsetZ\":0.0,\"isInstance\":0,\"maxCountInstance\":100,\"isLod\":0,\"engineType\":2,\"srs\":\"\",\"srsOrigin\":[],\"longitude\":1.9003144895714261,\"latitude\":0.5969026041820608,\"transHeight\":0.0,\"edgeOn\":0,\"level\":1,\"xCount\":2,\"yCount\":2,\"draco\":1,\"flipY\":0,\"linePercent\":1.0,\"minDistance\":0.0,\"compatible\":0,\"faceNumLimit\":300000,\"textureLimit\":10240,\"textureSizePercent\":50,\"textureQuality\":30,\"combineTexture\":0,\"blockRender\":1,\"useGisCS\":1,\"materialType\":0,\"compressionLevel\":10,\"quantizePositionBits\":16,\"quantizeNormalBits\":10,\"quantizeTexcoordBits\":12}","dbAccessAddress":"http://127.0.0.1:18186/Tools/output/db/202308261435066313.db","isCAD":false,"gridJsonURL":"http://127.0.0.1:18186/Tools/output/model/202308261435066313/GridJson.json","floorJsonURL":"http://127.0.0.1:18186/Tools/output/model/202308261435066313/202308261435066313floor.json","lightweightDuration":0,"id":53}],"dataCount":0}
[11:21:22 DBG] Added 0 entity changes to the current audit log
[11:21:22 DBG] Added 0 entity changes to the current audit log
[11:21:22 INF] Start processing HTTP request POST http://192.168.1.62:18186/api/app/model/syncdbtodatabase
[11:21:22 INF] Sending HTTP request POST http://192.168.1.62:18186/api/app/model/syncdbtodatabase
[11:21:22 DBG] Endpoint enabled: Token, successfully created handler: IdentityServer4.Endpoints.TokenEndpoint
[11:21:22 INF] Invoking IdentityServer endpoint: IdentityServer4.Endpoints.TokenEndpoint for /connect/token
[11:21:22 DBG] Start token request.
[11:21:22 DBG] Start client validation
[11:21:22 DBG] Start parsing Basic Authentication secret
[11:21:22 DBG] Start parsing for secret in post body
[11:21:22 DBG] Parser found secret: PostBodySecretParser
[11:21:22 DBG] Secret id found: Design_BIM
[11:21:22 INF] Received HTTP response headers after 81.8972ms - 200
[11:21:22 INF] End processing HTTP request after 82.2203ms - 200
[11:21:22 INF] http://192.168.1.62:18186/api/app/model/syncdbtodatabase同步数据{"code":1,"codeMsg":"模型属性数据后台开始同步!","datas":null,"dataCount":0}
[11:21:22 INF] Start processing HTTP request POST http://192.168.1.62:18186/api/app/model/query-model-info?LightweightName=202308261442552747
[11:21:22 INF] Sending HTTP request POST http://192.168.1.62:18186/api/app/model/query-model-info?LightweightName=202308261442552747
[11:21:23 INF] Received HTTP response headers after 87.3862ms - 200
[11:21:23 INF] End processing HTTP request after 87.5943ms - 200
[11:21:23 INF] http://192.168.1.62:18186/api/app/model/query-model-info?LightweightName=202308261442552747BIM/GIS轻量化状态:{"code":1,"codeMsg":"查询成功","datas":[{"name":"房建模型(ue)","lightweightName":"202308261442552747","lastStatus":0,"status":100,"statusDescription":"轻量化成功","taskCode":"","transcodingInfo":null,"initiatingUser":"","uniqueCode":"","fileType":"rvt","softwareType":"Revit","dataVersion":"2016","fileSize":275165,"creationTime":"2023-08-26T14:43:09.02841","startTime":null,"executionTime":"2023-08-26T14:58:13.213188","completionTime":"2023-08-26T14:58:18.185668","priority":203,"modelDownloadUrl":"","modelUploadUrl":"","modelUploadSiteAddress":"http://127.0.0.1:18186","mD5":null,"otherInfo":"","callbackInterfaceURL":null,"alertMailAddress":null,"modelAccessAddress":"http://127.0.0.1:18186/Tools/output/model/202308261442552747/root.glt","dbSyncStatus":2,"plugin":false,"pluginVersion":"","toolsVersion":"v2.0.20230714115400","sourceFileName":"Arch-new.zip","configJson":"{\"style\":0,\"zGrid\":1,\"viewStyle\":0,\"drawing\":0,\"accuracy\":5,\"parametric\":0,\"familyName\":\"\",\"writetype\":0,\"locationType\":0,\"vertexNormal\":1,\"isExportLines\":0,\"unitRatio\":0.001,\"type\":2,\"offsetX\":0.0,\"offsetY\":0.0,\"offsetZ\":0.0,\"isInstance\":0,\"maxCountInstance\":100,\"isLod\":0,\"engineType\":2,\"srs\":\"\",\"srsOrigin\":[],\"longitude\":1.9003144895714261,\"latitude\":0.5969026041820608,\"transHeight\":0.0,\"edgeOn\":0,\"level\":1,\"xCount\":2,\"yCount\":2,\"draco\":1,\"flipY\":0,\"linePercent\":1.0,\"minDistance\":0.0,\"compatible\":0,\"faceNumLimit\":300000,\"textureLimit\":10240,\"textureSizePercent\":50,\"textureQuality\":30,\"combineTexture\":0,\"blockRender\":1,\"useGisCS\":1,\"materialType\":0,\"compressionLevel\":10,\"quantizePositionBits\":16,\"quantizeNormalBits\":10,\"quantizeTexcoordBits\":12}","dbAccessAddress":"http://127.0.0.1:18186/Tools/output/db/202308261442552747.db","isCAD":false,"gridJsonURL":"http://127.0.0.1:18186/Tools/output/model/202308261442552747/GridJson.json","floorJsonURL":"http://127.0.0.1:18186/Tools/output/model/202308261442552747/202308261442552747floor.json","lightweightDuration":0,"id":55}],"dataCount":0}
[11:21:23 DBG] Added 0 entity changes to the current audit log
[11:21:23 DBG] Added 0 entity changes to the current audit log
[11:21:23 INF] Start processing HTTP request POST http://192.168.1.62:18186/api/app/model/syncdbtodatabase
[11:21:23 INF] Sending HTTP request POST http://192.168.1.62:18186/api/app/model/syncdbtodatabase
[11:21:23 INF] Received HTTP response headers after 88.9244ms - 200
[11:21:23 INF] End processing HTTP request after 89.1124ms - 200
[11:21:23 INF] http://192.168.1.62:18186/api/app/model/syncdbtodatabase同步数据{"code":1,"codeMsg":"模型属性数据后台开始同步!","datas":null,"dataCount":0}
[11:21:23 INF] Start processing HTTP request POST http://192.168.1.62:18186/api/app/gismodel/QueryModelInfo?LightweightName=202308261422300344
[11:21:23 INF] Sending HTTP request POST http://192.168.1.62:18186/api/app/gismodel/QueryModelInfo?LightweightName=202308261422300344
[11:21:23 DBG] client configuration validation for client Design_BIM succeeded.
[11:21:23 DBG] Public Client - skipping secret validation success
[11:21:23 DBG] Client validation success
[11:21:23 INF] {"ClientId": "Design_BIM", "AuthenticationMethod": "SharedSecret", "Category": "Authentication", "Name": "Client Authentication Success", "EventType": "Success", "Id": 1010, "Message": null, "ActivityId": "80000014-0003-fa00-b63f-84710c7967bb", "TimeStamp": "2023-08-30T03:21:23.0000000Z", "ProcessId": 13200, "LocalIpAddress": "::1:44310", "RemoteIpAddress": "::1", "$type": "ClientAuthenticationSuccessEvent"}
[11:21:23 DBG] Start token request validation
[11:21:23 DBG] Start resource owner password token request validation
[11:21:23 INF] Received HTTP response headers after 142.2676ms - 200
[11:21:23 INF] End processing HTTP request after 142.5917ms - 200
[11:21:23 INF] http://192.168.1.62:18186/api/app/gismodel/QueryModelInfo?LightweightName=202308261422300344BIM/GIS轻量化状态:{"code":1,"codeMsg":"查询成功","datas":[{"name":"倾斜摄影(ue)","lightweightName":"202308261422300344","transcodingInfo":"","initiatingUser":"","uniqueCode":"","fileType":"","creationTime":"2023-08-26T14:22:40.76134","startTime":null,"executionTime":null,"completionTime":"2023-08-26T14:25:42.795398","priority":203,"modelDownloadUrl":"","modelUploadUrl":"","modelAccessAddress":"http://127.0.0.1:18186/Tools/output/model/202308261422300344/tileset.json","modelUploadSiteAddress":"http://127.0.0.1:18186","otherInfo":"","callbackInterfaceURL":null,"alertMailAddress":null,"sourceFileName":"NYJ1116.zip","lastStatus":null,"status":100,"statusDescription":"轻量化成功","configJson":null,"pointCloudConfigJson":null,"fileOwnership":"OSGB","isNotVerifyFormat":false,"lightweightDuration":0,"id":3}],"dataCount":0}
[11:21:23 DBG] Added 0 entity changes to the current audit log
[11:21:23 DBG] Added 0 entity changes to the current audit log
[11:21:23 INF] Start processing HTTP request POST http://192.168.1.62:18186/api/app/model/syncdbtodatabase
[11:21:23 INF] Sending HTTP request POST http://192.168.1.62:18186/api/app/model/syncdbtodatabase
[11:21:23 INF] Received HTTP response headers after 76.1674ms - 200
[11:21:23 INF] End processing HTTP request after 76.4771ms - 200
[11:21:23 INF] http://192.168.1.62:18186/api/app/model/syncdbtodatabase同步数据{"code":0,"codeMsg":"此db文件不存在,请确认","datas":null,"dataCount":0}
[11:21:23 INF] Credentials validated for username: user
[11:21:23 INF] {"Username": "user", "Provider": null, "ProviderUserId": null, "SubjectId": "b29944e7-b476-4872-a20e-58e29aa62946", "DisplayName": null, "Endpoint": "Token", "ClientId": "Design_BIM", "Category": "Authentication", "Name": "User Login Success", "EventType": "Success", "Id": 1000, "Message": null, "ActivityId": "80000014-0003-fa00-b63f-84710c7967bb", "TimeStamp": "2023-08-30T03:21:23.0000000Z", "ProcessId": 13200, "LocalIpAddress": "::1:44310", "RemoteIpAddress": "::1", "$type": "UserLoginSuccessEvent"}
[11:21:23 DBG] Resource owner password token request validation success.
[11:21:23 INF] Token request validation success, {"ClientId": "Design_BIM", "ClientName": "Design_BIM", "GrantType": "password", "Scopes": "Design", "AuthorizationCode": "********", "RefreshToken": "********", "UserName": "user", "AuthenticationContextReferenceClasses": null, "Tenant": null, "IdP": null, "Raw": {"grant_type": "password", "scope": "Design", "client_id": "Design_BIM", "client_secret": "***REDACTED***", "username": "user", "password": "***REDACTED***"}, "$type": "TokenRequestValidationLog"}
[11:21:23 DBG] Getting claims for access token for client: Design_BIM
[11:21:23 DBG] Getting claims for access token for subject: b29944e7-b476-4872-a20e-58e29aa62946
[11:21:23 INF] {"ClientId": "Design_BIM", "ClientName": "Design_BIM", "RedirectUri": null, "Endpoint": "Token", "SubjectId": "b29944e7-b476-4872-a20e-58e29aa62946", "Scopes": "Design", "GrantType": "password", "Tokens": [{"TokenType": "access_token", "TokenValue": "****houg", "$type": "Token"}], "Category": "Token", "Name": "Token Issued Success", "EventType": "Success", "Id": 2000, "Message": null, "ActivityId": "80000014-0003-fa00-b63f-84710c7967bb", "TimeStamp": "2023-08-30T03:21:23.0000000Z", "ProcessId": 13200, "LocalIpAddress": "::1:44310", "RemoteIpAddress": "::1", "$type": "TokenIssuedSuccessEvent"}
[11:21:23 DBG] Token request success.
[11:21:23 INF] Request finished HTTP/2 POST https://localhost:44310/connect/token application/x-www-form-urlencoded 107 - 200 - application/json;+charset=UTF-8 1366.8631ms
[11:21:23 INF] Request starting HTTP/2 GET https://localhost:44310/api/identity/my-profile - -
[11:21:23 INF] CORS policy execution successful.
[11:21:23 INF] Successfully validated the token.
[11:21:23 DBG] CORS request made for path: /api/identity/my-profile from origin: http://localhost:8200 but was ignored because path was not for an allowed IdentityServer CORS endpoint
[11:21:23 INF] No CORS policy found for the specified request.
[11:21:23 INF] Executing endpoint 'Volo.Abp.Identity.ProfileController.GetAsync (Volo.Abp.Identity.HttpApi)'
[11:21:23 INF] Route matched with {area = "identity", controller = "Profile", action = "Get", page = ""}. Executing controller action with signature System.Threading.Tasks.Task`1[Volo.Abp.Identity.ProfileDto] GetAsync() on controller Volo.Abp.Identity.ProfileController (Volo.Abp.Identity.HttpApi).
[11:21:23 INF] Authorization was successful.
[11:21:23 INF] Authorization was successful.
[11:21:24 DBG] PermissionStore.GetCacheItemAsync: pn:U,pk:b29944e7-b476-4872-a20e-58e29aa62946,n:AbpIdentity.Roles.ManagePermissions
[11:21:24 DBG] Not found in the cache: pn:U,pk:b29944e7-b476-4872-a20e-58e29aa62946,n:AbpIdentity.Roles.ManagePermissions
[11:21:24 DBG] Getting all granted permissions from the repository for this provider name,key: U,b29944e7-b476-4872-a20e-58e29aa62946
[11:21:24 DBG] Setting the cache items. Count: 64
[11:21:24 DBG] Finished setting the cache items. Count: 64
[11:21:24 DBG] PermissionStore.GetCacheItemAsync: pn:R,pk:system,n:AbpIdentity.Roles.ManagePermissions
[11:21:24 DBG] Not found in the cache: pn:R,pk:system,n:AbpIdentity.Roles.ManagePermissions
[11:21:24 DBG] Getting all granted permissions from the repository for this provider name,key: R,system
[11:21:24 DBG] Setting the cache items. Count: 64
[11:21:24 DBG] Finished setting the cache items. Count: 64
[11:21:24 DBG] PermissionStore.GetCacheItemAsync: pn:C,pk:Design_BIM,n:AbpIdentity.Roles.ManagePermissions
[11:21:24 DBG] Not found in the cache: pn:C,pk:Design_BIM,n:AbpIdentity.Roles.ManagePermissions
[11:21:24 DBG] Getting all granted permissions from the repository for this provider name,key: C,Design_BIM
[11:21:24 DBG] Setting the cache items. Count: 64
[11:21:24 DBG] Finished setting the cache items. Count: 64
[11:21:24 INF] Authorization was successful.
[11:21:24 INF] Executing ObjectResult, writing value of type 'Volo.Abp.Identity.ProfileDto'.
[11:21:24 INF] Executed action Volo.Abp.Identity.ProfileController.GetAsync (Volo.Abp.Identity.HttpApi) in 309.9981ms
[11:21:24 INF] Executed endpoint 'Volo.Abp.Identity.ProfileController.GetAsync (Volo.Abp.Identity.HttpApi)'
[11:21:24 INF] Request finished HTTP/2 GET https://localhost:44310/api/identity/my-profile - - - 200 - application/json;+charset=utf-8 315.8820ms
[11:21:25 INF] Request starting HTTP/2 OPTIONS https://localhost:44310/api/app/dictionary/parent?parent=year - -
[11:21:25 INF] CORS policy execution successful.
[11:21:25 INF] Request starting HTTP/2 OPTIONS https://localhost:44310/api/app/system-role/list?maxResultCount=10&skipCount=0&sorting=&RoleType=%E9%A1%B9%E7%9B%AE%E7%BA%A7&pageSize=10&pageNo=1 - -
[11:21:25 INF] Request starting HTTP/2 OPTIONS https://localhost:44310/api/app/project?year=0&skipCount=0&maxResultCount=10 - -
[11:21:25 INF] CORS policy execution successful.
[11:21:25 INF] Request finished HTTP/2 OPTIONS https://localhost:44310/api/app/dictionary/parent?parent=year - - - 204 - - 2.2801ms
[11:21:25 INF] Request finished HTTP/2 OPTIONS https://localhost:44310/api/app/project?year=0&skipCount=0&maxResultCount=10 - - - 204 - - 3.5291ms
[11:21:25 INF] CORS policy execution successful.
[11:21:25 INF] Request finished HTTP/2 OPTIONS https://localhost:44310/api/app/system-role/list?maxResultCount=10&skipCount=0&sorting=&RoleType=%E9%A1%B9%E7%9B%AE%E7%BA%A7&pageSize=10&pageNo=1 - - - 204 - - 3.7426ms
[11:21:25 INF] Request starting HTTP/2 GET https://localhost:44310/api/app/dictionary/parent?parent=year - -
[11:21:25 INF] Request starting HTTP/2 GET https://localhost:44310/api/app/project?year=0&skipCount=0&maxResultCount=10 - -
[11:21:25 INF] CORS policy execution successful.
[11:21:25 INF] CORS policy execution successful.
[11:21:25 INF] Request starting HTTP/2 GET https://localhost:44310/api/app/system-role/list?maxResultCount=10&skipCount=0&sorting=&RoleType=%E9%A1%B9%E7%9B%AE%E7%BA%A7&pageSize=10&pageNo=1 - -
[11:21:25 INF] CORS policy execution successful.
[11:21:25 INF] Successfully validated the token.
[11:21:25 DBG] CORS request made for path: /api/app/dictionary/parent from origin: http://localhost:8200 but was ignored because path was not for an allowed IdentityServer CORS endpoint
[11:21:25 INF] No CORS policy found for the specified request.
[11:21:25 INF] Successfully validated the token.
[11:21:25 DBG] CORS request made for path: /api/app/project from origin: http://localhost:8200 but was ignored because path was not for an allowed IdentityServer CORS endpoint
[11:21:25 INF] No CORS policy found for the specified request.
[11:21:25 INF] Successfully validated the token.
[11:21:25 DBG] CORS request made for path: /api/app/system-role/list from origin: http://localhost:8200 but was ignored because path was not for an allowed IdentityServer CORS endpoint
[11:21:25 INF] No CORS policy found for the specified request.
[11:21:25 INF] Authorization was successful.
[11:21:25 INF] Authorization was successful.
[11:21:25 INF] Authorization was successful.
[11:21:25 INF] Executing endpoint 'Glendale.Design.Services.ProjectService.GetListAsync (Glendale.Design.Application)'
[11:21:25 INF] Executing endpoint 'Glendale.Design.Services.DictionaryService.GetParentAsync (Glendale.Design.Application)'
[11:21:25 INF] Executing endpoint 'Glendale.Design.Services.SystemRoleAppService.GetAllListAsync (Glendale.Design.Application)'
[11:21:25 INF] Route matched with {action = "GetParent", controller = "Dictionary", area = "", page = ""}. Executing controller action with signature System.Threading.Tasks.Task`1[System.Collections.Generic.IEnumerable`1[Glendale.Design.Dtos.Dictionary.DictionaryListDto]] GetParentAsync(System.String) on controller Glendale.Design.Services.DictionaryService (Glendale.Design.Application).
[11:21:25 INF] Route matched with {action = "GetAllList", controller = "SystemRole", area = "", page = ""}. Executing controller action with signature System.Threading.Tasks.Task`1[System.Collections.Generic.List`1[Volo.Abp.Identity.IdentityRoleDto]] GetAllListAsync(Glendale.Design.Dtos.Role.GetListIdentityRolesInput) on controller Glendale.Design.Services.SystemRoleAppService (Glendale.Design.Application).
[11:21:25 INF] Route matched with {action = "GetList", controller = "Project", area = "", page = ""}. Executing controller action with signature System.Threading.Tasks.Task`1[Volo.Abp.Application.Dtos.PagedResultDto`1[Glendale.Design.Dtos.Project.ProjectListDto]] GetListAsync(Glendale.Design.Dtos.Project.GetListProjectInput) on controller Glendale.Design.Services.ProjectService (Glendale.Design.Application).
[11:21:25 INF] Executing ObjectResult, writing value of type 'System.Collections.Generic.List`1[[Glendale.Design.Dtos.Dictionary.DictionaryListDto, Glendale.Design.Application.Contracts, Version=1.0.0.0, Culture=neutral, PublicKeyToken=null]]'.
[11:21:25 INF] Executed action Glendale.Design.Services.DictionaryService.GetParentAsync (Glendale.Design.Application) in 53.1217ms
[11:21:25 INF] Executed endpoint 'Glendale.Design.Services.DictionaryService.GetParentAsync (Glendale.Design.Application)'
[11:21:25 INF] Executing ObjectResult, writing value of type 'System.Collections.Generic.List`1[[Volo.Abp.Identity.IdentityRoleDto, Volo.Abp.Identity.Application.Contracts, Version=4.4.4.0, Culture=neutral, PublicKeyToken=null]]'.
[11:21:25 INF] Executed action Glendale.Design.Services.SystemRoleAppService.GetAllListAsync (Glendale.Design.Application) in 50.8363ms
[11:21:25 INF] Executed endpoint 'Glendale.Design.Services.SystemRoleAppService.GetAllListAsync (Glendale.Design.Application)'
[11:21:25 INF] Request finished HTTP/2 GET https://localhost:44310/api/app/dictionary/parent?parent=year - - - 200 - application/json;+charset=utf-8 65.8638ms
[11:21:25 INF] Request finished HTTP/2 GET https://localhost:44310/api/app/system-role/list?maxResultCount=10&skipCount=0&sorting=&RoleType=%E9%A1%B9%E7%9B%AE%E7%BA%A7&pageSize=10&pageNo=1 - - - 200 - application/json;+charset=utf-8 65.6279ms
[11:21:25 INF] Authorization was successful.
[11:21:25 INF] Executing ObjectResult, writing value of type 'Volo.Abp.Application.Dtos.PagedResultDto`1[[Glendale.Design.Dtos.Project.ProjectListDto, Glendale.Design.Application.Contracts, Version=1.0.0.0, Culture=neutral, PublicKeyToken=null]]'.
[11:21:25 INF] Executed action Glendale.Design.Services.ProjectService.GetListAsync (Glendale.Design.Application) in 485.166ms
[11:21:25 INF] Executed endpoint 'Glendale.Design.Services.ProjectService.GetListAsync (Glendale.Design.Application)'
[11:21:25 INF] Request finished HTTP/2 GET https://localhost:44310/api/app/project?year=0&skipCount=0&maxResultCount=10 - - - 200 - application/json;+charset=utf-8 504.0091ms
[11:21:26 INF] Request starting HTTP/2 OPTIONS https://localhost:44310/api/identity/my-profile - -
[11:21:26 INF] CORS policy execution successful.
[11:21:26 INF] Request finished HTTP/2 OPTIONS https://localhost:44310/api/identity/my-profile - - - 204 - - 1.0128ms
[11:21:26 INF] Request starting HTTP/2 GET https://localhost:44310/api/identity/my-profile - -
[11:21:26 INF] CORS policy execution successful.
[11:21:26 INF] Successfully validated the token.
[11:21:26 DBG] CORS request made for path: /api/identity/my-profile from origin: http://localhost:8200 but was ignored because path was not for an allowed IdentityServer CORS endpoint
[11:21:26 INF] No CORS policy found for the specified request.
[11:21:26 INF] Executing endpoint 'Volo.Abp.Identity.ProfileController.GetAsync (Volo.Abp.Identity.HttpApi)'
[11:21:26 INF] Route matched with {area = "identity", controller = "Profile", action = "Get", page = ""}. Executing controller action with signature System.Threading.Tasks.Task`1[Volo.Abp.Identity.ProfileDto] GetAsync() on controller Volo.Abp.Identity.ProfileController (Volo.Abp.Identity.HttpApi).
[11:21:26 INF] Authorization was successful.
[11:21:26 INF] Authorization was successful.
[11:21:26 DBG] PermissionStore.GetCacheItemAsync: pn:U,pk:b29944e7-b476-4872-a20e-58e29aa62946,n:AbpIdentity.Roles.ManagePermissions
[11:21:26 DBG] Found in the cache: pn:U,pk:b29944e7-b476-4872-a20e-58e29aa62946,n:AbpIdentity.Roles.ManagePermissions
[11:21:26 DBG] PermissionStore.GetCacheItemAsync: pn:R,pk:system,n:AbpIdentity.Roles.ManagePermissions
[11:21:26 DBG] Found in the cache: pn:R,pk:system,n:AbpIdentity.Roles.ManagePermissions
[11:21:26 DBG] PermissionStore.GetCacheItemAsync: pn:C,pk:Design_BIM,n:AbpIdentity.Roles.ManagePermissions
[11:21:26 DBG] Found in the cache: pn:C,pk:Design_BIM,n:AbpIdentity.Roles.ManagePermissions
[11:21:26 INF] Authorization was successful.
[11:21:27 INF] Executing ObjectResult, writing value of type 'Volo.Abp.Identity.ProfileDto'.
[11:21:27 INF] Executed action Volo.Abp.Identity.ProfileController.GetAsync (Volo.Abp.Identity.HttpApi) in 96.9298ms
[11:21:27 INF] Executed endpoint 'Volo.Abp.Identity.ProfileController.GetAsync (Volo.Abp.Identity.HttpApi)'
[11:21:27 INF] Request finished HTTP/2 GET https://localhost:44310/api/identity/my-profile - - - 200 - application/json;+charset=utf-8 104.2392ms
[11:21:27 INF] Request starting HTTP/2 OPTIONS https://localhost:44310/api/app/project/3a0abfce-3b33-6958-4cb0-d6b14b8e3250 - -
[11:21:27 INF] CORS policy execution successful.
[11:21:27 INF] Request finished HTTP/2 OPTIONS https://localhost:44310/api/app/project/3a0abfce-3b33-6958-4cb0-d6b14b8e3250 - - - 204 - - 0.9057ms
[11:21:27 INF] Request starting HTTP/2 GET https://localhost:44310/api/app/project/3a0abfce-3b33-6958-4cb0-d6b14b8e3250 - -
[11:21:27 INF] CORS policy execution successful.
[11:21:27 INF] Successfully validated the token.
[11:21:27 DBG] CORS request made for path: /api/app/project/3a0abfce-3b33-6958-4cb0-d6b14b8e3250 from origin: http://localhost:8200 but was ignored because path was not for an allowed IdentityServer CORS endpoint
[11:21:27 INF] No CORS policy found for the specified request.
[11:21:27 INF] Authorization was successful.
[11:21:27 INF] Executing endpoint 'Glendale.Design.Services.ProjectService.GetAsync (Glendale.Design.Application)'
[11:21:27 INF] Route matched with {action = "Get", controller = "Project", area = "", page = ""}. Executing controller action with signature System.Threading.Tasks.Task`1[Glendale.Design.Dtos.Project.ProjectDto] GetAsync(System.Guid) on controller Glendale.Design.Services.ProjectService (Glendale.Design.Application).
[11:21:27 INF] Authorization was successful.
[11:21:27 INF] Executing ObjectResult, writing value of type 'Glendale.Design.Dtos.Project.ProjectDto'.
[11:21:27 INF] Executed action Glendale.Design.Services.ProjectService.GetAsync (Glendale.Design.Application) in 17.5509ms
[11:21:27 INF] Executed endpoint 'Glendale.Design.Services.ProjectService.GetAsync (Glendale.Design.Application)'
[11:21:27 INF] Request finished HTTP/2 GET https://localhost:44310/api/app/project/3a0abfce-3b33-6958-4cb0-d6b14b8e3250 - - - 200 - application/json;+charset=utf-8 23.7700ms
[11:21:27 INF] Request starting HTTP/2 OPTIONS https://localhost:44310/api/app/project-folder/trees/3a0abfce-3b33-6958-4cb0-d6b14b8e3250 - -
[11:21:27 INF] CORS policy execution successful.
[11:21:27 INF] Request finished HTTP/2 OPTIONS https://localhost:44310/api/app/project-folder/trees/3a0abfce-3b33-6958-4cb0-d6b14b8e3250 - - - 204 - - 16.0067ms
[11:21:27 INF] Request starting HTTP/2 GET https://localhost:44310/api/app/project-folder/trees/3a0abfce-3b33-6958-4cb0-d6b14b8e3250 - -
[11:21:27 INF] CORS policy execution successful.
[11:21:27 INF] Successfully validated the token.
[11:21:27 DBG] CORS request made for path: /api/app/project-folder/trees/3a0abfce-3b33-6958-4cb0-d6b14b8e3250 from origin: http://localhost:8200 but was ignored because path was not for an allowed IdentityServer CORS endpoint
[11:21:27 INF] No CORS policy found for the specified request.
[11:21:27 INF] Authorization was successful.
[11:21:27 INF] Executing endpoint 'Glendale.Design.Services.ProjectFolderService.GetTreesAsync (Glendale.Design.Application)'
[11:21:27 INF] Route matched with {action = "GetTrees", controller = "ProjectFolder", area = "", page = ""}. Executing controller action with signature System.Threading.Tasks.Task`1[System.Collections.Generic.IEnumerable`1[Glendale.Design.Dtos.TreeDto]] GetTreesAsync(System.Guid) on controller Glendale.Design.Services.ProjectFolderService (Glendale.Design.Application).
[11:21:27 INF] Executing ObjectResult, writing value of type 'System.Collections.Generic.List`1[[Glendale.Design.Dtos.TreeDto, Glendale.Design.Application.Contracts, Version=1.0.0.0, Culture=neutral, PublicKeyToken=null]]'.
[11:21:27 INF] Executed action Glendale.Design.Services.ProjectFolderService.GetTreesAsync (Glendale.Design.Application) in 548.6828ms
[11:21:27 INF] Executed endpoint 'Glendale.Design.Services.ProjectFolderService.GetTreesAsync (Glendale.Design.Application)'
[11:21:27 INF] Request finished HTTP/2 GET https://localhost:44310/api/app/project-folder/trees/3a0abfce-3b33-6958-4cb0-d6b14b8e3250 - - - 200 - application/json;+charset=utf-8 563.9600ms
[11:21:27 INF] Request starting HTTP/2 OPTIONS https://localhost:44310/api/app/document?documentType=1&documentType=2&documentType=3&sorting=creationTime%20desc&projectId=3a0abfce-3b33-6958-4cb0-d6b14b8e3250&projectFolderId=3a0d56a0-549b-2ad1-209b-aa80bf60eae8&MaxResultCount=10&SkipCount=0 - -
[11:21:27 INF] CORS policy execution successful.
[11:21:27 INF] Request finished HTTP/2 OPTIONS https://localhost:44310/api/app/document?documentType=1&documentType=2&documentType=3&sorting=creationTime%20desc&projectId=3a0abfce-3b33-6958-4cb0-d6b14b8e3250&projectFolderId=3a0d56a0-549b-2ad1-209b-aa80bf60eae8&MaxResultCount=10&SkipCount=0 - - - 204 - - 1.6552ms
[11:21:27 INF] Request starting HTTP/2 GET https://localhost:44310/api/app/document?documentType=1&documentType=2&documentType=3&sorting=creationTime%20desc&projectId=3a0abfce-3b33-6958-4cb0-d6b14b8e3250&projectFolderId=3a0d56a0-549b-2ad1-209b-aa80bf60eae8&MaxResultCount=10&SkipCount=0 - -
[11:21:27 INF] CORS policy execution successful.
[11:21:27 INF] Successfully validated the token.
[11:21:27 DBG] CORS request made for path: /api/app/document from origin: http://localhost:8200 but was ignored because path was not for an allowed IdentityServer CORS endpoint
[11:21:27 INF] No CORS policy found for the specified request.
[11:21:27 INF] Authorization was successful.
[11:21:27 INF] Executing endpoint 'Glendale.Design.Services.DocumentService.GetListAsync (Glendale.Design.Application)'
[11:21:27 INF] Route matched with {action = "GetList", controller = "Document", area = "", page = ""}. Executing controller action with signature System.Threading.Tasks.Task`1[Volo.Abp.Application.Dtos.PagedResultDto`1[Glendale.Design.Dtos.Document.DocumentListDto]] GetListAsync(Glendale.Design.Dtos.Document.GetListDocumentInput) on controller Glendale.Design.Services.DocumentService (Glendale.Design.Application).
[11:21:27 INF] Authorization was successful.
[11:21:28 INF] Executing ObjectResult, writing value of type 'Volo.Abp.Application.Dtos.PagedResultDto`1[[Glendale.Design.Dtos.Document.DocumentListDto, Glendale.Design.Application.Contracts, Version=1.0.0.0, Culture=neutral, PublicKeyToken=null]]'.
[11:21:28 INF] Executed action Glendale.Design.Services.DocumentService.GetListAsync (Glendale.Design.Application) in 139.3869ms
[11:21:28 INF] Executed endpoint 'Glendale.Design.Services.DocumentService.GetListAsync (Glendale.Design.Application)'
[11:21:28 INF] Request finished HTTP/2 GET https://localhost:44310/api/app/document?documentType=1&documentType=2&documentType=3&sorting=creationTime%20desc&projectId=3a0abfce-3b33-6958-4cb0-d6b14b8e3250&projectFolderId=3a0d56a0-549b-2ad1-209b-aa80bf60eae8&MaxResultCount=10&SkipCount=0 - - - 200 - application/json;+charset=utf-8 152.7690ms
[11:21:28 INF] Request starting HTTP/2 GET https://localhost:44310/api/app/file/?blobName=a4e9b8f19e8947379ba618a4e06ab877 - -
[11:21:28 INF] Request starting HTTP/2 GET https://localhost:44310/api/app/file/?blobName=3a56560148ac43a1a50e5ea5e248dd9d - -
[11:21:28 INF] Request starting HTTP/2 GET https://localhost:44310/api/app/file/?blobName=293654292a1d4afaa888b6ec9452177b - -
[11:21:28 INF] Request starting HTTP/2 GET https://localhost:44310/api/app/file/?blobName=17474f92b1894f3390105f8204ef89fd - -
[11:21:28 INF] Request starting HTTP/2 GET https://localhost:44310/api/app/file/?blobName=81a352ea06244e369594973aabe1fbd3 - -
[11:21:28 INF] Executing endpoint 'Glendale.Design.Services.FileAppService.GetAsync (Glendale.Design.Application)'
[11:21:28 INF] Executing endpoint 'Glendale.Design.Services.FileAppService.GetAsync (Glendale.Design.Application)'
[11:21:28 INF] Executing endpoint 'Glendale.Design.Services.FileAppService.GetAsync (Glendale.Design.Application)'
[11:21:28 INF] Executing endpoint 'Glendale.Design.Services.FileAppService.GetAsync (Glendale.Design.Application)'
[11:21:28 INF] Executing endpoint 'Glendale.Design.Services.FileAppService.GetAsync (Glendale.Design.Application)'
[11:21:28 INF] Route matched with {action = "Get", controller = "File", area = "", page = ""}. Executing controller action with signature System.Threading.Tasks.Task`1[Microsoft.AspNetCore.Mvc.FileResult] GetAsync(System.String) on controller Glendale.Design.Services.FileAppService (Glendale.Design.Application).
[11:21:28 INF] Route matched with {action = "Get", controller = "File", area = "", page = ""}. Executing controller action with signature System.Threading.Tasks.Task`1[Microsoft.AspNetCore.Mvc.FileResult] GetAsync(System.String) on controller Glendale.Design.Services.FileAppService (Glendale.Design.Application).
[11:21:28 INF] Route matched with {action = "Get", controller = "File", area = "", page = ""}. Executing controller action with signature System.Threading.Tasks.Task`1[Microsoft.AspNetCore.Mvc.FileResult] GetAsync(System.String) on controller Glendale.Design.Services.FileAppService (Glendale.Design.Application).
[11:21:28 INF] Route matched with {action = "Get", controller = "File", area = "", page = ""}. Executing controller action with signature System.Threading.Tasks.Task`1[Microsoft.AspNetCore.Mvc.FileResult] GetAsync(System.String) on controller Glendale.Design.Services.FileAppService (Glendale.Design.Application).
[11:21:28 INF] Route matched with {action = "Get", controller = "File", area = "", page = ""}. Executing controller action with signature System.Threading.Tasks.Task`1[Microsoft.AspNetCore.Mvc.FileResult] GetAsync(System.String) on controller Glendale.Design.Services.Fil