[11:22:56 INF] Starting Glendale.Design.HttpApi.Host.
[11:23:00 INF] User profile is available. Using 'C:\Users\Administrator\AppData\Local\ASP.NET\DataProtection-Keys' as key repository and Windows DPAPI to encrypt keys at rest.
[11:23:00 INF] Loaded ABP modules:
[11:23:00 INF] - Glendale.Design.DesignHttpApiHostModule
[11:23:00 INF]   - Glendale.Design.DesignHttpApiModule
[11:23:00 INF]     - Glendale.Design.DesignApplicationContractsModule
[11:23:00 INF]       - Glendale.Design.DesignDomainSharedModule
[11:23:00 INF]         - Volo.Abp.AuditLogging.AbpAuditLoggingDomainSharedModule
[11:23:00 INF]         - Volo.Abp.BackgroundJobs.AbpBackgroundJobsDomainSharedModule
[11:23:00 INF]         - Volo.Abp.FeatureManagement.AbpFeatureManagementDomainSharedModule
[11:23:00 INF]           - Volo.Abp.Validation.AbpValidationModule
[11:23:00 INF]             - Volo.Abp.Validation.AbpValidationAbstractionsModule
[11:23:00 INF]             - Volo.Abp.Localization.AbpLocalizationModule
[11:23:00 INF]               - Volo.Abp.VirtualFileSystem.AbpVirtualFileSystemModule
[11:23:00 INF]               - Volo.Abp.Settings.AbpSettingsModule
[11:23:00 INF]                 - Volo.Abp.Localization.AbpLocalizationAbstractionsModule
[11:23:00 INF]                 - Volo.Abp.Security.AbpSecurityModule
[11:23:00 INF]                 - Volo.Abp.MultiTenancy.AbpMultiTenancyModule
[11:23:00 INF]                   - Volo.Abp.Data.AbpDataModule
[11:23:00 INF]                     - Volo.Abp.ObjectExtending.AbpObjectExtendingModule
[11:23:00 INF]                     - Volo.Abp.Uow.AbpUnitOfWorkModule
[11:23:00 INF]                     - Volo.Abp.EventBus.Abstractions.AbpEventBusAbstractionsModule
[11:23:00 INF]         - Volo.Abp.Identity.AbpIdentityDomainSharedModule
[11:23:00 INF]           - Volo.Abp.Users.AbpUsersDomainSharedModule
[11:23:00 INF]           - Volo.Abp.Features.AbpFeaturesModule
[11:23:00 INF]             - Volo.Abp.Authorization.AbpAuthorizationAbstractionsModule
[11:23:00 INF]         - Volo.Abp.IdentityServer.AbpIdentityServerDomainSharedModule
[11:23:00 INF]         - Volo.Abp.PermissionManagement.AbpPermissionManagementDomainSharedModule
[11:23:00 INF]         - Volo.Abp.SettingManagement.AbpSettingManagementDomainSharedModule
[11:23:00 INF]       - Volo.Abp.Account.AbpAccountApplicationContractsModule
[11:23:00 INF]         - Volo.Abp.Identity.AbpIdentityApplicationContractsModule
[11:23:00 INF]           - Volo.Abp.Users.AbpUsersAbstractionModule
[11:23:00 INF]             - Volo.Abp.EventBus.AbpEventBusModule
[11:23:00 INF]               - Volo.Abp.Json.AbpJsonModule
[11:23:00 INF]                 - Volo.Abp.Timing.AbpTimingModule
[11:23:00 INF]           - Volo.Abp.Authorization.AbpAuthorizationModule
[11:23:00 INF]           - Volo.Abp.PermissionManagement.AbpPermissionManagementApplicationContractsModule
[11:23:00 INF]             - Volo.Abp.Application.AbpDddApplicationContractsModule
[11:23:00 INF]               - Volo.Abp.Auditing.AbpAuditingModule
[11:23:00 INF]                 - Volo.Abp.Threading.AbpThreadingModule
[11:23:00 INF]       - Volo.Abp.FeatureManagement.AbpFeatureManagementApplicationContractsModule
[11:23:00 INF]       - Volo.Abp.SettingManagement.AbpSettingManagementApplicationContractsModule
[11:23:00 INF]     - Volo.Abp.Account.AbpAccountHttpApiModule
[11:23:00 INF]       - Volo.Abp.Identity.AbpIdentityHttpApiModule
[11:23:00 INF]         - Volo.Abp.AspNetCore.Mvc.AbpAspNetCoreMvcModule
[11:23:00 INF]           - Volo.Abp.AspNetCore.AbpAspNetCoreModule
[11:23:00 INF]             - Volo.Abp.Http.AbpHttpModule
[11:23:00 INF]               - Volo.Abp.Http.AbpHttpAbstractionsModule
[11:23:00 INF]               - Volo.Abp.Minify.AbpMinifyModule
[11:23:00 INF]             - Volo.Abp.ExceptionHandling.AbpExceptionHandlingModule
[11:23:00 INF]           - Volo.Abp.ApiVersioning.AbpApiVersioningAbstractionsModule
[11:23:00 INF]           - Volo.Abp.AspNetCore.Mvc.AbpAspNetCoreMvcContractsModule
[11:23:00 INF]           - Volo.Abp.UI.Navigation.AbpUiNavigationModule
[11:23:00 INF]             - Volo.Abp.UI.AbpUiModule
[11:23:00 INF]           - Volo.Abp.GlobalFeatures.AbpGlobalFeaturesModule
[11:23:00 INF]           - Volo.Abp.Application.AbpDddApplicationModule
[11:23:00 INF]             - Volo.Abp.Domain.AbpDddDomainModule
[11:23:00 INF]               - Volo.Abp.Guids.AbpGuidsModule
[11:23:00 INF]               - Volo.Abp.ObjectMapping.AbpObjectMappingModule
[11:23:00 INF]               - Volo.Abp.Specifications.AbpSpecificationsModule
[11:23:00 INF]     - Volo.Abp.PermissionManagement.HttpApi.AbpPermissionManagementHttpApiModule
[11:23:00 INF]     - Volo.Abp.FeatureManagement.AbpFeatureManagementHttpApiModule
[11:23:00 INF]     - Volo.Abp.SettingManagement.AbpSettingManagementHttpApiModule
[11:23:00 INF]   - Glendale.Design.DesignApplicationModule
[11:23:00 INF]     - Glendale.Design.DesignDomainModule
[11:23:00 INF]       - Volo.Abp.AuditLogging.AbpAuditLoggingDomainModule
[11:23:00 INF]       - Volo.Abp.BackgroundJobs.AbpBackgroundJobsDomainModule
[11:23:00 INF]         - Volo.Abp.BackgroundJobs.AbpBackgroundJobsModule
[11:23:00 INF]           - Volo.Abp.BackgroundJobs.AbpBackgroundJobsAbstractionsModule
[11:23:00 INF]           - Volo.Abp.BackgroundWorkers.AbpBackgroundWorkersModule
[11:23:00 INF]         - Volo.Abp.AutoMapper.AbpAutoMapperModule
[11:23:00 INF]       - Volo.Abp.FeatureManagement.AbpFeatureManagementDomainModule
[11:23:00 INF]         - Volo.Abp.Caching.AbpCachingModule
[11:23:00 INF]           - Volo.Abp.Serialization.AbpSerializationModule
[11:23:00 INF]       - Volo.Abp.Identity.AbpIdentityDomainModule
[11:23:00 INF]         - Volo.Abp.Users.AbpUsersDomainModule
[11:23:00 INF]       - Volo.Abp.PermissionManagement.Identity.AbpPermissionManagementDomainIdentityModule
[11:23:00 INF]         - Volo.Abp.PermissionManagement.AbpPermissionManagementDomainModule
[11:23:00 INF]       - Volo.Abp.IdentityServer.AbpIdentityServerDomainModule
[11:23:00 INF]       - Volo.Abp.PermissionManagement.IdentityServer.AbpPermissionManagementDomainIdentityServerModule
[11:23:00 INF]       - Volo.Abp.SettingManagement.AbpSettingManagementDomainModule
[11:23:00 INF]       - Volo.Abp.BlobStoring.AbpBlobStoringModule
[11:23:00 INF]       - Volo.Abp.Emailing.AbpEmailingModule
[11:23:00 INF]         - Volo.Abp.TextTemplating.AbpTextTemplatingModule
[11:23:00 INF]           - Volo.Abp.TextTemplating.Scriban.AbpTextTemplatingScribanModule
[11:23:00 INF]             - Volo.Abp.TextTemplating.AbpTextTemplatingCoreModule
[11:23:00 INF]     - Glendale.Design.DesignCoreModule
[11:23:00 INF]       - Volo.Abp.EntityFrameworkCore.AbpEntityFrameworkCoreModule
[11:23:00 INF]     - Volo.Abp.Account.AbpAccountApplicationModule
[11:23:00 INF]       - Volo.Abp.Identity.AbpIdentityApplicationModule
[11:23:00 INF]         - Volo.Abp.PermissionManagement.AbpPermissionManagementApplicationModule
[11:23:00 INF]     - Volo.Abp.FeatureManagement.AbpFeatureManagementApplicationModule
[11:23:00 INF]     - Volo.Abp.SettingManagement.AbpSettingManagementApplicationModule
[11:23:00 INF]   - Glendale.Design.EntityFrameworkCore.DesignEntityFrameworkCoreModule
[11:23:00 INF]     - Volo.Abp.Identity.EntityFrameworkCore.AbpIdentityEntityFrameworkCoreModule
[11:23:00 INF]       - Volo.Abp.Users.EntityFrameworkCore.AbpUsersEntityFrameworkCoreModule
[11:23:00 INF]     - Volo.Abp.IdentityServer.EntityFrameworkCore.AbpIdentityServerEntityFrameworkCoreModule
[11:23:00 INF]     - Volo.Abp.PermissionManagement.EntityFrameworkCore.AbpPermissionManagementEntityFrameworkCoreModule
[11:23:00 INF]     - Volo.Abp.SettingManagement.EntityFrameworkCore.AbpSettingManagementEntityFrameworkCoreModule
[11:23:00 INF]     - Volo.Abp.EntityFrameworkCore.MySQL.AbpEntityFrameworkCoreMySQLModule
[11:23:00 INF]     - Volo.Abp.BackgroundJobs.EntityFrameworkCore.AbpBackgroundJobsEntityFrameworkCoreModule
[11:23:00 INF]     - Volo.Abp.AuditLogging.EntityFrameworkCore.AbpAuditLoggingEntityFrameworkCoreModule
[11:23:00 INF]     - Volo.Abp.FeatureManagement.EntityFrameworkCore.AbpFeatureManagementEntityFrameworkCoreModule
[11:23:00 INF]   - Glendale.Design.EntityFrameworkCore.DesignModelEntityFrameworkCoreModule
[11:23:00 INF]   - Volo.Abp.Autofac.AbpAutofacModule
[11:23:00 INF]     - Volo.Abp.Castle.AbpCastleCoreModule
[11:23:00 INF]   - Volo.Abp.AspNetCore.Mvc.UI.Theme.Basic.AbpAspNetCoreMvcUiBasicThemeModule
[11:23:00 INF]     - Volo.Abp.AspNetCore.Mvc.UI.Theme.Shared.AbpAspNetCoreMvcUiThemeSharedModule
[11:23:00 INF]       - Volo.Abp.AspNetCore.Mvc.UI.Bootstrap.AbpAspNetCoreMvcUiBootstrapModule
[11:23:00 INF]         - Volo.Abp.AspNetCore.Mvc.UI.AbpAspNetCoreMvcUiModule
[11:23:00 INF]       - Volo.Abp.AspNetCore.Mvc.UI.Packages.AbpAspNetCoreMvcUiPackagesModule
[11:23:00 INF]         - Volo.Abp.AspNetCore.Mvc.UI.Bundling.AbpAspNetCoreMvcUiBundlingAbstractionsModule
[11:23:00 INF]       - Volo.Abp.AspNetCore.Mvc.UI.Widgets.AbpAspNetCoreMvcUiWidgetsModule
[11:23:00 INF]         - Volo.Abp.AspNetCore.Mvc.UI.Bundling.AbpAspNetCoreMvcUiBundlingModule
[11:23:00 INF]     - Volo.Abp.AspNetCore.Mvc.UI.MultiTenancy.AbpAspNetCoreMvcUiMultiTenancyModule
[11:23:00 INF]       - Volo.Abp.AspNetCore.MultiTenancy.AbpAspNetCoreMultiTenancyModule
[11:23:00 INF]   - Volo.Abp.AspNetCore.Authentication.JwtBearer.AbpAspNetCoreAuthenticationJwtBearerModule
[11:23:00 INF]   - Volo.Abp.Account.Web.AbpAccountWebIdentityServerModule
[11:23:00 INF]     - Volo.Abp.Account.Web.AbpAccountWebModule
[11:23:00 INF]       - Volo.Abp.Identity.AspNetCore.AbpIdentityAspNetCoreModule
[11:23:00 INF]   - Volo.Abp.AspNetCore.Serilog.AbpAspNetCoreSerilogModule
[11:23:00 INF]   - Volo.Abp.Swashbuckle.AbpSwashbuckleModule
[11:23:00 INF]   - Volo.Abp.BlobStoring.FileSystem.AbpBlobStoringFileSystemModule
[11:23:00 DBG] Started background worker: Volo.Abp.BackgroundJobs.BackgroundJobWorker
[11:23:00 DBG] Started background worker: Volo.Abp.IdentityServer.Tokens.TokenCleanupBackgroundWorker
[11:23:00 DBG] Started background worker: Glendale.Design.Jobs.ModelStateCheckerWorker
[11:23:00 DBG] Started background worker: Glendale.Design.Jobs.CADStateCheckerWorker
[11:23:00 INF] Starting IdentityServer4 version 4.1.1+cebd52f5bc61bdefc262fd20739d4d087c6f961f
[11:23:01 INF] Using the default authentication scheme Identity.Application for IdentityServer
[11:23:01 DBG] Using Identity.Application as default ASP.NET Core scheme for authentication
[11:23:01 DBG] Using Identity.External as default ASP.NET Core scheme for sign-in
[11:23:01 DBG] Using Identity.External as default ASP.NET Core scheme for sign-out
[11:23:01 DBG] Using Identity.Application as default ASP.NET Core scheme for challenge
[11:23:01 DBG] Using Identity.Application as default ASP.NET Core scheme for forbid
[11:23:01 DBG] sharding core starting......
[11:23:01 DBG] Glendale.Design.EntityFrameworkCore.DesignModelDbContext  start init......
info: Microsoft.EntityFrameworkCore.Database.Command[20101]
      Executed DbCommand (18ms) [Parameters=[], CommandType='Text', CommandTimeout='30']
      SELECT CASE WHEN COUNT(*) = 0 THEN FALSE ELSE TRUE END
      FROM information_schema.tables
      WHERE table_type = 'BASE TABLE' AND table_schema = 'ueDemoData_Model'
[11:23:04 WRN] Entity 'Combine' has a global query filter defined and is the required end of a relationship with the entity 'CombineFlatten'. This may lead to unexpected results when the required entity is filtered out. Either configure the navigation as optional, or define matching query filters for both entities in the navigation. See https://go.microsoft.com/fwlink/?linkid=2131316 for more information.
[11:23:04 WRN] Entity 'Combine' has a global query filter defined and is the required end of a relationship with the entity 'CombineLog'. This may lead to unexpected results when the required entity is filtered out. Either configure the navigation as optional, or define matching query filters for both entities in the navigation. See https://go.microsoft.com/fwlink/?linkid=2131316 for more information.
[11:23:04 WRN] Entity 'Document' has a global query filter defined and is the required end of a relationship with the entity 'DocumentLog'. This may lead to unexpected results when the required entity is filtered out. Either configure the navigation as optional, or define matching query filters for both entities in the navigation. See https://go.microsoft.com/fwlink/?linkid=2131316 for more information.
[11:23:04 WRN] Entity 'DocumentVersion' has a global query filter defined and is the required end of a relationship with the entity 'DocumentVerThan'. This may lead to unexpected results when the required entity is filtered out. Either configure the navigation as optional, or define matching query filters for both entities in the navigation. See https://go.microsoft.com/fwlink/?linkid=2131316 for more information.
[11:23:04 WRN] Entity 'Message' has a global query filter defined and is the required end of a relationship with the entity 'MessageReceive'. This may lead to unexpected results when the required entity is filtered out. Either configure the navigation as optional, or define matching query filters for both entities in the navigation. See https://go.microsoft.com/fwlink/?linkid=2131316 for more information.
[11:23:04 WRN] Entity 'Project' has a global query filter defined and is the required end of a relationship with the entity 'ProjectFolder'. This may lead to unexpected results when the required entity is filtered out. Either configure the navigation as optional, or define matching query filters for both entities in the navigation. See https://go.microsoft.com/fwlink/?linkid=2131316 for more information.
[11:23:04 WRN] Entity 'IdentityUser' has a global query filter defined and is the required end of a relationship with the entity 'ProjectFolderUser'. This may lead to unexpected results when the required entity is filtered out. Either configure the navigation as optional, or define matching query filters for both entities in the navigation. See https://go.microsoft.com/fwlink/?linkid=2131316 for more information.
[11:23:04 WRN] Entity 'Project' has a global query filter defined and is the required end of a relationship with the entity 'ProjectImage'. This may lead to unexpected results when the required entity is filtered out. Either configure the navigation as optional, or define matching query filters for both entities in the navigation. See https://go.microsoft.com/fwlink/?linkid=2131316 for more information.
[11:23:04 WRN] Entity 'Project' has a global query filter defined and is the required end of a relationship with the entity 'ProjectUser'. This may lead to unexpected results when the required entity is filtered out. Either configure the navigation as optional, or define matching query filters for both entities in the navigation. See https://go.microsoft.com/fwlink/?linkid=2131316 for more information.
[11:23:04 DBG] Glendale.Design.EntityFrameworkCore.DesignModelDbContext  complete init
[11:23:04 INF] Initialized all ABP modules.
[11:23:04 INF] Application started. Press Ctrl+C to shut down.
[11:23:04 INF] Hosting environment: Development
[11:23:04 INF] Content root path: D:\最新版一键安装包\github\源码\服务器端引擎示例demo源码\net-core_uedemo\src\Glendale.Design.HttpApi.Host
[11:23:04 INF] Request starting HTTP/2 GET https://localhost:44310/ - -
[11:23:05 DBG] Login Url: /Account/Login
[11:23:05 DBG] Login Return Url Parameter: ReturnUrl
[11:23:05 DBG] Logout Url: /Account/Logout
[11:23:05 DBG] ConsentUrl Url: /Consent
[11:23:05 DBG] Consent Return Url Parameter: returnUrl
[11:23:05 DBG] Error Url: /Account/Error
[11:23:05 DBG] Error Id Parameter: errorId
[11:23:05 INF] Executing endpoint 'Glendale.Design.Controllers.HomeController.Index (Glendale.Design.HttpApi.Host)'
[11:23:05 INF] Route matched with {action = "Index", controller = "Home", area = "", page = ""}. Executing controller action with signature Microsoft.AspNetCore.Mvc.ActionResult Index() on controller Glendale.Design.Controllers.HomeController (Glendale.Design.HttpApi.Host).
[11:23:05 INF] Executing RedirectResult, redirecting to /swagger.
[11:23:05 INF] Executed action Glendale.Design.Controllers.HomeController.Index (Glendale.Design.HttpApi.Host) in 19.3887ms
[11:23:05 INF] Executed endpoint 'Glendale.Design.Controllers.HomeController.Index (Glendale.Design.HttpApi.Host)'
[11:23:05 INF] Request starting HTTP/2 GET https://localhost:44310/swagger - -
[11:23:05 INF] Request finished HTTP/2 GET https://localhost:44310/ - - - 302 - - 707.6028ms
[11:23:05 INF] Request finished HTTP/2 GET https://localhost:44310/swagger - - - 301 - - 6.7701ms
[11:23:05 INF] Request starting HTTP/2 GET https://localhost:44310/swagger/index.html - -
[11:23:05 INF] Request finished HTTP/2 GET https://localhost:44310/swagger/index.html - - - 200 - text/html;charset=utf-8 60.5857ms
[11:23:05 INF] Request starting HTTP/2 GET https://localhost:44310/swagger/ui/abp.js - -
[11:23:05 INF] Request starting HTTP/2 GET https://localhost:44310/swagger/swagger-ui-bundle.js - -
[11:23:05 INF] Request starting HTTP/2 GET https://localhost:44310/swagger/swagger-ui.css - -
[11:23:05 INF] Request starting HTTP/2 GET https://localhost:44310/swagger/ui/abp.swagger.js - -
[11:23:05 INF] Request starting HTTP/2 GET https://localhost:44310/swagger/swagger-ui-standalone-preset.js - -
[11:23:05 INF] Request starting HTTP/2 GET https://localhost:44310/_framework/aspnetcore-browser-refresh.js - -
[11:23:05 INF] Sending file. Request path: '/swagger/ui/abp.js'. Physical path: 'N/A'
[11:23:05 INF] Sending file. Request path: '/swagger/ui/abp.swagger.js'. Physical path: 'N/A'
[11:23:05 INF] Request finished HTTP/2 GET https://localhost:44310/_framework/aspnetcore-browser-refresh.js - - - 200 3103 application/javascript;+charset=utf-8 5.1436ms
[11:23:05 INF] Request finished HTTP/2 GET https://localhost:44310/swagger/ui/abp.swagger.js - - - 200 1026 application/javascript 7.1182ms
[11:23:05 INF] Request finished HTTP/2 GET https://localhost:44310/swagger/ui/abp.js - - - 200 3025 application/javascript 8.2288ms
[11:23:05 INF] Sending file. Request path: '/swagger-ui.css'. Physical path: 'N/A'
[11:23:05 INF] Sending file. Request path: '/swagger-ui-standalone-preset.js'. Physical path: 'N/A'
[11:23:05 INF] Sending file. Request path: '/swagger-ui-bundle.js'. Physical path: 'N/A'
[11:23:05 INF] Request finished HTTP/2 GET https://localhost:44310/swagger/swagger-ui.css - - - 200 143410 text/css 27.5117ms
[11:23:05 INF] Request finished HTTP/2 GET https://localhost:44310/swagger/swagger-ui-standalone-preset.js - - - 200 336841 application/javascript 36.5338ms
[11:23:05 INF] Request finished HTTP/2 GET https://localhost:44310/swagger/swagger-ui-bundle.js - - - 200 1097461 application/javascript 65.0087ms
[11:23:05 INF] Request starting HTTP/2 GET https://localhost:44310/swagger/v1/swagger.json - -
[11:23:06 INF] Request finished HTTP/2 GET https://localhost:44310/swagger/v1/swagger.json - - - 200 - application/json;charset=utf-8 581.9535ms
[11:23:31 INF] Request starting HTTP/2 OPTIONS https://localhost:44310/api/app/project/3a0abfce-3b33-6958-4cb0-d6b14b8e3250 - -
[11:23:31 INF] CORS policy execution successful.
[11:23:31 INF] Request finished HTTP/2 OPTIONS https://localhost:44310/api/app/project/3a0abfce-3b33-6958-4cb0-d6b14b8e3250 - - - 204 - - 6.2085ms
[11:23:31 INF] Request starting HTTP/2 GET https://localhost:44310/api/app/project/3a0abfce-3b33-6958-4cb0-d6b14b8e3250 - -
[11:23:31 INF] CORS policy execution successful.
[11:23:31 INF] Request starting HTTP/1.1 GET https://localhost:44310/.well-known/openid-configuration - -
[11:23:31 DBG] Request path /.well-known/openid-configuration matched to endpoint type Discovery
[11:23:31 DBG] Endpoint enabled: Discovery, successfully created handler: IdentityServer4.Endpoints.DiscoveryEndpoint
[11:23:31 INF] Invoking IdentityServer endpoint: IdentityServer4.Endpoints.DiscoveryEndpoint for /.well-known/openid-configuration
[11:23:31 DBG] Start discovery request
[11:23:31 INF] Request finished HTTP/1.1 GET https://localhost:44310/.well-known/openid-configuration - - - 200 - application/json;+charset=UTF-8 597.7926ms
[11:23:31 INF] Request starting HTTP/1.1 GET https://localhost:44310/.well-known/openid-configuration/jwks - -
[11:23:31 DBG] Request path /.well-known/openid-configuration/jwks matched to endpoint type Discovery
[11:23:31 DBG] Endpoint enabled: Discovery, successfully created handler: IdentityServer4.Endpoints.DiscoveryKeyEndpoint
[11:23:31 INF] Invoking IdentityServer endpoint: IdentityServer4.Endpoints.DiscoveryKeyEndpoint for /.well-known/openid-configuration/jwks
[11:23:31 DBG] Start key discovery request
[11:23:31 INF] Request finished HTTP/1.1 GET https://localhost:44310/.well-known/openid-configuration/jwks - - - 200 - application/json;+charset=UTF-8 15.9659ms
[11:23:31 INF] Successfully validated the token.
[11:23:31 DBG] CORS request made for path: /api/app/project/3a0abfce-3b33-6958-4cb0-d6b14b8e3250 from origin: http://localhost:8200 but was ignored because path was not for an allowed IdentityServer CORS endpoint
[11:23:31 INF] No CORS policy found for the specified request.
[11:23:31 INF] Authorization was successful.
[11:23:31 INF] Executing endpoint 'Glendale.Design.Services.ProjectService.GetAsync (Glendale.Design.Application)'
[11:23:31 INF] Route matched with {action = "Get", controller = "Project", area = "", page = ""}. Executing controller action with signature System.Threading.Tasks.Task`1[Glendale.Design.Dtos.Project.ProjectDto] GetAsync(System.Guid) on controller Glendale.Design.Services.ProjectService (Glendale.Design.Application).
[11:23:32 INF] Authorization was successful.
[11:23:32 WRN] The query uses a row limiting operator ('Skip'/'Take') without an 'OrderBy' operator. This may lead to unpredictable results.
[11:23:32 WRN] The query uses a row limiting operator ('Skip'/'Take') without an 'OrderBy' operator. This may lead to unpredictable results.
[11:23:32 INF] Executing ObjectResult, writing value of type 'Glendale.Design.Dtos.Project.ProjectDto'.
[11:23:32 INF] Executed action Glendale.Design.Services.ProjectService.GetAsync (Glendale.Design.Application) in 769.3753ms
[11:23:32 INF] Executed endpoint 'Glendale.Design.Services.ProjectService.GetAsync (Glendale.Design.Application)'
[11:23:32 INF] Request finished HTTP/2 GET https://localhost:44310/api/app/project/3a0abfce-3b33-6958-4cb0-d6b14b8e3250 - - - 200 - application/json;+charset=utf-8 1586.5097ms
[11:23:32 INF] Request starting HTTP/2 OPTIONS https://localhost:44310/api/identity/my-profile - -
[11:23:32 INF] CORS policy execution successful.
[11:23:32 INF] Request finished HTTP/2 OPTIONS https://localhost:44310/api/identity/my-profile - - - 204 - - 0.9554ms
[11:23:32 INF] Request starting HTTP/2 GET https://localhost:44310/api/identity/my-profile - -
[11:23:32 INF] CORS policy execution successful.
[11:23:32 INF] Successfully validated the token.
[11:23:32 DBG] CORS request made for path: /api/identity/my-profile from origin: http://localhost:8200 but was ignored because path was not for an allowed IdentityServer CORS endpoint
[11:23:32 INF] No CORS policy found for the specified request.
[11:23:32 INF] Executing endpoint 'Volo.Abp.Identity.ProfileController.GetAsync (Volo.Abp.Identity.HttpApi)'
[11:23:32 INF] Route matched with {area = "identity", controller = "Profile", action = "Get", page = ""}. Executing controller action with signature System.Threading.Tasks.Task`1[Volo.Abp.Identity.ProfileDto] GetAsync() on controller Volo.Abp.Identity.ProfileController (Volo.Abp.Identity.HttpApi).
[11:23:32 INF] Authorization was successful.
[11:23:33 INF] Authorization was successful.
[11:23:33 DBG] PermissionStore.GetCacheItemAsync: pn:U,pk:b29944e7-b476-4872-a20e-58e29aa62946,n:AbpIdentity.Roles.ManagePermissions
[11:23:33 DBG] Not found in the cache: pn:U,pk:b29944e7-b476-4872-a20e-58e29aa62946,n:AbpIdentity.Roles.ManagePermissions
[11:23:33 DBG] Getting all granted permissions from the repository for this provider name,key: U,b29944e7-b476-4872-a20e-58e29aa62946
[11:23:33 DBG] Setting the cache items. Count: 64
[11:23:33 DBG] Finished setting the cache items. Count: 64
[11:23:33 DBG] PermissionStore.GetCacheItemAsync: pn:R,pk:system,n:AbpIdentity.Roles.ManagePermissions
[11:23:33 DBG] Not found in the cache: pn:R,pk:system,n:AbpIdentity.Roles.ManagePermissions
[11:23:33 DBG] Getting all granted permissions from the repository for this provider name,key: R,system
[11:23:33 DBG] Setting the cache items. Count: 64
[11:23:33 DBG] Finished setting the cache items. Count: 64
[11:23:33 DBG] PermissionStore.GetCacheItemAsync: pn:C,pk:Design_BIM,n:AbpIdentity.Roles.ManagePermissions
[11:23:33 DBG] Not found in the cache: pn:C,pk:Design_BIM,n:AbpIdentity.Roles.ManagePermissions
[11:23:33 DBG] Getting all granted permissions from the repository for this provider name,key: C,Design_BIM
[11:23:33 DBG] Setting the cache items. Count: 64
[11:23:33 DBG] Finished setting the cache items. Count: 64
[11:23:33 INF] Authorization was successful.
[11:23:33 INF] Executing ObjectResult, writing value of type 'Volo.Abp.Identity.ProfileDto'.
[11:23:33 INF] Executed action Volo.Abp.Identity.ProfileController.GetAsync (Volo.Abp.Identity.HttpApi) in 602.321ms
[11:23:33 INF] Executed endpoint 'Volo.Abp.Identity.ProfileController.GetAsync (Volo.Abp.Identity.HttpApi)'
[11:23:33 INF] Request finished HTTP/2 GET https://localhost:44310/api/identity/my-profile - - - 200 - application/json;+charset=utf-8 615.3722ms
[11:23:33 INF] Request starting HTTP/2 OPTIONS https://localhost:44310/api/app/project-folder/trees/3a0abfce-3b33-6958-4cb0-d6b14b8e3250 - -
[11:23:33 INF] CORS policy execution successful.
[11:23:33 INF] Request finished HTTP/2 OPTIONS https://localhost:44310/api/app/project-folder/trees/3a0abfce-3b33-6958-4cb0-d6b14b8e3250 - - - 204 - - 2.0242ms
[11:23:33 INF] Request starting HTTP/2 GET https://localhost:44310/api/app/project-folder/trees/3a0abfce-3b33-6958-4cb0-d6b14b8e3250 - -
[11:23:33 INF] CORS policy execution successful.
[11:23:33 INF] Successfully validated the token.
[11:23:33 DBG] CORS request made for path: /api/app/project-folder/trees/3a0abfce-3b33-6958-4cb0-d6b14b8e3250 from origin: http://localhost:8200 but was ignored because path was not for an allowed IdentityServer CORS endpoint
[11:23:33 INF] No CORS policy found for the specified request.
[11:23:33 INF] Authorization was successful.
[11:23:33 INF] Executing endpoint 'Glendale.Design.Services.ProjectFolderService.GetTreesAsync (Glendale.Design.Application)'
[11:23:33 INF] Route matched with {action = "GetTrees", controller = "ProjectFolder", area = "", page = ""}. Executing controller action with signature System.Threading.Tasks.Task`1[System.Collections.Generic.IEnumerable`1[Glendale.Design.Dtos.TreeDto]] GetTreesAsync(System.Guid) on controller Glendale.Design.Services.ProjectFolderService (Glendale.Design.Application).
[11:23:33 INF] Executing ObjectResult, writing value of type 'System.Collections.Generic.List`1[[Glendale.Design.Dtos.TreeDto, Glendale.Design.Application.Contracts, Version=1.0.0.0, Culture=neutral, PublicKeyToken=null]]'.
[11:23:33 INF] Executed action Glendale.Design.Services.ProjectFolderService.GetTreesAsync (Glendale.Design.Application) in 302.8493ms
[11:23:33 INF] Executed endpoint 'Glendale.Design.Services.ProjectFolderService.GetTreesAsync (Glendale.Design.Application)'
[11:23:33 INF] Request finished HTTP/2 GET https://localhost:44310/api/app/project-folder/trees/3a0abfce-3b33-6958-4cb0-d6b14b8e3250 - - - 200 - application/json;+charset=utf-8 321.5460ms
[11:23:33 INF] Request starting HTTP/2 OPTIONS https://localhost:44310/api/app/document?documentType=1&documentType=2&documentType=3&sorting=creationTime%20desc&projectId=3a0abfce-3b33-6958-4cb0-d6b14b8e3250&projectFolderId=3a0d56a0-549b-2ad1-209b-aa80bf60eae8&MaxResultCount=10&SkipCount=0 - -
[11:23:33 INF] CORS policy execution successful.
[11:23:33 INF] Request finished HTTP/2 OPTIONS https://localhost:44310/api/app/document?documentType=1&documentType=2&documentType=3&sorting=creationTime%20desc&projectId=3a0abfce-3b33-6958-4cb0-d6b14b8e3250&projectFolderId=3a0d56a0-549b-2ad1-209b-aa80bf60eae8&MaxResultCount=10&SkipCount=0 - - - 204 - - 1.8459ms
[11:23:33 INF] Request starting HTTP/2 GET https://localhost:44310/api/app/document?documentType=1&documentType=2&documentType=3&sorting=creationTime%20desc&projectId=3a0abfce-3b33-6958-4cb0-d6b14b8e3250&projectFolderId=3a0d56a0-549b-2ad1-209b-aa80bf60eae8&MaxResultCount=10&SkipCount=0 - -
[11:23:33 INF] CORS policy execution successful.
[11:23:33 INF] Successfully validated the token.
[11:23:33 DBG] CORS request made for path: /api/app/document from origin: http://localhost:8200 but was ignored because path was not for an allowed IdentityServer CORS endpoint
[11:23:33 INF] No CORS policy found for the specified request.
[11:23:33 INF] Authorization was successful.
[11:23:33 INF] Executing endpoint 'Glendale.Design.Services.DocumentService.GetListAsync (Glendale.Design.Application)'
[11:23:33 INF] Route matched with {action = "GetList", controller = "Document", area = "", page = ""}. Executing controller action with signature System.Threading.Tasks.Task`1[Volo.Abp.Application.Dtos.PagedResultDto`1[Glendale.Design.Dtos.Document.DocumentListDto]] GetListAsync(Glendale.Design.Dtos.Document.GetListDocumentInput) on controller Glendale.Design.Services.DocumentService (Glendale.Design.Application).
[11:23:33 INF] Authorization was successful.
[11:23:34 INF] Executing ObjectResult, writing value of type 'Volo.Abp.Application.Dtos.PagedResultDto`1[[Glendale.Design.Dtos.Document.DocumentListDto, Glendale.Design.Application.Contracts, Version=1.0.0.0, Culture=neutral, PublicKeyToken=null]]'.
[11:23:34 INF] Executed action Glendale.Design.Services.DocumentService.GetListAsync (Glendale.Design.Application) in 417.528ms
[11:23:34 INF] Executed endpoint 'Glendale.Design.Services.DocumentService.GetListAsync (Glendale.Design.Application)'
[11:23:34 INF] Request finished HTTP/2 GET https://localhost:44310/api/app/document?documentType=1&documentType=2&documentType=3&sorting=creationTime%20desc&projectId=3a0abfce-3b33-6958-4cb0-d6b14b8e3250&projectFolderId=3a0d56a0-549b-2ad1-209b-aa80bf60eae8&MaxResultCount=10&SkipCount=0 - - - 200 - application/json;+charset=utf-8 448.4588ms
[11:23:34 INF] Request starting HTTP/2 GET https://localhost:44310/api/app/file/?blobName=a4e9b8f19e8947379ba618a4e06ab877 - -
[11:23:34 INF] Request starting HTTP/2 GET https://localhost:44310/api/app/file/?blobName=17474f92b1894f3390105f8204ef89fd - -
[11:23:34 INF] Request starting HTTP/2 GET https://localhost:44310/api/app/file/?blobName=3a56560148ac43a1a50e5ea5e248dd9d - -
[11:23:34 INF] Request starting HTTP/2 GET https://localhost:44310/api/app/file/?blobName=293654292a1d4afaa888b6ec9452177b - -
[11:23:34 INF] Request starting HTTP/2 GET https://localhost:44310/api/app/file/?blobName=81a352ea06244e369594973aabe1fbd3 - -
[11:23:34 INF] Executing endpoint 'Glendale.Design.Services.FileAppService.GetAsync (Glendale.Design.Application)'
[11:23:34 INF] Executing endpoint 'Glendale.Design.Services.FileAppService.GetAsync (Glendale.Design.Application)'
[11:23:34 INF] Executing endpoint 'Glendale.Design.Services.FileAppService.GetAsync (Glendale.Design.Application)'
[11:23:34 INF] Executing endpoint 'Glendale.Design.Services.FileAppService.GetAsync (Glendale.Design.Application)'
[11:23:34 INF] Executing endpoint 'Glendale.Design.Services.FileAppService.GetAsync (Glendale.Design.Application)'
[11:23:34 INF] Route matched with {action = "Get", controller = "File", area = "", page = ""}. Executing controller action with signature System.Threading.Tasks.Task`1[Microsoft.AspNetCore.Mvc.FileResult] GetAsync(System.String) on controller Glendale.Design.Services.FileAppService (Glendale.Design.Application).
[11:23:34 INF] Route matched with {action = "Get", controller = "File", area = "", page = ""}. Executing controller action with signature System.Threading.Tasks.Task`1[Microsoft.AspNetCore.Mvc.FileResult] GetAsync(System.String) on controller Glendale.Design.Services.FileAppService (Glendale.Design.Application).
[11:23:34 INF] Route matched with {action = "Get", controller = "File", area = "", page = ""}. Executing controller action with signature System.Threading.Tasks.Task`1[Microsoft.AspNetCore.Mvc.FileResult] GetAsync(System.String) on controller Glendale.Design.Services.FileAppService (Glendale.Design.Application).
[11:23:34 INF] Route matched with {action = "Get", controller = "File", area = "", page = ""}. Executing controller action with signature System.Threading.Tasks.Task`1[Microsoft.AspNetCore.Mvc.FileResult] GetAsync(System.String) on controller Glendale.Design.Services.FileAppService (Glendale.Design.Application).
[11:23:34 INF] Route matched with {action = "Get", controller = "File", area = "", page = ""}. Executing controller action with signature System.Threading.Tasks.Task`1[Microsoft.AspNetCore.Mvc.FileResult] GetAsync(System.String) on controller Glendale.Design.Services.FileAppService (Glendale.Design.Application).
[11:23:34 INF] Executed action Glendale.Design.Services.FileAppService.GetAsync (Glendale.Design.Application) in 216.0791ms
[11:23:34 INF] Executed endpoint 'Glendale.Design.Services.FileAppService.GetAsync (Glendale.Design.Application)'
[11:23:34 INF] Executed action Glendale.Design.Services.FileAppService.GetAsync (Glendale.Design.Application) in 219.2142ms
[11:23:34 INF] Executed endpoint 'Glendale.Design.Services.FileAppService.GetAsync (Glendale.Design.Application)'
[11:23:34 INF] Executed action Glendale.Design.Services.FileAppService.GetAsync (Glendale.Design.Application) in 225.6624ms
[11:23:34 INF] Executed endpoint 'Glendale.Design.Services.FileAppService.GetAsync (Glendale.Design.Application)'
[11:23:34 INF] Executed action Glendale.Design.Services.FileAppService.GetAsync (Glendale.Design.Application) in 226.6476ms
[11:23:34 INF] Executed action Glendale.Design.Services.FileAppService.GetAsync (Glendale.Design.Application) in 225.798ms
[11:23:34 INF] Executed endpoint 'Glendale.Design.Services.FileAppService.GetAsync (Glendale.Design.Application)'
[11:23:34 INF] Executed endpoint 'Glendale.Design.Services.FileAppService.GetAsync (Glendale.Design.Application)'
[11:23:34 DBG] Added 0 entity changes to the current audit log
[11:23:34 DBG] Added 0 entity changes to the current audit log
[11:23:34 DBG] Added 0 entity changes to the current audit log
[11:23:34 DBG] Added 0 entity changes to the current audit log
[11:23:34 DBG] Added 0 entity changes to the current audit log
[11:23:34 DBG] Added 0 entity changes to the current audit log
[11:23:34 DBG] Added 0 entity changes to the current audit log
[11:23:34 DBG] Added 0 entity changes to the current audit log
[11:23:34 DBG] Added 0 entity changes to the current audit log
[11:23:34 DBG] Added 0 entity changes to the current audit log
[11:23:34 ERR] An unhandled exception has occurred while executing the request.
System.NullReferenceException: Object reference not set to an instance of an object.
   at Glendale.Design.Services.FileAppService.GetAsync(String blobName) in D:\最新版一键安装包\github\源码\服务器端引擎示例demo源码\net-core_uedemo\src\Glendale.Design.Application\Services\FileAppService.cs:line 47
   at Castle.DynamicProxy.AsyncInterceptorBase.ProceedAsynchronous[TResult](IInvocation invocation, IInvocationProceedInfo proceedInfo)
   at Volo.Abp.Castle.DynamicProxy.CastleAbpMethodInvocationAdapterWithReturnValue`1.ProceedAsync()
   at Volo.Abp.GlobalFeatures.GlobalFeatureInterceptor.InterceptAsync(IAbpMethodInvocation invocation)
   at Volo.Abp.Castle.DynamicProxy.CastleAsyncAbpInterceptorAdapter`1.InterceptAsync[TResult](IInvocation invocation, IInvocationProceedInfo proceedInfo, Func`3 proceed)
   at Castle.DynamicProxy.AsyncInterceptorBase.ProceedAsynchronous[TResult](IInvocation invocation, IInvocationProceedInfo proceedInfo)
   at Volo.Abp.Castle.DynamicProxy.CastleAbpMethodInvocationAdapterWithReturnValue`1.ProceedAsync()
   at Volo.Abp.Auditing.AuditingInterceptor.InterceptAsync(IAbpMethodInvocation invocation)
   at Volo.Abp.Castle.DynamicProxy.CastleAsyncAbpInterceptorAdapter`1.InterceptAsync[TResult](IInvocation invocation, IInvocationProceedInfo proceedInfo, Func`3 proceed)
   at Castle.DynamicProxy.AsyncInterceptorBase.ProceedAsynchronous[TResult](IInvocation invocation, IInvocationProceedInfo proceedInfo)
   at Volo.Abp.Castle.DynamicProxy.CastleAbpMethodInvocationAdapterWithReturnValue`1.ProceedAsync()
   at Volo.Abp.Authorization.AuthorizationInterceptor.InterceptAsync(IAbpMethodInvocation invocation)
   at Volo.Abp.Castle.DynamicProxy.CastleAsyncAbpInterceptorAdapter`1.InterceptAsync[TResult](IInvocation invocation, IInvocationProceedInfo proceedInfo, Func`3 proceed)
   at Castle.DynamicProxy.AsyncInterceptorBase.ProceedAsynchronous[TResult](IInvocation invocation, IInvocationProceedInfo proceedInfo)
   at Volo.Abp.Castle.DynamicProxy.CastleAbpMethodInvocationAdapterWithReturnValue`1.ProceedAsync()
   at Volo.Abp.Validation.ValidationInterceptor.InterceptAsync(IAbpMethodInvocation invocation)
   at Volo.Abp.Castle.DynamicProxy.CastleAsyncAbpInterceptorAdapter`1.InterceptAsync[TResult](IInvocation invocation, IInvocationProceedInfo proceedInfo, Func`3 proceed)
   at Castle.DynamicProxy.AsyncInterceptorBase.ProceedAsynchronous[TResult](IInvocation invocation, IInvocationProceedInfo proceedInfo)
   at Volo.Abp.Castle.DynamicProxy.CastleAbpMethodInvocationAdapterWithReturnValue`1.ProceedAsync()
   at Volo.Abp.Uow.UnitOfWorkInterceptor.InterceptAsync(IAbpMethodInvocation invocation)
   at Volo.Abp.Castle.DynamicProxy.CastleAsyncAbpInterceptorAdapter`1.InterceptAsync[TResult](IInvocation invocation, IInvocationProceedInfo proceedInfo, Func`3 proceed)
   at lambda_method4216(Closure , Object )
   at Microsoft.AspNetCore.Mvc.Infrastructure.ActionMethodExecutor.TaskOfActionResultExecutor.Execute(IActionResultTypeMapper mapper, ObjectMethodExecutor executor, Object controller, Object[] arguments)
   at Microsoft.AspNetCore.Mvc.Infrastructure.ControllerActionInvoker.<InvokeActionMethodAsync>g__Awaited|12_0(ControllerActionInvoker invoker, ValueTask`1 actionResultValueTask)
   at Microsoft.AspNetCore.Mvc.Infrastructure.ControllerActionInvoker.<InvokeNextActionFilterAsync>g__Awaited|10_0(ControllerActionInvoker invoker, Task lastTask, State next, Scope scope, Object state, Boolean isCompleted)
   at Microsoft.AspNetCore.Mvc.Infrastructure.ControllerActionInvoker.Rethrow(ActionExecutedContextSealed context)
   at Microsoft.AspNetCore.Mvc.Infrastructure.ControllerActionInvoker.Next(State& next, Scope& scope, Object& state, Boolean& isCompleted)
   at Microsoft.AspNetCore.Mvc.Infrastructure.ControllerActionInvoker.<InvokeInnerFilterAsync>g__Awaited|13_0(ControllerActionInvoker invoker, Task lastTask, State next, Scope scope, Object state, Boolean isCompleted)
   at Microsoft.AspNetCore.Mvc.Infrastructure.ResourceInvoker.<InvokeNextExceptionFilterAsync>g__Awaited|25_0(ResourceInvoker invoker, Task lastTask, State next, Scope scope, Object state, Boolean isCompleted)
   at Microsoft.AspNetCore.Mvc.Infrastructure.ResourceInvoker.Rethrow(ExceptionContextSealed context)
   at Microsoft.AspNetCore.Mvc.Infrastructure.ResourceInvoker.Next(State& next, Scope& scope, Object& state, Boolean& isCompleted)
   at Microsoft.AspNetCore.Mvc.Infrastructure.ResourceInvoker.<InvokeNextResourceFilter>g__Awaited|24_0(ResourceInvoker invoker, Task lastTask, State next, Scope scope, Object state, Boolean isCompleted)
   at Microsoft.AspNetCore.Mvc.Infrastructure.ResourceInvoker.Rethrow(ResourceExecutedContextSealed context)
   at Microsoft.AspNetCore.Mvc.Infrastructure.ResourceInvoker.Next(State& next, Scope& scope, Object& state, Boolean& isCompleted)
   at Microsoft.AspNetCore.Mvc.Infrastructure.ResourceInvoker.<InvokeFilterPipelineAsync>g__Awaited|19_0(ResourceInvoker invoker, Task lastTask, State next, Scope scope, Object state, Boolean isCompleted)
   at Microsoft.AspNetCore.Mvc.Infrastructure.ResourceInvoker.<InvokeAsync>g__Logged|17_1(ResourceInvoker invoker)
   at Microsoft.AspNetCore.Routing.EndpointMiddleware.<Invoke>g__AwaitRequestTask|6_0(Endpoint endpoint, Task requestTask, ILogger logger)
   at Volo.Abp.AspNetCore.Serilog.AbpSerilogMiddleware.InvokeAsync(HttpContext context, RequestDelegate next)
   at Microsoft.AspNetCore.Builder.UseMiddlewareExtensions.<>c__DisplayClass6_1.<<UseMiddlewareInterface>b__1>d.MoveNext()
--- End of stack trace from previous location ---
   at Volo.Abp.AspNetCore.Auditing.AbpAuditingMiddleware.InvokeAsync(HttpContext context, RequestDelegate next)
   at Volo.Abp.AspNetCore.Auditing.AbpAuditingMiddleware.InvokeAsync(HttpContext context, RequestDelegate next)
   at Microsoft.AspNetCore.Builder.UseMiddlewareExtensions.<>c__DisplayClass6_1.<<UseMiddlewareInterface>b__1>d.MoveNext()
--- End of stack trace from previous location ---
   at Swashbuckle.AspNetCore.SwaggerUI.SwaggerUIMiddleware.Invoke(HttpContext httpContext)
   at Swashbuckle.AspNetCore.Swagger.SwaggerMiddleware.Invoke(HttpContext httpContext, ISwaggerProvider swaggerProvider)
   at Microsoft.AspNetCore.Authorization.AuthorizationMiddleware.Invoke(HttpContext context)
   at IdentityServer4.Hosting.IdentityServerMiddleware.Invoke(HttpContext context, IEndpointRouter router, IUserSession session, IEventService events, IBackChannelLogoutService backChannelLogoutService)
   at IdentityServer4.Hosting.MutualTlsEndpointMiddleware.Invoke(HttpContext context, IAuthenticationSchemeProvider schemes)
   at Microsoft.AspNetCore.Authentication.AuthenticationMiddleware.Invoke(HttpContext context)
   at IdentityServer4.Hosting.BaseUrlMiddleware.Invoke(HttpContext context)
   at Volo.Abp.AspNetCore.Uow.AbpUnitOfWorkMiddleware.InvokeAsync(HttpContext context, RequestDelegate next)
   at Microsoft.AspNetCore.Builder.UseMiddlewareExtensions.<>c__DisplayClass6_1.<<UseMiddlewareInterface>b__1>d.MoveNext()
--- End of stack trace from previous location ---
   at Volo.Abp.AspNetCore.ExceptionHandling.AbpExceptionHandlingMiddleware.InvokeAsync(HttpContext context, RequestDelegate next)
   at Volo.Abp.AspNetCore.ExceptionHandling.AbpExceptionHandlingMiddleware.InvokeAsync(HttpContext context, RequestDelegate next)
   at Microsoft.AspNetCore.Builder.UseMiddlewareExtensions.<>c__DisplayClass6_1.<<UseMiddlewareInterface>b__1>d.MoveNext()
--- End of stack trace from previous location ---
   at Microsoft.AspNetCore.Builder.ApplicationBuilderAbpJwtTokenMiddlewareExtension.<>c__DisplayClass0_0.<<UseJwtTokenMiddleware>b__0>d.MoveNext()
--- End of stack trace from previous location ---
   at Microsoft.AspNetCore.Authentication.AuthenticationMiddleware.Invoke(HttpContext context)
   at Volo.Abp.AspNetCore.Tracing.AbpCorrelationIdMiddleware.InvokeAsync(HttpContext context, RequestDelegate next)
   at Microsoft.AspNetCore.Builder.UseMiddlewareExtensions.<>c__DisplayClass6_1.<<UseMiddlewareInterface>b__1>d.MoveNext()
--- End of stack trace from previous location ---
   at Microsoft.AspNetCore.Localization.RequestLocalizationMiddleware.Invoke(HttpContext context)
   at Microsoft.AspNetCore.RequestLocalization.AbpRequestLocalizationMiddleware.InvokeAsync(HttpContext context, RequestDelegate next)
   at Microsoft.AspNetCore.Builder.UseMiddlewareExtensions.<>c__DisplayClass6_1.<<UseMiddlewareInterface>b__1>d.MoveNext()
--- End of stack trace from previous location ---
   at Microsoft.AspNetCore.Diagnostics.DeveloperExceptionPageMiddleware.Invoke(HttpContext context)
[11:23:34 ERR] An unhandled exception has occurred while executing the request.
System.NullReferenceException: Object reference not set to an instance of an object.
   at Glendale.Design.Services.FileAppService.GetAsync(String blobName) in D:\最新版一键安装包\github\源码\服务器端引擎示例demo源码\net-core_uedemo\src\Glendale.Design.Application\Services\FileAppService.cs:line 47
   at Castle.DynamicProxy.AsyncInterceptorBase.ProceedAsynchronous[TResult](IInvocation invocation, IInvocationProceedInfo proceedInfo)
   at Volo.Abp.Castle.DynamicProxy.CastleAbpMethodInvocationAdapterWithReturnValue`1.ProceedAsync()
   at Volo.Abp.GlobalFeatures.GlobalFeatureInterceptor.InterceptAsync(IAbpMethodInvocation invocation)
   at Volo.Abp.Castle.DynamicProxy.CastleAsyncAbpInterceptorAdapter`1.InterceptAsync[TResult](IInvocation invocation, IInvocationProceedInfo proceedInfo, Func`3 proceed)
   at Castle.DynamicProxy.AsyncInterceptorBase.ProceedAsynchronous[TResult](IInvocation invocation, IInvocationProceedInfo proceedInfo)
   at Volo.Abp.Castle.DynamicProxy.CastleAbpMethodInvocationAdapterWithReturnValue`1.ProceedAsync()
   at Volo.Abp.Auditing.AuditingInterceptor.InterceptAsync(IAbpMethodInvocation invocation)
   at Volo.Abp.Castle.DynamicProxy.CastleAsyncAbpInterceptorAdapter`1.InterceptAsync[TResult](IInvocation invocation, IInvocationProceedInfo proceedInfo, Func`3 proceed)
   at Castle.DynamicProxy.AsyncInterceptorBase.ProceedAsynchronous[TResult](IInvocation invocation, IInvocationProceedInfo proceedInfo)
   at Volo.Abp.Castle.DynamicProxy.CastleAbpMethodInvocationAdapterWithReturnValue`1.ProceedAsync()
   at Volo.Abp.Authorization.AuthorizationInterceptor.InterceptAsync(IAbpMethodInvocation invocation)
   at Volo.Abp.Castle.DynamicProxy.CastleAsyncAbpInterceptorAdapter`1.InterceptAsync[TResult](IInvocation invocation, IInvocationProceedInfo proceedInfo, Func`3 proceed)
   at Castle.DynamicProxy.AsyncInterceptorBase.ProceedAsynchronous[TResult](IInvocation invocation, IInvocationProceedInfo proceedInfo)
   at Volo.Abp.Castle.DynamicProxy.CastleAbpMethodInvocationAdapterWithReturnValue`1.ProceedAsync()
   at Volo.Abp.Validation.ValidationInterceptor.InterceptAsync(IAbpMethodInvocation invocation)
   at Volo.Abp.Castle.DynamicProxy.CastleAsyncAbpInterceptorAdapter`1.InterceptAsync[TResult](IInvocation invocation, IInvocationProceedInfo proceedInfo, Func`3 proceed)
   at Castle.DynamicProxy.AsyncInterceptorBase.ProceedAsynchronous[TResult](IInvocation invocation, IInvocationProceedInfo proceedInfo)
   at Volo.Abp.Castle.DynamicProxy.CastleAbpMethodInvocationAdapterWithReturnValue`1.ProceedAsync()
   at Volo.Abp.Uow.UnitOfWorkInterceptor.InterceptAsync(IAbpMethodInvocation invocation)
   at Volo.Abp.Castle.DynamicProxy.CastleAsyncAbpInterceptorAdapter`1.InterceptAsync[TResult](IInvocation invocation, IInvocationProceedInfo proceedInfo, Func`3 proceed)
   at lambda_method4216(Closure , Object )
   at Microsoft.AspNetCore.Mvc.Infrastructure.ActionMethodExecutor.TaskOfActionResultExecutor.Execute(IActionResultTypeMapper mapper, ObjectMethodExecutor executor, Object controller, Object[] arguments)
   at Microsoft.AspNetCore.Mvc.Infrastructure.ControllerActionInvoker.<InvokeActionMethodAsync>g__Awaited|12_0(ControllerActionInvoker invoker, ValueTask`1 actionResultValueTask)
   at Microsoft.AspNetCore.Mvc.Infrastructure.ControllerActionInvoker.<InvokeNextActionFilterAsync>g__Awaited|10_0(ControllerActionInvoker invoker, Task lastTask, State next, Scope scope, Object state, Boolean isCompleted)
   at Microsoft.AspNetCore.Mvc.Infrastructure.ControllerActionInvoker.Rethrow(ActionExecutedContextSealed context)
   at Microsoft.AspNetCore.Mvc.Infrastructure.ControllerActionInvoker.Next(State& next, Scope& scope, Object& state, Boolean& isCompleted)
   at Microsoft.AspNetCore.Mvc.Infrastructure.ControllerActionInvoker.<InvokeInnerFilterAsync>g__Awaited|13_0(ControllerActionInvoker invoker, Task lastTask, State next, Scope scope, Object state, Boolean isCompleted)
   at Microsoft.AspNetCore.Mvc.Infrastructure.ResourceInvoker.<InvokeNextExceptionFilterAsync>g__Awaited|25_0(ResourceInvoker invoker, Task lastTask, State next, Scope scope, Object state, Boolean isCompleted)
   at Microsoft.AspNetCore.Mvc.Infrastructure.ResourceInvoker.Rethrow(ExceptionContextSealed context)
   at Microsoft.AspNetCore.Mvc.Infrastructure.ResourceInvoker.Next(State& next, Scope& scope, Object& state, Boolean& isCompleted)
   at Microsoft.AspNetCore.Mvc.Infrastructure.ResourceInvoker.<InvokeNextResourceFilter>g__Awaited|24_0(ResourceInvoker invoker, Task lastTask, State next, Scope scope, Object state, Boolean isCompleted)
   at Microsoft.AspNetCore.Mvc.Infrastructure.ResourceInvoker.Rethrow(ResourceExecutedContextSealed context)
   at Microsoft.AspNetCore.Mvc.Infrastructure.ResourceInvoker.Next(State& next, Scope& scope, Object& state, Boolean& isCompleted)
   at Microsoft.AspNetCore.Mvc.Infrastructure.ResourceInvoker.<InvokeFilterPipelineAsync>g__Awaited|19_0(ResourceInvoker invoker, Task lastTask, State next, Scope scope, Object state, Boolean isCompleted)
   at Microsoft.AspNetCore.Mvc.Infrastructure.ResourceInvoker.<InvokeAsync>g__Logged|17_1(ResourceInvoker invoker)
   at Microsoft.AspNetCore.Routing.EndpointMiddleware.<Invoke>g__AwaitRequestTask|6_0(Endpoint endpoint, Task requestTask, ILogger logger)
   at Volo.Abp.AspNetCore.Serilog.AbpSerilogMiddleware.InvokeAsync(HttpContext context, RequestDelegate next)
   at Microsoft.AspNetCore.Builder.UseMiddlewareExtensions.<>c__DisplayClass6_1.<<UseMiddlewareInterface>b__1>d.MoveNext()
--- End of stack trace from previous location ---
   at Volo.Abp.AspNetCore.Auditing.AbpAuditingMiddleware.InvokeAsync(HttpContext context, RequestDelegate next)
   at Volo.Abp.AspNetCore.Auditing.AbpAuditingMiddleware.InvokeAsync(HttpContext context, RequestDelegate next)
   at Microsoft.AspNetCore.Builder.UseMiddlewareExtensions.<>c__DisplayClass6_1.<<UseMiddlewareInterface>b__1>d.MoveNext()
--- End of stack trace from previous location ---
   at Swashbuckle.AspNetCore.SwaggerUI.SwaggerUIMiddleware.Invoke(HttpContext httpContext)
   at Swashbuckle.AspNetCore.Swagger.SwaggerMiddleware.Invoke(HttpContext httpContext, ISwaggerProvider swaggerProvider)
   at Microsoft.AspNetCore.Authorization.AuthorizationMiddleware.Invoke(HttpContext context)
   at IdentityServer4.Hosting.IdentityServerMiddleware.Invoke(HttpContext context, IEndpointRouter router, IUserSession session, IEventService events, IBackChannelLogoutService backChannelLogoutService)
   at IdentityServer4.Hosting.MutualTlsEndpointMiddleware.Invoke(HttpContext context, IAuthenticationSchemeProvider schemes)
   at Microsoft.AspNetCore.Authentication.AuthenticationMiddleware.Invoke(HttpContext context)
   at IdentityServer4.Hosting.BaseUrlMiddleware.Invoke(HttpContext context)
   at Volo.Abp.AspNetCore.Uow.AbpUnitOfWorkMiddleware.InvokeAsync(HttpContext context, RequestDelegate next)
   at Microsoft.AspNetCore.Builder.UseMiddlewareExtensions.<>c__DisplayClass6_1.<<UseMiddlewareInterface>b__1>d.MoveNext()
--- End of stack trace from previous location ---
   at Volo.Abp.AspNetCore.ExceptionHandling.AbpExceptionHandlingMiddleware.InvokeAsync(HttpContext context, RequestDelegate next)
   at Volo.Abp.AspNetCore.ExceptionHandling.AbpExceptionHandlingMiddleware.InvokeAsync(HttpContext context, RequestDelegate next)
   at Microsoft.AspNetCore.Builder.UseMiddlewareExtensions.<>c__DisplayClass6_1.<<UseMiddlewareInterface>b__1>d.MoveNext()
--- End of stack trace from previous location ---
   at Microsoft.AspNetCore.Builder.ApplicationBuilderAbpJwtTokenMiddlewareExtension.<>c__DisplayClass0_0.<<UseJwtTokenMiddleware>b__0>d.MoveNext()
--- End of stack trace from previous location ---
   at Microsoft.AspNetCore.Authentication.AuthenticationMiddleware.Invoke(HttpContext context)
   at Volo.Abp.AspNetCore.Tracing.AbpCorrelationIdMiddleware.InvokeAsync(HttpContext context, RequestDelegate next)
   at Microsoft.AspNetCore.Builder.UseMiddlewareExtensions.<>c__DisplayClass6_1.<<UseMiddlewareInterface>b__1>d.MoveNext()
--- End of stack trace from previous location ---
   at Microsoft.AspNetCore.Localization.RequestLocalizationMiddleware.Invoke(HttpContext context)
   at Microsoft.AspNetCore.RequestLocalization.AbpRequestLocalizationMiddleware.InvokeAsync(HttpContext context, RequestDelegate next)
   at Microsoft.AspNetCore.Builder.UseMiddlewareExtensions.<>c__DisplayClass6_1.<<UseMiddlewareInterface>b__1>d.MoveNext()
--- End of stack trace from previous location ---
   at Microsoft.AspNetCore.Diagnostics.DeveloperExceptionPageMiddleware.Invoke(HttpContext context)
[11:23:34 ERR] An unhandled exception has occurred while executing the request.
System.NullReferenceException: Object reference not set to an instance of an object.
   at Glendale.Design.Services.FileAppService.GetAsync(String blobName) in D:\最新版一键安装包\github\源码\服务器端引擎示例demo源码\net-core_uedemo\src\Glendale.Design.Application\Services\FileAppService.cs:line 47
   at Castle.DynamicProxy.AsyncInterceptorBase.ProceedAsynchronous[TResult](IInvocation invocation, IInvocationProceedInfo proceedInfo)
   at Volo.Abp.Castle.DynamicProxy.CastleAbpMethodInvocationAdapterWithReturnValue`1.ProceedAsync()
   at Volo.Abp.GlobalFeatures.GlobalFeatureInterceptor.InterceptAsync(IAbpMethodInvocation invocation)
   at Volo.Abp.Castle.DynamicProxy.CastleAsyncAbpInterceptorAdapter`1.InterceptAsync[TResult](IInvocation invocation, IInvocationProceedInfo proceedInfo, Func`3 proceed)
   at Castle.DynamicProxy.AsyncInterceptorBase.ProceedAsynchronous[TResult](IInvocation invocation, IInvocationProceedInfo proceedInfo)
   at Volo.Abp.Castle.DynamicProxy.CastleAbpMethodInvocationAdapterWithReturnValue`1.ProceedAsync()
   at Volo.Abp.Auditing.AuditingInterceptor.InterceptAsync(IAbpMethodInvocation invocation)
   at Volo.Abp.Castle.DynamicProxy.CastleAsyncAbpInterceptorAdapter`1.InterceptAsync[TResult](IInvocation invocation, IInvocationProceedInfo proceedInfo, Func`3 proceed)
   at Castle.DynamicProxy.AsyncInterceptorBase.ProceedAsynchronous[TResult](IInvocation invocation, IInvocationProceedInfo proceedInfo)
   at Volo.Abp.Castle.DynamicProxy.CastleAbpMethodInvocationAdapterWithReturnValue`1.ProceedAsync()
   at Volo.Abp.Authorization.AuthorizationInterceptor.InterceptAsync(IAbpMethodInvocation invocation)
   at Volo.Abp.Castle.DynamicProxy.CastleAsyncAbpInterceptorAdapter`1.InterceptAsync[TResult](IInvocation invocation, IInvocationProceedInfo proceedInfo, Func`3 proceed)
   at Castle.DynamicProxy.AsyncInterceptorBase.ProceedAsynchronous[TResult](IInvocation invocation, IInvocationProceedInfo proceedInfo)
   at Volo.Abp.Castle.DynamicProxy.CastleAbpMethodInvocationAdapterWithReturnValue`1.ProceedAsync()
   at Volo.Abp.Validation.ValidationInterceptor.InterceptAsync(IAbpMethodInvocation invocation)
   at Volo.Abp.Castle.DynamicProxy.CastleAsyncAbpInterceptorAdapter`1.InterceptAsync[TResult](IInvocation invocation, IInvocationProceedInfo proceedInfo, Func`3 proceed)
   at Castle.DynamicProxy.AsyncInterceptorBase.ProceedAsynchronous[TResult](IInvocation invocation, IInvocationProceedInfo proceedInfo)
   at Volo.Abp.Castle.DynamicProxy.CastleAbpMethodInvocationAdapterWithReturnValue`1.ProceedAsync()
   at Volo.Abp.Uow.UnitOfWorkInterceptor.InterceptAsync(IAbpMethodInvocation invocation)
   at Volo.Abp.Castle.DynamicProxy.CastleAsyncAbpInterceptorAdapter`1.InterceptAsync[TResult](IInvocation invocation, IInvocationProceedInfo proceedInfo, Func`3 proceed)
   at lambda_method4216(Closure , Object )
   at Microsoft.AspNetCore.Mvc.Infrastructure.ActionMethodExecutor.TaskOfActionResultExecutor.Execute(IActionResultTypeMapper mapper, ObjectMethodExecutor executor, Object controller, Object[] arguments)
   at Microsoft.AspNetCore.Mvc.Infrastructure.ControllerActionInvoker.<InvokeActionMethodAsync>g__Awaited|12_0(ControllerActionInvoker invoker, ValueTask`1 actionResultValueTask)
   at Microsoft.AspNetCore.Mvc.Infrastructure.ControllerActionInvoker.<InvokeNextActionFilterAsync>g__Awaited|10_0(ControllerActionInvoker invoker, Task lastTask, State next, Scope scope, Object state, Boolean isCompleted)
   at Microsoft.AspNetCore.Mvc.Infrastructure.ControllerActionInvoker.Rethrow(ActionExecutedContextSealed context)
   at Microsoft.AspNetCore.Mvc.Infrastructure.ControllerActionInvoker.Next(State& next, Scope& scope, Object& state, Boolean& isCompleted)
   at Microsoft.AspNetCore.Mvc.Infrastructure.ControllerActionInvoker.<InvokeInnerFilterAsync>g__Awaited|13_0(ControllerActionInvoker invoker, Task lastTask, State next, Scope scope, Object state, Boolean isCompleted)
   at Microsoft.AspNetCore.Mvc.Infrastructure.ResourceInvoker.<InvokeNextExceptionFilterAsync>g__Awaited|25_0(ResourceInvoker invoker, Task lastTask, State next, Scope scope, Object state, Boolean isCompleted)
   at Microsoft.AspNetCore.Mvc.Infrastructure.ResourceInvoker.Rethrow(ExceptionContextSealed context)
   at Microsoft.AspNetCore.Mvc.Infrastructure.ResourceInvoker.Next(State& next, Scope& scope, Object& state, Boolean& isCompleted)
   at Microsoft.AspNetCore.Mvc.Infrastructure.ResourceInvoker.<InvokeNextResourceFilter>g__Awaited|24_0(ResourceInvoker invoker, Task lastTask, State next, Scope scope, Object state, Boolean isCompleted)
   at Microsoft.AspNetCore.Mvc.Infrastructure.ResourceInvoker.Rethrow(ResourceExecutedContextSealed context)
   at Microsoft.AspNetCore.Mvc.Infrastructure.ResourceInvoker.Next(State& next, Scope& scope, Object& state, Boolean& isCompleted)
   at Microsoft.AspNetCore.Mvc.Infrastructure.ResourceInvoker.<InvokeFilterPipelineAsync>g__Awaited|19_0(ResourceInvoker invoker, Task lastTask, State next, Scope scope, Object state, Boolean isCompleted)
   at Microsoft.AspNetCore.Mvc.Infrastructure.ResourceInvoker.<InvokeAsync>g__Logged|17_1(ResourceInvoker invoker)
   at Microsoft.AspNetCore.Routing.EndpointMiddleware.<Invoke>g__AwaitRequestTask|6_0(Endpoint endpoint, Task requestTask, ILogger logger)
   at Volo.Abp.AspNetCore.Serilog.AbpSerilogMiddleware.InvokeAsync(HttpContext context, RequestDelegate next)
   at Microsoft.AspNetCore.Builder.UseMiddlewareExtensions.<>c__DisplayClass6_1.<<UseMiddlewareInterface>b__1>d.MoveNext()
--- End of stack trace from previous location ---
   at Volo.Abp.AspNetCore.Auditing.AbpAuditingMiddleware.InvokeAsync(HttpContext context, RequestDelegate next)
   at Volo.Abp.AspNetCore.Auditing.AbpAuditingMiddleware.InvokeAsync(HttpContext context, RequestDelegate next)
   at Microsoft.AspNetCore.Builder.UseMiddlewareExtensions.<>c__DisplayClass6_1.<<UseMiddlewareInterface>b__1>d.MoveNext()
--- End of stack trace from previous location ---
   at Swashbuckle.AspNetCore.SwaggerUI.SwaggerUIMiddleware.Invoke(HttpContext httpContext)
   at Swashbuckle.AspNetCore.Swagger.SwaggerMiddleware.Invoke(HttpContext httpContext, ISwaggerProvider swaggerProvider)
   at Microsoft.AspNetCore.Authorization.AuthorizationMiddleware.Invoke(HttpContext context)
   at IdentityServer4.Hosting.IdentityServerMiddleware.Invoke(HttpContext context, IEndpointRouter router, IUserSession session, IEventService events, IBackChannelLogoutService backChannelLogoutService)
   at IdentityServer4.Hosting.MutualTlsEndpointMiddleware.Invoke(HttpContext context, IAuthenticationSchemeProvider schemes)
   at Microsoft.AspNetCore.Authentication.AuthenticationMiddleware.Invoke(HttpContext context)
   at IdentityServer4.Hosting.BaseUrlMiddleware.Invoke(HttpContext context)
   at Volo.Abp.AspNetCore.Uow.AbpUnitOfWorkMiddleware.InvokeAsync(HttpContext context, RequestDelegate next)
   at Microsoft.AspNetCore.Builder.UseMiddlewareExtensions.<>c__DisplayClass6_1.<<UseMiddlewareInterface>b__1>d.MoveNext()
--- End of stack trace from previous location ---
   at Volo.Abp.AspNetCore.ExceptionHandling.AbpExceptionHandlingMiddleware.InvokeAsync(HttpContext context, RequestDelegate next)
   at Volo.Abp.AspNetCore.ExceptionHandling.AbpExceptionHandlingMiddleware.InvokeAsync(HttpContext context, RequestDelegate next)
   at Microsoft.AspNetCore.Builder.UseMiddlewareExtensions.<>c__DisplayClass6_1.<<UseMiddlewareInterface>b__1>d.MoveNext()
--- End of stack trace from previous location ---
   at Microsoft.AspNetCore.Builder.ApplicationBuilderAbpJwtTokenMiddlewareExtension.<>c__DisplayClass0_0.<<UseJwtTokenMiddleware>b__0>d.MoveNext()
--- End of stack trace from previous location ---
   at Microsoft.AspNetCore.Authentication.AuthenticationMiddleware.Invoke(HttpContext context)
   at Volo.Abp.AspNetCore.Tracing.AbpCorrelationIdMiddleware.InvokeAsync(HttpContext context, RequestDelegate next)
   at Microsoft.AspNetCore.Builder.UseMiddlewareExtensions.<>c__DisplayClass6_1.<<UseMiddlewareInterface>b__1>d.MoveNext()
--- End of stack trace from previous location ---
   at Microsoft.AspNetCore.Localization.RequestLocalizationMiddleware.Invoke(HttpContext context)
   at Microsoft.AspNetCore.RequestLocalization.AbpRequestLocalizationMiddleware.InvokeAsync(HttpContext context, RequestDelegate next)
   at Microsoft.AspNetCore.Builder.UseMiddlewareExtensions.<>c__DisplayClass6_1.<<UseMiddlewareInterface>b__1>d.MoveNext()
--- End of stack trace from previous location ---
   at Microsoft.AspNetCore.Diagnostics.DeveloperExceptionPageMiddleware.Invoke(HttpContext context)
[11:23:34 ERR] An unhandled exception has occurred while executing the request.
System.NullReferenceException: Object reference not set to an instance of an object.
   at Glendale.Design.Services.FileAppService.GetAsync(String blobName) in D:\最新版一键安装包\github\源码\服务器端引擎示例demo源码\net-core_uedemo\src\Glendale.Design.Application\Services\FileAppService.cs:line 47
   at Castle.DynamicProxy.AsyncInterceptorBase.ProceedAsynchronous[TResult](IInvocation invocation, IInvocationProceedInfo proceedInfo)
   at Volo.Abp.Castle.DynamicProxy.CastleAbpMethodInvocationAdapterWithReturnValue`1.ProceedAsync()
   at Volo.Abp.GlobalFeatures.GlobalFeatureInterceptor.InterceptAsync(IAbpMethodInvocation invocation)
   at Volo.Abp.Castle.DynamicProxy.CastleAsyncAbpInterceptorAdapter`1.InterceptAsync[TResult](IInvocation invocation, IInvocationProceedInfo proceedInfo, Func`3 proceed)
   at Castle.DynamicProxy.AsyncInterceptorBase.ProceedAsynchronous[TResult](IInvocation invocation, IInvocationProceedInfo proceedInfo)
   at Volo.Abp.Castle.DynamicProxy.CastleAbpMethodInvocationAdapterWithReturnValue`1.ProceedAsync()
   at Volo.Abp.Auditing.AuditingInterceptor.InterceptAsync(IAbpMethodInvocation invocation)
   at Volo.Abp.Castle.DynamicProxy.CastleAsyncAbpInterceptorAdapter`1.InterceptAsync[TResult](IInvocation invocation, IInvocationProceedInfo proceedInfo, Func`3 proceed)
   at Castle.DynamicProxy.AsyncInterceptorBase.ProceedAsynchronous[TResult](IInvocation invocation, IInvocationProceedInfo proceedInfo)
   at Volo.Abp.Castle.DynamicProxy.CastleAbpMethodInvocationAdapterWithReturnValue`1.ProceedAsync()
   at Volo.Abp.Authorization.AuthorizationInterceptor.InterceptAsync(IAbpMethodInvocation invocation)
   at Volo.Abp.Castle.DynamicProxy.CastleAsyncAbpInterceptorAdapter`1.InterceptAsync[TResult](IInvocation invocation, IInvocationProceedInfo proceedInfo, Func`3 proceed)
   at Castle.DynamicProxy.AsyncInterceptorBase.ProceedAsynchronous[TResult](IInvocation invocation, IInvocationProceedInfo proceedInfo)
   at Volo.Abp.Castle.DynamicProxy.CastleAbpMethodInvocationAdapterWithReturnValue`1.ProceedAsync()
   at Volo.Abp.Validation.ValidationInterceptor.InterceptAsync(IAbpMethodInvocation invocation)
   at Volo.Abp.Castle.DynamicProxy.CastleAsyncAbpInterceptorAdapter`1.InterceptAsync[TResult](IInvocation invocation, IInvocationProceedInfo proceedInfo, Func`3 proceed)
   at Castle.DynamicProxy.AsyncInterceptorBase.ProceedAsynchronous[TResult](IInvocation invocation, IInvocationProceedInfo proceedInfo)
   at Volo.Abp.Castle.DynamicProxy.CastleAbpMethodInvocationAdapterWithReturnValue`1.ProceedAsync()
   at Volo.Abp.Uow.UnitOfWorkInterceptor.InterceptAsync(IAbpMethodInvocation invocation)
   at Volo.Abp.Castle.DynamicProxy.CastleAsyncAbpInterceptorAdapter`1.InterceptAsync[TResult](IInvocation invocation, IInvocationProceedInfo proceedInfo, Func`3 proceed)
   at lambda_method4216(Closure , Object )
   at Microsoft.AspNetCore.Mvc.Infrastructure.ActionMethodExecutor.TaskOfActionResultExecutor.Execute(IActionResultTypeMapper mapper, ObjectMethodExecutor executor, Object controller, Object[] arguments)
   at Microsoft.AspNetCore.Mvc.Infrastructure.ControllerActionInvoker.<InvokeActionMethodAsync>g__Awaited|12_0(ControllerActionInvoker invoker, ValueTask`1 actionResultValueTask)
   at Microsoft.AspNetCore.Mvc.Infrastructure.ControllerActionInvoker.<InvokeNextActionFilterAsync>g__Awaited|10_0(ControllerActionInvoker invoker, Task lastTask, State next, Scope scope, Object state, Boolean isCompleted)
   at Microsoft.AspNetCore.Mvc.Infrastructure.ControllerActionInvoker.Rethrow(ActionExecutedContextSealed context)
   at Microsoft.AspNetCore.Mvc.Infrastructure.ControllerActionInvoker.Next(State& next, Scope& scope, Object& state, Boolean& isCompleted)
   at Microsoft.AspNetCore.Mvc.Infrastructure.ControllerActionInvoker.<InvokeInnerFilterAsync>g__Awaited|13_0(ControllerActionInvoker invoker, Task lastTask, State next, Scope scope, Object state, Boolean isCompleted)
   at Microsoft.AspNetCore.Mvc.Infrastructure.ResourceInvoker.<InvokeNextExceptionFilterAsync>g__Awaited|25_0(ResourceInvoker invoker, Task lastTask, State next, Scope scope, Object state, Boolean isCompleted)
   at Microsoft.AspNetCore.Mvc.Infrastructure.ResourceInvoker.Rethrow(ExceptionContextSealed context)
   at Microsoft.AspNetCore.Mvc.Infrastructure.ResourceInvoker.Next(State& next, Scope& scope, Object& state, Boolean& isCompleted)
   at Microsoft.AspNetCore.Mvc.Infrastructure.ResourceInvoker.<InvokeNextResourceFilter>g__Awaited|24_0(ResourceInvoker invoker, Task lastTask, State next, Scope scope, Object state, Boolean isCompleted)
   at Microsoft.AspNetCore.Mvc.Infrastructure.ResourceInvoker.Rethrow(ResourceExecutedContextSealed context)
   at Microsoft.AspNetCore.Mvc.Infrastructure.ResourceInvoker.Next(State& next, Scope& scope, Object& state, Boolean& isCompleted)
   at Microsoft.AspNetCore.Mvc.Infrastructure.ResourceInvoker.<InvokeFilterPipelineAsync>g__Awaited|19_0(ResourceInvoker invoker, Task lastTask, State next, Scope scope, Object state, Boolean isCompleted)
   at Microsoft.AspNetCore.Mvc.Infrastructure.ResourceInvoker.<InvokeAsync>g__Logged|17_1(ResourceInvoker invoker)
   at Microsoft.AspNetCore.Routing.EndpointMiddleware.<Invoke>g__AwaitRequestTask|6_0(Endpoint endpoint, Task requestTask, ILogger logger)
   at Volo.Abp.AspNetCore.Serilog.AbpSerilogMiddleware.InvokeAsync(HttpContext context, RequestDelegate next)
   at Microsoft.AspNetCore.Builder.UseMiddlewareExtensions.<>c__DisplayClass6_1.<<UseMiddlewareInterface>b__1>d.MoveNext()
--- End of stack trace from previous location ---
   at Volo.Abp.AspNetCore.Auditing.AbpAuditingMiddleware.InvokeAsync(HttpContext context, RequestDelegate next)
   at Volo.Abp.AspNetCore.Auditing.AbpAuditingMiddleware.InvokeAsync(HttpContext context, RequestDelegate next)
   at Microsoft.AspNetCore.Builder.UseMiddlewareExtensions.<>c__DisplayClass6_1.<<UseMiddlewareInterface>b__1>d.MoveNext()
--- End of stack trace from previous location ---
   at Swashbuckle.AspNetCore.SwaggerUI.SwaggerUIMiddleware.Invoke(HttpContext httpContext)
   at Swashbuckle.AspNetCore.Swagger.SwaggerMiddleware.Invoke(HttpContext httpContext, ISwaggerProvider swaggerProvider)
   at Microsoft.AspNetCore.Authorization.AuthorizationMiddleware.Invoke(HttpContext context)
   at IdentityServer4.Hosting.IdentityServerMiddleware.Invoke(HttpContext context, IEndpointRouter router, IUserSession session, IEventService events, IBackChannelLogoutService backChannelLogoutService)
   at IdentityServer4.Hosting.MutualTlsEndpointMiddleware.Invoke(HttpContext context, IAuthenticationSchemeProvider schemes)
   at Microsoft.AspNetCore.Authentication.AuthenticationMiddleware.Invoke(HttpContext context)
   at IdentityServer4.Hosting.BaseUrlMiddleware.Invoke(HttpContext context)
   at Volo.Abp.AspNetCore.Uow.AbpUnitOfWorkMiddleware.InvokeAsync(HttpContext context, RequestDelegate next)
   at Microsoft.AspNetCore.Builder.UseMiddlewareExtensions.<>c__DisplayClass6_1.<<UseMiddlewareInterface>b__1>d.MoveNext()
--- End of stack trace from previous location ---
   at Volo.Abp.AspNetCore.ExceptionHandling.AbpExceptionHandlingMiddleware.InvokeAsync(HttpContext context, RequestDelegate next)
   at Volo.Abp.AspNetCore.ExceptionHandling.AbpExceptionHandlingMiddleware.InvokeAsync(HttpContext context, RequestDelegate next)
   at Microsoft.AspNetCore.Builder.UseMiddlewareExtensions.<>c__DisplayClass6_1.<<UseMiddlewareInterface>b__1>d.MoveNext()
--- End of stack trace from previous location ---
   at Microsoft.AspNetCore.Builder.ApplicationBuilderAbpJwtTokenMiddlewareExtension.<>c__DisplayClass0_0.<<UseJwtTokenMiddleware>b__0>d.MoveNext()
--- End of stack trace from previous location ---
   at Microsoft.AspNetCore.Authentication.AuthenticationMiddleware.Invoke(HttpContext context)
   at Volo.Abp.AspNetCore.Tracing.AbpCorrelationIdMiddleware.InvokeAsync(HttpContext context, RequestDelegate next)
   at Microsoft.AspNetCore.Builder.UseMiddlewareExtensions.<>c__DisplayClass6_1.<<UseMiddlewareInterface>b__1>d.MoveNext()
--- End of stack trace from previous location ---
   at Microsoft.AspNetCore.Localization.RequestLocalizationMiddleware.Invoke(HttpContext context)
   at Microsoft.AspNetCore.RequestLocalization.AbpRequestLocalizationMiddleware.InvokeAsync(HttpContext context, RequestDelegate next)
   at Microsoft.AspNetCore.Builder.UseMiddlewareExtensions.<>c__DisplayClass6_1.<<UseMiddlewareInterface>b__1>d.MoveNext()
--- End of stack trace from previous location ---
   at Microsoft.AspNetCore.Diagnostics.DeveloperExceptionPageMiddleware.Invoke(HttpContext context)
[11:23:34 ERR] An unhandled exception has occurred while executing the request.
System.NullReferenceException: Object reference not set to an instance of an object.
   at Glendale.Design.Services.FileAppService.GetAsync(String blobName) in D:\最新版一键安装包\github\源码\服务器端引擎示例demo源码\net-core_uedemo\src\Glendale.Design.Application\Services\FileAppService.cs:line 47
   at Castle.DynamicProxy.AsyncInterceptorBase.ProceedAsynchronous[TResult](IInvocation invocation, IInvocationProceedInfo proceedInfo)
   at Volo.Abp.Castle.DynamicProxy.CastleAbpMethodInvocationAdapterWithReturnValue`1.ProceedAsync()
   at Volo.Abp.GlobalFeatures.GlobalFeatureInterceptor.InterceptAsync(IAbpMethodInvocation invocation)
   at Volo.Abp.Castle.DynamicProxy.CastleAsyncAbpInterceptorAdapter`1.InterceptAsync[TResult](IInvocation invocation, IInvocationProceedInfo proceedInfo, Func`3 proceed)
   at Castle.DynamicProxy.AsyncInterceptorBase.ProceedAsynchronous[TResult](IInvocation invocation, IInvocationProceedInfo proceedInfo)
   at Volo.Abp.Castle.DynamicProxy.CastleAbpMethodInvocationAdapterWithReturnValue`1.ProceedAsync()
   at Volo.Abp.Auditing.AuditingInterceptor.InterceptAsync(IAbpMethodInvocation invocation)
   at Volo.Abp.Castle.DynamicProxy.CastleAsyncAbpInterceptorAdapter`1.InterceptAsync[TResult](IInvocation invocation, IInvocationProceedInfo proceedInfo, Func`3 proceed)
   at Castle.DynamicProxy.AsyncInterceptorBase.ProceedAsynchronous[TResult](IInvocation invocation, IInvocationProceedInfo proceedInfo)
   at Volo.Abp.Castle.DynamicProxy.CastleAbpMethodInvocationAdapterWithReturnValue`1.ProceedAsync()
   at Volo.Abp.Authorization.AuthorizationInterceptor.InterceptAsync(IAbpMethodInvocation invocation)
   at Volo.Abp.Castle.DynamicProxy.CastleAsyncAbpInterceptorAdapter`1.InterceptAsync[TResult](IInvocation invocation, IInvocationProceedInfo proceedInfo, Func`3 proceed)
   at Castle.DynamicProxy.AsyncInterceptorBase.ProceedAsynchronous[TResult](IInvocation invocation, IInvocationProceedInfo proceedInfo)
   at Volo.Abp.Castle.DynamicProxy.CastleAbpMethodInvocationAdapterWithReturnValue`1.ProceedAsync()
   at Volo.Abp.Validation.ValidationInterceptor.InterceptAsync(IAbpMethodInvocation invocation)
   at Volo.Abp.Castle.DynamicProxy.CastleAsyncAbpInterceptorAdapter`1.InterceptAsync[TResult](IInvocation invocation, IInvocationProceedInfo proceedInfo, Func`3 proceed)
   at Castle.DynamicProxy.AsyncInterceptorBase.ProceedAsynchronous[TResult](IInvocation invocation, IInvocationProceedInfo proceedInfo)
   at Volo.Abp.Castle.DynamicProxy.CastleAbpMethodInvocationAdapterWithReturnValue`1.ProceedAsync()
   at Volo.Abp.Uow.UnitOfWorkInterceptor.InterceptAsync(IAbpMethodInvocation invocation)
   at Volo.Abp.Castle.DynamicProxy.CastleAsyncAbpInterceptorAdapter`1.InterceptAsync[TResult](IInvocation invocation, IInvocationProceedInfo proceedInfo, Func`3 proceed)
   at lambda_method4216(Closure , Object )
   at Microsoft.AspNetCore.Mvc.Infrastructure.ActionMethodExecutor.TaskOfActionResultExecutor.Execute(IActionResultTypeMapper mapper, ObjectMethodExecutor executor, Object controller, Object[] arguments)
   at Microsoft.AspNetCore.Mvc.Infrastructure.ControllerActionInvoker.<InvokeActionMethodAsync>g__Awaited|12_0(ControllerActionInvoker invoker, ValueTask`1 actionResultValueTask)
   at Microsoft.AspNetCore.Mvc.Infrastructure.ControllerActionInvoker.<InvokeNextActionFilterAsync>g__Awaited|10_0(ControllerActionInvoker invoker, Task lastTask, State next, Scope scope, Object state, Boolean isCompleted)
   at Microsoft.AspNetCore.Mvc.Infrastructure.ControllerActionInvoker.Rethrow(ActionExecutedContextSealed context)
   at Microsoft.AspNetCore.Mvc.Infrastructure.ControllerActionInvoker.Next(State& next, Scope& scope, Object& state, Boolean& isCompleted)
   at Microsoft.AspNetCore.Mvc.Infrastructure.ControllerActionInvoker.<InvokeInnerFilterAsync>g__Awaited|13_0(ControllerActionInvoker invoker, Task lastTask, State next, Scope scope, Object state, Boolean isCompleted)
   at Microsoft.AspNetCore.Mvc.Infrastructure.ResourceInvoker.<InvokeNextExceptionFilterAsync>g__Awaited|25_0(ResourceInvoker invoker, Task lastTask, State next, Scope scope, Object state, Boolean isCompleted)
   at Microsoft.AspNetCore.Mvc.Infrastructure.ResourceInvoker.Rethrow(ExceptionContextSealed context)
   at Microsoft.AspNetCore.Mvc.Infrastructure.ResourceInvoker.Next(State& next, Scope& scope, Object& state, Boolean& isCompleted)
   at Microsoft.AspNetCore.Mvc.Infrastructure.ResourceInvoker.<InvokeNextResourceFilter>g__Awaited|24_0(ResourceInvoker invoker, Task lastTask, State next, Scope scope, Object state, Boolean isCompleted)
   at Microsoft.AspNetCore.Mvc.Infrastructure.ResourceInvoker.Rethrow(ResourceExecutedContextSealed context)
   at Microsoft.AspNetCore.Mvc.Infrastructure.ResourceInvoker.Next(State& next, Scope& scope, Object& state, Boolean& isCompleted)
   at Microsoft.AspNetCore.Mvc.Infrastructure.ResourceInvoker.<InvokeFilterPipelineAsync>g__Awaited|19_0(ResourceInvoker invoker, Task lastTask, State next, Scope scope, Object state, Boolean isCompleted)
   at Microsoft.AspNetCore.Mvc.Infrastructure.ResourceInvoker.<InvokeAsync>g__Logged|17_1(ResourceInvoker invoker)
   at Microsoft.AspNetCore.Routing.EndpointMiddleware.<Invoke>g__AwaitRequestTask|6_0(Endpoint endpoint, Task requestTask, ILogger logger)
   at Volo.Abp.AspNetCore.Serilog.AbpSerilogMiddleware.InvokeAsync(HttpContext context, RequestDelegate next)
   at Microsoft.AspNetCore.Builder.UseMiddlewareExtensions.<>c__DisplayClass6_1.<<UseMiddlewareInterface>b__1>d.MoveNext()
--- End of stack trace from previous location ---
   at Volo.Abp.AspNetCore.Auditing.AbpAuditingMiddleware.InvokeAsync(HttpContext context, RequestDelegate next)
   at Volo.Abp.AspNetCore.Auditing.AbpAuditingMiddleware.InvokeAsync(HttpContext context, RequestDelegate next)
   at Microsoft.AspNetCore.Builder.UseMiddlewareExtensions.<>c__DisplayClass6_1.<<UseMiddlewareInterface>b__1>d.MoveNext()
--- End of stack trace from previous location ---
   at Swashbuckle.AspNetCore.SwaggerUI.SwaggerUIMiddleware.Invoke(HttpContext httpContext)
   at Swashbuckle.AspNetCore.Swagger.SwaggerMiddleware.Invoke(HttpContext httpContext, ISwaggerProvider swaggerProvider)
   at Microsoft.AspNetCore.Authorization.AuthorizationMiddleware.Invoke(HttpContext context)
   at IdentityServer4.Hosting.IdentityServerMiddleware.Invoke(HttpContext context, IEndpointRouter router, IUserSession session, IEventService events, IBackChannelLogoutService backChannelLogoutService)
   at IdentityServer4.Hosting.MutualTlsEndpointMiddleware.Invoke(HttpContext context, IAuthenticationSchemeProvider schemes)
   at Microsoft.AspNetCore.Authentication.AuthenticationMiddleware.Invoke(HttpContext context)
   at IdentityServer4.Hosting.BaseUrlMiddleware.Invoke(HttpContext context)
   at Volo.Abp.AspNetCore.Uow.AbpUnitOfWorkMiddleware.InvokeAsync(HttpContext context, RequestDelegate next)
   at Microsoft.AspNetCore.Builder.UseMiddlewareExtensions.<>c__DisplayClass6_1.<<UseMiddlewareInterface>b__1>d.MoveNext()
--- End of stack trace from previous location ---
   at Volo.Abp.AspNetCore.ExceptionHandling.AbpExceptionHandlingMiddleware.InvokeAsync(HttpContext context, RequestDelegate next)
   at Volo.Abp.AspNetCore.ExceptionHandling.AbpExceptionHandlingMiddleware.InvokeAsync(HttpContext context, RequestDelegate next)
   at Microsoft.AspNetCore.Builder.UseMiddlewareExtensions.<>c__DisplayClass6_1.<<UseMiddlewareInterface>b__1>d.MoveNext()
--- End of stack trace from previous location ---
   at Microsoft.AspNetCore.Builder.ApplicationBuilderAbpJwtTokenMiddlewareExtension.<>c__DisplayClass0_0.<<UseJwtTokenMiddleware>b__0>d.MoveNext()
--- End of stack trace from previous location ---
   at Microsoft.AspNetCore.Authentication.AuthenticationMiddleware.Invoke(HttpContext context)
   at Volo.Abp.AspNetCore.Tracing.AbpCorrelationIdMiddleware.InvokeAsync(HttpContext context, RequestDelegate next)
   at Microsoft.AspNetCore.Builder.UseMiddlewareExtensions.<>c__DisplayClass6_1.<<UseMiddlewareInterface>b__1>d.MoveNext()
--- End of stack trace from previous location ---
   at Microsoft.AspNetCore.Localization.RequestLocalizationMiddleware.Invoke(HttpContext context)
   at Microsoft.AspNetCore.RequestLocalization.AbpRequestLocalizationMiddleware.InvokeAsync(HttpContext context, RequestDelegate next)
   at Microsoft.AspNetCore.Builder.UseMiddlewareExtensions.<>c__DisplayClass6_1.<<UseMiddlewareInterface>b__1>d.MoveNext()
--- End of stack trace from previous location ---
   at Microsoft.AspNetCore.Diagnostics.DeveloperExceptionPageMiddleware.Invoke(HttpContext context)
[11:23:34 INF] Request finished HTTP/2 GET https://localhost:44310/api/app/file/?blobName=3a56560148ac43a1a50e5ea5e248dd9d - - - 500 - text/plain 521.6465ms
[11:23:34 INF] Request finished HTTP/2 GET https://localhost:44310/api/app/file/?blobName=293654292a1d4afaa888b6ec9452177b - - - 500 - text/plain 528.2516ms
[11:23:34 INF] Request finished HTTP/2 GET https://localhost:44310/api/app/file/?blobName=17474f92b1894f3390105f8204ef89fd - - - 500 - text/plain 537.0988ms
[11:23:34 INF] Request finished HTTP/2 GET https://localhost:44310/api/app/file/?blobName=a4e9b8f19e8947379ba618a4e06ab877 - - - 500 - text/plain 546.0170ms
[11:23:34 INF] Request finished HTTP/2 GET https://localhost:44310/api/app/file/?blobName=81a352ea06244e369594973aabe1fbd3 - - - 500 - text/plain 555.7115ms
[11:23:37 INF] Request starting HTTP/2 OPTIONS https://localhost:44310/api/app/project/3a0abfce-3b33-6958-4cb0-d6b14b8e3250 - -
[11:23:37 INF] CORS policy execution successful.
[11:23:37 INF] Request finished HTTP/2 OPTIONS https://localhost:44310/api/app/project/3a0abfce-3b33-6958-4cb0-d6b14b8e3250 - - - 204 - - 1.4071ms
[11:23:37 INF] Request starting HTTP/2 GET https://localhost:44310/api/app/project/3a0abfce-3b33-6958-4cb0-d6b14b8e3250 - -
[11:23:37 INF] CORS policy execution successful.
[11:23:37 INF] Successfully validated the token.
[11:23:37 DBG] CORS request made for path: /api/app/project/3a0abfce-3b33-6958-4cb0-d6b14b8e3250 from origin: http://localhost:8200 but was ignored because path was not for an allowed IdentityServer CORS endpoint
[11:23:37 INF] No CORS policy found for the specified request.
[11:23:37 INF] Authorization was successful.
[11:23:37 INF] Executing endpoint 'Glendale.Design.Services.ProjectService.GetAsync (Glendale.Design.Application)'
[11:23:37 INF] Route matched with {action = "Get", controller = "Project", area = "", page = ""}. Executing controller action with signature System.Threading.Tasks.Task`1[Glendale.Design.Dtos.Project.ProjectDto] GetAsync(System.Guid) on controller Glendale.Design.Services.ProjectService (Glendale.Design.Application).
[11:23:37 INF] Authorization was successful.
[11:23:37 INF] Executing ObjectResult, writing value of type 'Glendale.Design.Dtos.Project.ProjectDto'.
[11:23:37 INF] Executed action Glendale.Design.Services.ProjectService.GetAsync (Glendale.Design.Application) in 12.484ms
[11:23:37 INF] Executed endpoint 'Glendale.Design.Services.ProjectService.GetAsync (Glendale.Design.Application)'
[11:23:37 INF] Request finished HTTP/2 GET https://localhost:44310/api/app/project/3a0abfce-3b33-6958-4cb0-d6b14b8e3250 - - - 200 - application/json;+charset=utf-8 20.1950ms
[11:23:37 INF] Request starting HTTP/2 OPTIONS https://localhost:44310/api/identity/my-profile - -
[11:23:37 INF] CORS policy execution successful.
[11:23:37 INF] Request finished HTTP/2 OPTIONS https://localhost:44310/api/identity/my-profile - - - 204 - - 0.8945ms
[11:23:37 INF] Request starting HTTP/2 GET https://localhost:44310/api/identity/my-profile - -
[11:23:37 INF] CORS policy execution successful.
[11:23:37 INF] Successfully validated the token.
[11:23:37 DBG] CORS request made for path: /api/identity/my-profile from origin: http://localhost:8200 but was ignored because path was not for an allowed IdentityServer CORS endpoint
[11:23:37 INF] No CORS policy found for the specified request.
[11:23:37 INF] Executing endpoint 'Volo.Abp.Identity.ProfileController.GetAsync (Volo.Abp.Identity.HttpApi)'
[11:23:37 INF] Route matched with {area = "identity", controller = "Profile", action = "Get", page = ""}. Executing controller action with signature System.Threading.Tasks.Task`1[Volo.Abp.Identity.ProfileDto] GetAsync() on controller Volo.Abp.Identity.ProfileController (Volo.Abp.Identity.HttpApi).
[11:23:37 INF] Authorization was successful.
[11:23:37 INF] Authorization was successful.
[11:23:37 DBG] PermissionStore.GetCacheItemAsync: pn:U,pk:b29944e7-b476-4872-a20e-58e29aa62946,n:AbpIdentity.Roles.ManagePermissions
[11:23:37 DBG] Found in the cache: pn:U,pk:b29944e7-b476-4872-a20e-58e29aa62946,n:AbpIdentity.Roles.ManagePermissions
[11:23:37 DBG] PermissionStore.GetCacheItemAsync: pn:R,pk:system,n:AbpIdentity.Roles.ManagePermissions
[11:23:37 DBG] Found in the cache: pn:R,pk:system,n:AbpIdentity.Roles.ManagePermissions
[11:23:37 DBG] PermissionStore.GetCacheItemAsync: pn:C,pk:Design_BIM,n:AbpIdentity.Roles.ManagePermissions
[11:23:37 DBG] Found in the cache: pn:C,pk:Design_BIM,n:AbpIdentity.Roles.ManagePermissions
[11:23:37 INF] Authorization was successful.
[11:23:37 INF] Executing ObjectResult, writing value of type 'Volo.Abp.Identity.ProfileDto'.
[11:23:37 INF] Executed action Volo.Abp.Identity.ProfileController.GetAsync (Volo.Abp.Identity.HttpApi) in 48.9901ms
[11:23:37 INF] Executed endpoint 'Volo.Abp.Identity.ProfileController.GetAsync (Volo.Abp.Identity.HttpApi)'
[11:23:37 INF] Request finished HTTP/2 GET https://localhost:44310/api/identity/my-profile - - - 200 - application/json;+charset=utf-8 55.7020ms
[11:23:40 INF] Request starting HTTP/2 OPTIONS https://localhost:44310/api/app/document/array?ids=3a0d56a0-54bd-552b-dfaf-d12a1820a485 - -
[11:23:40 INF] CORS policy execution successful.
[11:23:40 INF] Request finished HTTP/2 OPTIONS https://localhost:44310/api/app/document/array?ids=3a0d56a0-54bd-552b-dfaf-d12a1820a485 - - - 204 - - 1.0589ms
[11:23:40 INF] Request starting HTTP/2 GET https://localhost:44310/api/app/document/array?ids=3a0d56a0-54bd-552b-dfaf-d12a1820a485 - -
[11:23:40 INF] CORS policy execution successful.
[11:23:40 INF] Successfully validated the token.
[11:23:40 DBG] CORS request made for path: /api/app/document/array from origin: http://localhost:8200 but was ignored because path was not for an allowed IdentityServer CORS endpoint
[11:23:40 INF] No CORS policy found for the specified request.
[11:23:40 INF] Executing endpoint 'Glendale.Design.Services.DocumentService.GetArrayAsync (Glendale.Design.Application)'
[11:23:40 INF] Route matched with {action = "GetArray", controller = "Document", area = "", page = ""}. Executing controller action with signature System.Threading.Tasks.Task`1[System.Collections.Generic.List`1[Glendale.Design.Dtos.Document.DocumentListDto]] GetArrayAsync(System.Guid[]) on controller Glendale.Design.Services.DocumentService (Glendale.Design.Application).
[11:23:40 INF] Executing ObjectResult, writing value of type 'System.Collections.Generic.List`1[[Glendale.Design.Dtos.Document.DocumentListDto, Glendale.Design.Application.Contracts, Version=1.0.0.0, Culture=neutral, PublicKeyToken=null]]'.
[11:23:40 INF] Executed action Glendale.Design.Services.DocumentService.GetArrayAsync (Glendale.Design.Application) in 26.5379ms
[11:23:40 INF] Executed endpoint 'Glendale.Design.Services.DocumentService.GetArrayAsync (Glendale.Design.Application)'
[11:23:40 INF] Request finished HTTP/2 GET https://localhost:44310/api/app/document/array?ids=3a0d56a0-54bd-552b-dfaf-d12a1820a485 - - - 200 - application/json;+charset=utf-8 40.4922ms
[11:24:18 INF] Request starting HTTP/2 OPTIONS https://localhost:44310/api/app/project/3a0abfce-3b33-6958-4cb0-d6b14b8e3250 - -
[11:24:18 INF] CORS policy execution successful.
[11:24:18 INF] Request finished HTTP/2 OPTIONS https://localhost:44310/api/app/project/3a0abfce-3b33-6958-4cb0-d6b14b8e3250 - - - 204 - - 1.5978ms
[11:24:18 INF] Request starting HTTP/2 GET https://localhost:44310/api/app/project/3a0abfce-3b33-6958-4cb0-d6b14b8e3250 - -
[11:24:18 INF] CORS policy execution successful.
[11:24:18 INF] Successfully validated the token.
[11:24:18 DBG] CORS request made for path: /api/app/project/3a0abfce-3b33-6958-4cb0-d6b14b8e3250 from origin: http://localhost:8200 but was ignored because path was not for an allowed IdentityServer CORS endpoint
[11:24:18 INF] No CORS policy found for the specified request.
[11:24:18 INF] Authorization was successful.
[11:24:18 INF] Executing endpoint 'Glendale.Design.Services.ProjectService.GetAsync (Glendale.Design.Application)'
[11:24:18 INF] Route matched with {action = "Get", controller = "Project", area = "", page = ""}. Executing controller action with signature System.Threading.Tasks.Task`1[Glendale.Design.Dtos.Project.ProjectDto] GetAsync(System.Guid) on controller Glendale.Design.Services.ProjectService (Glendale.Design.Application).
[11:24:18 INF] Authorization was successful.
[11:24:18 INF] Executing ObjectResult, writing value of type 'Glendale.Design.Dtos.Project.ProjectDto'.
[11:24:18 INF] Executed action Glendale.Design.Services.ProjectService.GetAsync (Glendale.Design.Application) in 15.7131ms
[11:24:18 INF] Executed endpoint 'Glendale.Design.Services.ProjectService.GetAsync (Glendale.Design.Application)'
[11:24:18 INF] Request finished HTTP/2 GET https://localhost:44310/api/app/project/3a0abfce-3b33-6958-4cb0-d6b14b8e3250 - - - 200 - application/json;+charset=utf-8 29.6351ms
[11:24:18 INF] Request starting HTTP/2 OPTIONS https://localhost:44310/api/identity/my-profile - -
[11:24:18 INF] CORS policy execution successful.
[11:24:18 INF] Request finished HTTP/2 OPTIONS https://localhost:44310/api/identity/my-profile - - - 204 - - 1.0379ms
[11:24:18 INF] Request starting HTTP/2 GET https://localhost:44310/api/identity/my-profile - -
[11:24:18 INF] CORS policy execution successful.
[11:24:18 INF] Successfully validated the token.
[11:24:18 DBG] CORS request made for path: /api/identity/my-profile from origin: http://localhost:8200 but was ignored because path was not for an allowed IdentityServer CORS endpoint
[11:24:18 INF] No CORS policy found for the specified request.
[11:24:18 INF] Executing endpoint 'Volo.Abp.Identity.ProfileController.GetAsync (Volo.Abp.Identity.HttpApi)'
[11:24:18 INF] Route matched with {area = "identity", controller = "Profile", action = "Get", page = ""}. Executing controller action with signature System.Threading.Tasks.Task`1[Volo.Abp.Identity.ProfileDto] GetAsync() on controller Volo.Abp.Identity.ProfileController (Volo.Abp.Identity.HttpApi).
[11:24:18 INF] Authorization was successful.
[11:24:18 INF] Authorization was successful.
[11:24:18 DBG] PermissionStore.GetCacheItemAsync: pn:U,pk:b29944e7-b476-4872-a20e-58e29aa62946,n:AbpIdentity.Roles.ManagePermissions
[11:24:18 DBG] Found in the cache: pn:U,pk:b29944e7-b476-4872-a20e-58e29aa62946,n:AbpIdentity.Roles.ManagePermissions
[11:24:18 DBG] PermissionStore.GetCacheItemAsync: pn:R,pk:system,n:AbpIdentity.Roles.ManagePermissions
[11:24:18 DBG] Found in the cache: pn:R,pk:system,n:AbpIdentity.Roles.ManagePermissions
[11:24:18 DBG] PermissionStore.GetCacheItemAsync: pn:C,pk:Design_BIM,n:AbpIdentity.Roles.ManagePermissions
[11:24:18 DBG] Found in the cache: pn:C,pk:Design_BIM,n:AbpIdentity.Roles.ManagePermissions
[11:24:18 INF] Authorization was successful.
[11:24:18 INF] Executing ObjectResult, writing value of type 'Volo.Abp.Identity.ProfileDto'.
[11:24:18 INF] Executed action Volo.Abp.Identity.ProfileController.GetAsync (Volo.Abp.Identity.HttpApi) in 61.7987ms
[11:24:18 INF] Executed endpoint 'Volo.Abp.Identity.ProfileController.GetAsync (Volo.Abp.Identity.HttpApi)'
[11:24:18 INF] Request finished HTTP/2 GET https://localhost:44310/api/identity/my-profile - - - 200 - application/json;+charset=utf-8 70.6361ms
[11:24:28 INF] Request starting HTTP/2 OPTIONS https://localhost:44310/api/app/document/array?ids=3a0d56a0-54bd-552b-dfaf-d12a1820a485 - -
[11:24:28 INF] CORS policy execution successful.
[11:24:28 INF] Request finished HTTP/2 OPTIONS https://localhost:44310/api/app/document/array?ids=3a0d56a0-54bd-552b-dfaf-d12a1820a485 - - - 204 - - 1.6828ms
[11:24:28 INF] Request starting HTTP/2 GET https://localhost:44310/api/app/document/array?ids=3a0d56a0-54bd-552b-dfaf-d12a1820a485 - -
[11:24:28 INF] CORS policy execution successful.
[11:24:28 INF] Successfully validated the token.
[11:24:28 DBG] CORS request made for path: /api/app/document/array from origin: http://localhost:8200 but was ignored because path was not for an allowed IdentityServer CORS endpoint
[11:24:28 INF] No CORS policy found for the specified request.
[11:24:28 INF] Executing endpoint 'Glendale.Design.Services.DocumentService.GetArrayAsync (Glendale.Design.Application)'
[11:24:28 INF] Route matched with {action = "GetArray", controller = "Document", area = "", page = ""}. Executing controller action with signature System.Threading.Tasks.Task`1[System.Collections.Generic.List`1[Glendale.Design.Dtos.Document.DocumentListDto]] GetArrayAsync(System.Guid[]) on controller Glendale.Design.Services.DocumentService (Glendale.Design.Application).
[11:24:28 INF] Executing ObjectResult, writing value of type 'System.Collections.Generic.List`1[[Glendale.Design.Dtos.Document.DocumentListDto, Glendale.Design.Application.Contracts, Version=1.0.0.0, Culture=neutral, PublicKeyToken=null]]'.
[11:24:28 INF] Executed action Glendale.Design.Services.DocumentService.GetArrayAsync (Glendale.Design.Application) in 11.2179ms
[11:24:28 INF] Executed endpoint 'Glendale.Design.Services.DocumentService.GetArrayAsync (Glendale.Design.Application)'
[11:24:28 INF] Request finished HTTP/2 GET https://localhost:44310/api/app/document/array?ids=3a0d56a0-54bd-552b-dfaf-d12a1820a485 - - - 200 - application/json;+charset=utf-8 20.0904ms
[11:25:51 INF] Request starting HTTP/2 OPTIONS https://localhost:44310/api/app/project/3a0abfce-3b33-6958-4cb0-d6b14b8e3250 - -
[11:25:51 INF] CORS policy execution successful.
[11:25:51 INF] Request finished HTTP/2 OPTIONS https://localhost:44310/api/app/project/3a0abfce-3b33-6958-4cb0-d6b14b8e3250 - - - 204 - - 2.3774ms
[11:25:51 INF] Request starting HTTP/2 GET https://localhost:44310/api/app/project/3a0abfce-3b33-6958-4cb0-d6b14b8e3250 - -
[11:25:51 INF] CORS policy execution successful.
[11:25:51 INF] Successfully validated the token.
[11:25:51 DBG] CORS request made for path: /api/app/project/3a0abfce-3b33-6958-4cb0-d6b14b8e3250 from origin: http://localhost:8200 but was ignored because path was not for an allowed IdentityServer CORS endpoint
[11:25:51 INF] No CORS policy found for the specified request.
[11:25:51 INF] Authorization was successful.
[11:25:51 INF] Executing endpoint 'Glendale.Design.Services.ProjectService.GetAsync (Glendale.Design.Application)'
[11:25:51 INF] Route matched with {action = "Get", controller = "Project", area = "", page = ""}. Executing controller action with signature System.Threading.Tasks.Task`1[Glendale.Design.Dtos.Project.ProjectDto] GetAsync(System.Guid) on controller Glendale.Design.Services.ProjectService (Glendale.Design.Application).
[11:25:51 INF] Authorization was successful.
[11:25:51 INF] Executing ObjectResult, writing value of type 'Glendale.Design.Dtos.Project.ProjectDto'.
[11:25:51 INF] Executed action Glendale.Design.Services.ProjectService.GetAsync (Glendale.Design.Application) in 16.0996ms
[11:25:51 INF] Executed endpoint 'Glendale.Design.Services.ProjectService.GetAsync (Glendale.Design.Application)'
[11:25:51 INF] Request finished HTTP/2 GET https://localhost:44310/api/app/project/3a0abfce-3b33-6958-4cb0-d6b14b8e3250 - - - 200 - application/json;+charset=utf-8 25.8186ms
[11:25:51 INF] Request starting HTTP/2 OPTIONS https://localhost:44310/api/identity/my-profile - -
[11:25:51 INF] CORS policy execution successful.
[11:25:51 INF] Request finished HTTP/2 OPTIONS https://localhost:44310/api/identity/my-profile - - - 204 - - 1.0865ms
[11:25:51 INF] Request starting HTTP/2 GET https://localhost:44310/api/identity/my-profile - -
[11:25:51 INF] CORS policy execution successful.
[11:25:51 INF] Successfully validated the token.
[11:25:51 DBG] CORS request made for path: /api/identity/my-profile from origin: http://localhost:8200 but was ignored because path was not for an allowed IdentityServer CORS endpoint
[11:25:51 INF] No CORS policy found for the specified request.
[11:25:51 INF] Executing endpoint 'Volo.Abp.Identity.ProfileController.GetAsync (Volo.Abp.Identity.HttpApi)