[11:49:04 INF] Starting Glendale.Design.HttpApi.Host.
[11:49:08 INF] User profile is available. Using 'C:\Users\Administrator\AppData\Local\ASP.NET\DataProtection-Keys' as key repository and Windows DPAPI to encrypt keys at rest.
[11:49:08 INF] Loaded ABP modules:
[11:49:08 INF] - Glendale.Design.DesignHttpApiHostModule
[11:49:08 INF]   - Glendale.Design.DesignHttpApiModule
[11:49:08 INF]     - Glendale.Design.DesignApplicationContractsModule
[11:49:08 INF]       - Glendale.Design.DesignDomainSharedModule
[11:49:08 INF]         - Volo.Abp.AuditLogging.AbpAuditLoggingDomainSharedModule
[11:49:08 INF]         - Volo.Abp.BackgroundJobs.AbpBackgroundJobsDomainSharedModule
[11:49:08 INF]         - Volo.Abp.FeatureManagement.AbpFeatureManagementDomainSharedModule
[11:49:08 INF]           - Volo.Abp.Validation.AbpValidationModule
[11:49:08 INF]             - Volo.Abp.Validation.AbpValidationAbstractionsModule
[11:49:08 INF]             - Volo.Abp.Localization.AbpLocalizationModule
[11:49:08 INF]               - Volo.Abp.VirtualFileSystem.AbpVirtualFileSystemModule
[11:49:08 INF]               - Volo.Abp.Settings.AbpSettingsModule
[11:49:08 INF]                 - Volo.Abp.Localization.AbpLocalizationAbstractionsModule
[11:49:08 INF]                 - Volo.Abp.Security.AbpSecurityModule
[11:49:08 INF]                 - Volo.Abp.MultiTenancy.AbpMultiTenancyModule
[11:49:08 INF]                   - Volo.Abp.Data.AbpDataModule
[11:49:08 INF]                     - Volo.Abp.ObjectExtending.AbpObjectExtendingModule
[11:49:08 INF]                     - Volo.Abp.Uow.AbpUnitOfWorkModule
[11:49:08 INF]                     - Volo.Abp.EventBus.Abstractions.AbpEventBusAbstractionsModule
[11:49:08 INF]         - Volo.Abp.Identity.AbpIdentityDomainSharedModule
[11:49:08 INF]           - Volo.Abp.Users.AbpUsersDomainSharedModule
[11:49:08 INF]           - Volo.Abp.Features.AbpFeaturesModule
[11:49:08 INF]             - Volo.Abp.Authorization.AbpAuthorizationAbstractionsModule
[11:49:08 INF]         - Volo.Abp.IdentityServer.AbpIdentityServerDomainSharedModule
[11:49:08 INF]         - Volo.Abp.PermissionManagement.AbpPermissionManagementDomainSharedModule
[11:49:08 INF]         - Volo.Abp.SettingManagement.AbpSettingManagementDomainSharedModule
[11:49:08 INF]       - Volo.Abp.Account.AbpAccountApplicationContractsModule
[11:49:08 INF]         - Volo.Abp.Identity.AbpIdentityApplicationContractsModule
[11:49:08 INF]           - Volo.Abp.Users.AbpUsersAbstractionModule
[11:49:08 INF]             - Volo.Abp.EventBus.AbpEventBusModule
[11:49:08 INF]               - Volo.Abp.Json.AbpJsonModule
[11:49:08 INF]                 - Volo.Abp.Timing.AbpTimingModule
[11:49:08 INF]           - Volo.Abp.Authorization.AbpAuthorizationModule
[11:49:08 INF]           - Volo.Abp.PermissionManagement.AbpPermissionManagementApplicationContractsModule
[11:49:08 INF]             - Volo.Abp.Application.AbpDddApplicationContractsModule
[11:49:08 INF]               - Volo.Abp.Auditing.AbpAuditingModule
[11:49:08 INF]                 - Volo.Abp.Threading.AbpThreadingModule
[11:49:08 INF]       - Volo.Abp.FeatureManagement.AbpFeatureManagementApplicationContractsModule
[11:49:08 INF]       - Volo.Abp.SettingManagement.AbpSettingManagementApplicationContractsModule
[11:49:08 INF]     - Volo.Abp.Account.AbpAccountHttpApiModule
[11:49:08 INF]       - Volo.Abp.Identity.AbpIdentityHttpApiModule
[11:49:08 INF]         - Volo.Abp.AspNetCore.Mvc.AbpAspNetCoreMvcModule
[11:49:08 INF]           - Volo.Abp.AspNetCore.AbpAspNetCoreModule
[11:49:08 INF]             - Volo.Abp.Http.AbpHttpModule
[11:49:08 INF]               - Volo.Abp.Http.AbpHttpAbstractionsModule
[11:49:08 INF]               - Volo.Abp.Minify.AbpMinifyModule
[11:49:08 INF]             - Volo.Abp.ExceptionHandling.AbpExceptionHandlingModule
[11:49:08 INF]           - Volo.Abp.ApiVersioning.AbpApiVersioningAbstractionsModule
[11:49:08 INF]           - Volo.Abp.AspNetCore.Mvc.AbpAspNetCoreMvcContractsModule
[11:49:08 INF]           - Volo.Abp.UI.Navigation.AbpUiNavigationModule
[11:49:08 INF]             - Volo.Abp.UI.AbpUiModule
[11:49:08 INF]           - Volo.Abp.GlobalFeatures.AbpGlobalFeaturesModule
[11:49:08 INF]           - Volo.Abp.Application.AbpDddApplicationModule
[11:49:08 INF]             - Volo.Abp.Domain.AbpDddDomainModule
[11:49:08 INF]               - Volo.Abp.Guids.AbpGuidsModule
[11:49:08 INF]               - Volo.Abp.ObjectMapping.AbpObjectMappingModule
[11:49:08 INF]               - Volo.Abp.Specifications.AbpSpecificationsModule
[11:49:08 INF]     - Volo.Abp.PermissionManagement.HttpApi.AbpPermissionManagementHttpApiModule
[11:49:08 INF]     - Volo.Abp.FeatureManagement.AbpFeatureManagementHttpApiModule
[11:49:08 INF]     - Volo.Abp.SettingManagement.AbpSettingManagementHttpApiModule
[11:49:08 INF]   - Glendale.Design.DesignApplicationModule
[11:49:08 INF]     - Glendale.Design.DesignDomainModule
[11:49:08 INF]       - Volo.Abp.AuditLogging.AbpAuditLoggingDomainModule
[11:49:08 INF]       - Volo.Abp.BackgroundJobs.AbpBackgroundJobsDomainModule
[11:49:08 INF]         - Volo.Abp.BackgroundJobs.AbpBackgroundJobsModule
[11:49:08 INF]           - Volo.Abp.BackgroundJobs.AbpBackgroundJobsAbstractionsModule
[11:49:08 INF]           - Volo.Abp.BackgroundWorkers.AbpBackgroundWorkersModule
[11:49:08 INF]         - Volo.Abp.AutoMapper.AbpAutoMapperModule
[11:49:08 INF]       - Volo.Abp.FeatureManagement.AbpFeatureManagementDomainModule
[11:49:08 INF]         - Volo.Abp.Caching.AbpCachingModule
[11:49:08 INF]           - Volo.Abp.Serialization.AbpSerializationModule
[11:49:08 INF]       - Volo.Abp.Identity.AbpIdentityDomainModule
[11:49:08 INF]         - Volo.Abp.Users.AbpUsersDomainModule
[11:49:08 INF]       - Volo.Abp.PermissionManagement.Identity.AbpPermissionManagementDomainIdentityModule
[11:49:08 INF]         - Volo.Abp.PermissionManagement.AbpPermissionManagementDomainModule
[11:49:08 INF]       - Volo.Abp.IdentityServer.AbpIdentityServerDomainModule
[11:49:08 INF]       - Volo.Abp.PermissionManagement.IdentityServer.AbpPermissionManagementDomainIdentityServerModule
[11:49:08 INF]       - Volo.Abp.SettingManagement.AbpSettingManagementDomainModule
[11:49:08 INF]       - Volo.Abp.BlobStoring.AbpBlobStoringModule
[11:49:08 INF]       - Volo.Abp.Emailing.AbpEmailingModule
[11:49:08 INF]         - Volo.Abp.TextTemplating.AbpTextTemplatingModule
[11:49:08 INF]           - Volo.Abp.TextTemplating.Scriban.AbpTextTemplatingScribanModule
[11:49:08 INF]             - Volo.Abp.TextTemplating.AbpTextTemplatingCoreModule
[11:49:08 INF]     - Glendale.Design.DesignCoreModule
[11:49:08 INF]       - Volo.Abp.EntityFrameworkCore.AbpEntityFrameworkCoreModule
[11:49:08 INF]     - Volo.Abp.Account.AbpAccountApplicationModule
[11:49:08 INF]       - Volo.Abp.Identity.AbpIdentityApplicationModule
[11:49:08 INF]         - Volo.Abp.PermissionManagement.AbpPermissionManagementApplicationModule
[11:49:08 INF]     - Volo.Abp.FeatureManagement.AbpFeatureManagementApplicationModule
[11:49:08 INF]     - Volo.Abp.SettingManagement.AbpSettingManagementApplicationModule
[11:49:08 INF]   - Glendale.Design.EntityFrameworkCore.DesignEntityFrameworkCoreModule
[11:49:08 INF]     - Volo.Abp.Identity.EntityFrameworkCore.AbpIdentityEntityFrameworkCoreModule
[11:49:08 INF]       - Volo.Abp.Users.EntityFrameworkCore.AbpUsersEntityFrameworkCoreModule
[11:49:08 INF]     - Volo.Abp.IdentityServer.EntityFrameworkCore.AbpIdentityServerEntityFrameworkCoreModule
[11:49:08 INF]     - Volo.Abp.PermissionManagement.EntityFrameworkCore.AbpPermissionManagementEntityFrameworkCoreModule
[11:49:08 INF]     - Volo.Abp.SettingManagement.EntityFrameworkCore.AbpSettingManagementEntityFrameworkCoreModule
[11:49:08 INF]     - Volo.Abp.EntityFrameworkCore.MySQL.AbpEntityFrameworkCoreMySQLModule
[11:49:08 INF]     - Volo.Abp.BackgroundJobs.EntityFrameworkCore.AbpBackgroundJobsEntityFrameworkCoreModule
[11:49:08 INF]     - Volo.Abp.AuditLogging.EntityFrameworkCore.AbpAuditLoggingEntityFrameworkCoreModule
[11:49:08 INF]     - Volo.Abp.FeatureManagement.EntityFrameworkCore.AbpFeatureManagementEntityFrameworkCoreModule
[11:49:08 INF]   - Glendale.Design.EntityFrameworkCore.DesignModelEntityFrameworkCoreModule
[11:49:08 INF]   - Volo.Abp.Autofac.AbpAutofacModule
[11:49:08 INF]     - Volo.Abp.Castle.AbpCastleCoreModule
[11:49:08 INF]   - Volo.Abp.AspNetCore.Mvc.UI.Theme.Basic.AbpAspNetCoreMvcUiBasicThemeModule
[11:49:08 INF]     - Volo.Abp.AspNetCore.Mvc.UI.Theme.Shared.AbpAspNetCoreMvcUiThemeSharedModule
[11:49:08 INF]       - Volo.Abp.AspNetCore.Mvc.UI.Bootstrap.AbpAspNetCoreMvcUiBootstrapModule
[11:49:08 INF]         - Volo.Abp.AspNetCore.Mvc.UI.AbpAspNetCoreMvcUiModule
[11:49:08 INF]       - Volo.Abp.AspNetCore.Mvc.UI.Packages.AbpAspNetCoreMvcUiPackagesModule
[11:49:08 INF]         - Volo.Abp.AspNetCore.Mvc.UI.Bundling.AbpAspNetCoreMvcUiBundlingAbstractionsModule
[11:49:08 INF]       - Volo.Abp.AspNetCore.Mvc.UI.Widgets.AbpAspNetCoreMvcUiWidgetsModule
[11:49:08 INF]         - Volo.Abp.AspNetCore.Mvc.UI.Bundling.AbpAspNetCoreMvcUiBundlingModule
[11:49:08 INF]     - Volo.Abp.AspNetCore.Mvc.UI.MultiTenancy.AbpAspNetCoreMvcUiMultiTenancyModule
[11:49:08 INF]       - Volo.Abp.AspNetCore.MultiTenancy.AbpAspNetCoreMultiTenancyModule
[11:49:08 INF]   - Volo.Abp.AspNetCore.Authentication.JwtBearer.AbpAspNetCoreAuthenticationJwtBearerModule
[11:49:08 INF]   - Volo.Abp.Account.Web.AbpAccountWebIdentityServerModule
[11:49:08 INF]     - Volo.Abp.Account.Web.AbpAccountWebModule
[11:49:08 INF]       - Volo.Abp.Identity.AspNetCore.AbpIdentityAspNetCoreModule
[11:49:08 INF]   - Volo.Abp.AspNetCore.Serilog.AbpAspNetCoreSerilogModule
[11:49:08 INF]   - Volo.Abp.Swashbuckle.AbpSwashbuckleModule
[11:49:08 INF]   - Volo.Abp.BlobStoring.FileSystem.AbpBlobStoringFileSystemModule
[11:49:08 DBG] Started background worker: Volo.Abp.BackgroundJobs.BackgroundJobWorker
[11:49:08 DBG] Started background worker: Volo.Abp.IdentityServer.Tokens.TokenCleanupBackgroundWorker
[11:49:08 DBG] Started background worker: Glendale.Design.Jobs.ModelStateCheckerWorker
[11:49:08 DBG] Started background worker: Glendale.Design.Jobs.CADStateCheckerWorker
[11:49:08 INF] Starting IdentityServer4 version 4.1.1+cebd52f5bc61bdefc262fd20739d4d087c6f961f
[11:49:09 INF] Using the default authentication scheme Identity.Application for IdentityServer
[11:49:09 DBG] Using Identity.Application as default ASP.NET Core scheme for authentication
[11:49:09 DBG] Using Identity.External as default ASP.NET Core scheme for sign-in
[11:49:09 DBG] Using Identity.External as default ASP.NET Core scheme for sign-out
[11:49:09 DBG] Using Identity.Application as default ASP.NET Core scheme for challenge
[11:49:09 DBG] Using Identity.Application as default ASP.NET Core scheme for forbid
[11:49:10 DBG] sharding core starting......
[11:49:10 DBG] Glendale.Design.EntityFrameworkCore.DesignModelDbContext  start init......
info: Microsoft.EntityFrameworkCore.Database.Command[20101]
      Executed DbCommand (15ms) [Parameters=[], CommandType='Text', CommandTimeout='30']
      SELECT CASE WHEN COUNT(*) = 0 THEN FALSE ELSE TRUE END
      FROM information_schema.tables
      WHERE table_type = 'BASE TABLE' AND table_schema = 'ueDemoData_Model'
[11:49:12 WRN] Entity 'Combine' has a global query filter defined and is the required end of a relationship with the entity 'CombineFlatten'. This may lead to unexpected results when the required entity is filtered out. Either configure the navigation as optional, or define matching query filters for both entities in the navigation. See https://go.microsoft.com/fwlink/?linkid=2131316 for more information.
[11:49:12 WRN] Entity 'Combine' has a global query filter defined and is the required end of a relationship with the entity 'CombineLog'. This may lead to unexpected results when the required entity is filtered out. Either configure the navigation as optional, or define matching query filters for both entities in the navigation. See https://go.microsoft.com/fwlink/?linkid=2131316 for more information.
[11:49:12 WRN] Entity 'Document' has a global query filter defined and is the required end of a relationship with the entity 'DocumentLog'. This may lead to unexpected results when the required entity is filtered out. Either configure the navigation as optional, or define matching query filters for both entities in the navigation. See https://go.microsoft.com/fwlink/?linkid=2131316 for more information.
[11:49:12 WRN] Entity 'DocumentVersion' has a global query filter defined and is the required end of a relationship with the entity 'DocumentVerThan'. This may lead to unexpected results when the required entity is filtered out. Either configure the navigation as optional, or define matching query filters for both entities in the navigation. See https://go.microsoft.com/fwlink/?linkid=2131316 for more information.
[11:49:12 WRN] Entity 'Message' has a global query filter defined and is the required end of a relationship with the entity 'MessageReceive'. This may lead to unexpected results when the required entity is filtered out. Either configure the navigation as optional, or define matching query filters for both entities in the navigation. See https://go.microsoft.com/fwlink/?linkid=2131316 for more information.
[11:49:12 WRN] Entity 'Project' has a global query filter defined and is the required end of a relationship with the entity 'ProjectFolder'. This may lead to unexpected results when the required entity is filtered out. Either configure the navigation as optional, or define matching query filters for both entities in the navigation. See https://go.microsoft.com/fwlink/?linkid=2131316 for more information.
[11:49:12 WRN] Entity 'IdentityUser' has a global query filter defined and is the required end of a relationship with the entity 'ProjectFolderUser'. This may lead to unexpected results when the required entity is filtered out. Either configure the navigation as optional, or define matching query filters for both entities in the navigation. See https://go.microsoft.com/fwlink/?linkid=2131316 for more information.
[11:49:12 WRN] Entity 'Project' has a global query filter defined and is the required end of a relationship with the entity 'ProjectImage'. This may lead to unexpected results when the required entity is filtered out. Either configure the navigation as optional, or define matching query filters for both entities in the navigation. See https://go.microsoft.com/fwlink/?linkid=2131316 for more information.
[11:49:12 WRN] Entity 'Project' has a global query filter defined and is the required end of a relationship with the entity 'ProjectUser'. This may lead to unexpected results when the required entity is filtered out. Either configure the navigation as optional, or define matching query filters for both entities in the navigation. See https://go.microsoft.com/fwlink/?linkid=2131316 for more information.
[11:49:13 DBG] Glendale.Design.EntityFrameworkCore.DesignModelDbContext  complete init
[11:49:13 INF] Initialized all ABP modules.
[11:49:13 INF] Application started. Press Ctrl+C to shut down.
[11:49:13 INF] Hosting environment: Development
[11:49:13 INF] Content root path: D:\最新版一键安装包\github\源码\服务器端引擎示例demo源码\net-core_uedemo\src\Glendale.Design.HttpApi.Host
[11:49:13 INF] Request starting HTTP/2 OPTIONS https://localhost:44310/api/app/combine?maxResultCount=10&skipCount=0&sorting=creationTime+desc&docTypes[]=2&docTypes[]=3&projectId=3a0abfce-3b33-6958-4cb0-d6b14b8e3250&pageSize=10&pageNo=1 - -
[11:49:13 INF] Request starting HTTP/2 OPTIONS https://localhost:44310/api/app/project-folder/trees/3a0abfce-3b33-6958-4cb0-d6b14b8e3250 - -
[11:49:13 INF] Request starting HTTP/2 OPTIONS https://localhost:44310/api/app/project-folder/trees/3a0abfce-3b33-6958-4cb0-d6b14b8e3250 - -
[11:49:13 INF] Request starting HTTP/2 OPTIONS https://localhost:44310/api/app/project-folder/trees/3a0abfce-3b33-6958-4cb0-d6b14b8e3250 - -
[11:49:13 INF] Request starting HTTP/2 OPTIONS https://localhost:44310/api/app/project-folder/trees/3a0abfce-3b33-6958-4cb0-d6b14b8e3250 - -
[11:49:13 INF] Request starting HTTP/2 OPTIONS https://localhost:44310/api/app/document?documentType=1&documentType=2&documentType=3&sorting=creationTime%20desc&projectId=3a0abfce-3b33-6958-4cb0-d6b14b8e3250&MaxResultCount=10&SkipCount=0 - -
[11:49:13 INF] Request starting HTTP/2 OPTIONS https://localhost:44310/api/app/document?documentType=1&documentType=2&documentType=3&sorting=creationTime%20desc&projectId=3a0abfce-3b33-6958-4cb0-d6b14b8e3250&MaxResultCount=10&SkipCount=0 - -
[11:49:13 INF] Request starting HTTP/2 OPTIONS https://localhost:44310/api/app/document?documentType=1&documentType=2&documentType=3&sorting=creationTime%20desc&projectId=3a0abfce-3b33-6958-4cb0-d6b14b8e3250&MaxResultCount=10&SkipCount=0 - -
[11:49:13 INF] Request starting HTTP/2 OPTIONS https://localhost:44310/api/app/project-folder/trees/3a0abfce-3b33-6958-4cb0-d6b14b8e3250 - -
[11:49:13 INF] Request starting HTTP/2 OPTIONS https://localhost:44310/api/app/project-folder/trees/3a0abfce-3b33-6958-4cb0-d6b14b8e3250 - -
[11:49:13 INF] Request starting HTTP/2 OPTIONS https://localhost:44310/api/app/document?documentType=1&documentType=2&documentType=3&sorting=creationTime%20desc&projectId=3a0abfce-3b33-6958-4cb0-d6b14b8e3250&MaxResultCount=10&SkipCount=0 - -
[11:49:13 INF] Request starting HTTP/2 OPTIONS https://localhost:44310/api/app/document?documentType=1&documentType=2&documentType=3&sorting=creationTime%20desc&projectId=3a0abfce-3b33-6958-4cb0-d6b14b8e3250&MaxResultCount=10&SkipCount=0 - -
[11:49:13 INF] Request starting HTTP/2 OPTIONS https://localhost:44310/api/app/document?documentType=1&documentType=2&documentType=3&sorting=creationTime%20desc&projectId=3a0abfce-3b33-6958-4cb0-d6b14b8e3250&MaxResultCount=10&SkipCount=0 - -
[11:49:13 INF] Request starting HTTP/2 OPTIONS https://localhost:44310/api/app/project-folder/trees/3a0abfce-3b33-6958-4cb0-d6b14b8e3250 - -
[11:49:13 INF] CORS policy execution successful.
[11:49:13 INF] CORS policy execution successful.
[11:49:13 INF] CORS policy execution successful.
[11:49:13 INF] CORS policy execution successful.
[11:49:13 INF] CORS policy execution successful.
[11:49:13 INF] CORS policy execution successful.
[11:49:13 INF] CORS policy execution successful.
[11:49:13 INF] CORS policy execution successful.
[11:49:13 INF] Request finished HTTP/2 OPTIONS https://localhost:44310/api/app/combine?maxResultCount=10&skipCount=0&sorting=creationTime+desc&docTypes[]=2&docTypes[]=3&projectId=3a0abfce-3b33-6958-4cb0-d6b14b8e3250&pageSize=10&pageNo=1 - - - 204 - - 363.5299ms
[11:49:13 INF] Request finished HTTP/2 OPTIONS https://localhost:44310/api/app/project-folder/trees/3a0abfce-3b33-6958-4cb0-d6b14b8e3250 - - - 204 - - 363.5266ms
[11:49:13 INF] Request finished HTTP/2 OPTIONS https://localhost:44310/api/app/project-folder/trees/3a0abfce-3b33-6958-4cb0-d6b14b8e3250 - - - 204 - - 363.5512ms
[11:49:13 INF] Request finished HTTP/2 OPTIONS https://localhost:44310/api/app/document?documentType=1&documentType=2&documentType=3&sorting=creationTime%20desc&projectId=3a0abfce-3b33-6958-4cb0-d6b14b8e3250&MaxResultCount=10&SkipCount=0 - - - 204 - - 363.5619ms
[11:49:13 INF] Request finished HTTP/2 OPTIONS https://localhost:44310/api/app/document?documentType=1&documentType=2&documentType=3&sorting=creationTime%20desc&projectId=3a0abfce-3b33-6958-4cb0-d6b14b8e3250&MaxResultCount=10&SkipCount=0 - - - 204 - - 363.5315ms
[11:49:13 INF] Request finished HTTP/2 OPTIONS https://localhost:44310/api/app/project-folder/trees/3a0abfce-3b33-6958-4cb0-d6b14b8e3250 - - - 204 - - 363.5664ms
[11:49:13 INF] Request finished HTTP/2 OPTIONS https://localhost:44310/api/app/document?documentType=1&documentType=2&documentType=3&sorting=creationTime%20desc&projectId=3a0abfce-3b33-6958-4cb0-d6b14b8e3250&MaxResultCount=10&SkipCount=0 - - - 204 - - 363.5772ms
[11:49:13 INF] Request finished HTTP/2 OPTIONS https://localhost:44310/api/app/project-folder/trees/3a0abfce-3b33-6958-4cb0-d6b14b8e3250 - - - 204 - - 363.5516ms
[11:49:13 INF] Request starting HTTP/2 GET https://localhost:44310/api/app/combine?maxResultCount=10&skipCount=0&sorting=creationTime+desc&docTypes[]=2&docTypes[]=3&projectId=3a0abfce-3b33-6958-4cb0-d6b14b8e3250&pageSize=10&pageNo=1 - -
[11:49:13 INF] Request starting HTTP/2 GET https://localhost:44310/api/app/project-folder/trees/3a0abfce-3b33-6958-4cb0-d6b14b8e3250 - -
[11:49:13 INF] Request starting HTTP/2 GET https://localhost:44310/api/app/document?documentType=1&documentType=2&documentType=3&sorting=creationTime%20desc&projectId=3a0abfce-3b33-6958-4cb0-d6b14b8e3250&MaxResultCount=10&SkipCount=0 - -
[11:49:13 INF] CORS policy execution successful.
[11:49:13 INF] CORS policy execution successful.
[11:49:13 INF] Request finished HTTP/2 OPTIONS https://localhost:44310/api/app/project-folder/trees/3a0abfce-3b33-6958-4cb0-d6b14b8e3250 - - - 204 - - 368.5415ms
[11:49:13 INF] CORS policy execution successful.
[11:49:13 INF] CORS policy execution successful.
[11:49:13 INF] CORS policy execution successful.
[11:49:13 INF] Request finished HTTP/2 OPTIONS https://localhost:44310/api/app/document?documentType=1&documentType=2&documentType=3&sorting=creationTime%20desc&projectId=3a0abfce-3b33-6958-4cb0-d6b14b8e3250&MaxResultCount=10&SkipCount=0 - - - 204 - - 349.4419ms
[11:49:13 INF] CORS policy execution successful.
[11:49:13 INF] CORS policy execution successful.
[11:49:13 INF] Request finished HTTP/2 OPTIONS https://localhost:44310/api/app/project-folder/trees/3a0abfce-3b33-6958-4cb0-d6b14b8e3250 - - - 204 - - 350.0762ms
[11:49:13 INF] Request finished HTTP/2 OPTIONS https://localhost:44310/api/app/project-folder/trees/3a0abfce-3b33-6958-4cb0-d6b14b8e3250 - - - 204 - - 350.3844ms
[11:49:13 INF] CORS policy execution successful.
[11:49:13 INF] Request finished HTTP/2 OPTIONS https://localhost:44310/api/app/document?documentType=1&documentType=2&documentType=3&sorting=creationTime%20desc&projectId=3a0abfce-3b33-6958-4cb0-d6b14b8e3250&MaxResultCount=10&SkipCount=0 - - - 204 - - 351.1903ms
[11:49:13 INF] CORS policy execution successful.
[11:49:13 INF] Request finished HTTP/2 OPTIONS https://localhost:44310/api/app/document?documentType=1&documentType=2&documentType=3&sorting=creationTime%20desc&projectId=3a0abfce-3b33-6958-4cb0-d6b14b8e3250&MaxResultCount=10&SkipCount=0 - - - 204 - - 352.0584ms
[11:49:13 DBG] Login Url: /Account/Login
[11:49:13 DBG] Login Return Url Parameter: ReturnUrl
[11:49:13 DBG] Logout Url: /Account/Logout
[11:49:13 DBG] ConsentUrl Url: /Consent
[11:49:13 DBG] Consent Return Url Parameter: returnUrl
[11:49:13 DBG] Error Url: /Account/Error
[11:49:13 DBG] Error Id Parameter: errorId
[11:49:13 INF] Request starting HTTP/1.1 GET https://localhost:44310/.well-known/openid-configuration - -
[11:49:13 DBG] Request path /.well-known/openid-configuration matched to endpoint type Discovery
[11:49:14 DBG] Endpoint enabled: Discovery, successfully created handler: IdentityServer4.Endpoints.DiscoveryEndpoint
[11:49:14 INF] Invoking IdentityServer endpoint: IdentityServer4.Endpoints.DiscoveryEndpoint for /.well-known/openid-configuration
[11:49:14 DBG] Start discovery request
[11:49:14 INF] Request finished HTTP/1.1 GET https://localhost:44310/.well-known/openid-configuration - - - 200 - application/json;+charset=UTF-8 1124.7896ms
[11:49:14 INF] Request starting HTTP/1.1 GET https://localhost:44310/.well-known/openid-configuration/jwks - -
[11:49:14 DBG] Request path /.well-known/openid-configuration/jwks matched to endpoint type Discovery
[11:49:14 DBG] Endpoint enabled: Discovery, successfully created handler: IdentityServer4.Endpoints.DiscoveryKeyEndpoint
[11:49:14 INF] Invoking IdentityServer endpoint: IdentityServer4.Endpoints.DiscoveryKeyEndpoint for /.well-known/openid-configuration/jwks
[11:49:14 DBG] Start key discovery request
[11:49:14 INF] Request finished HTTP/1.1 GET https://localhost:44310/.well-known/openid-configuration/jwks - - - 200 - application/json;+charset=UTF-8 18.7066ms
[11:49:14 INF] Successfully validated the token.
[11:49:14 INF] Successfully validated the token.
[11:49:14 INF] Successfully validated the token.
[11:49:14 DBG] CORS request made for path: /api/app/project-folder/trees/3a0abfce-3b33-6958-4cb0-d6b14b8e3250 from origin: http://localhost:8200 but was ignored because path was not for an allowed IdentityServer CORS endpoint
[11:49:14 DBG] CORS request made for path: /api/app/document from origin: http://localhost:8200 but was ignored because path was not for an allowed IdentityServer CORS endpoint
[11:49:14 DBG] CORS request made for path: /api/app/combine from origin: http://localhost:8200 but was ignored because path was not for an allowed IdentityServer CORS endpoint
[11:49:14 INF] No CORS policy found for the specified request.
[11:49:14 INF] No CORS policy found for the specified request.
[11:49:14 INF] No CORS policy found for the specified request.
[11:49:14 INF] Authorization was successful.
[11:49:14 INF] Authorization was successful.
[11:49:14 INF] Executing endpoint 'Glendale.Design.Services.ProjectFolderService.GetTreesAsync (Glendale.Design.Application)'
[11:49:14 INF] Executing endpoint 'Glendale.Design.Services.CombineService.GetListAsync (Glendale.Design.Application)'
[11:49:14 INF] Executing endpoint 'Glendale.Design.Services.DocumentService.GetListAsync (Glendale.Design.Application)'
[11:49:15 INF] Route matched with {action = "GetList", controller = "Combine", area = "", page = ""}. Executing controller action with signature System.Threading.Tasks.Task`1[Volo.Abp.Application.Dtos.PagedResultDto`1[Glendale.Design.Dtos.Combine.CombineListDto]] GetListAsync(Glendale.Design.Dtos.Combine.GetListCombineInput) on controller Glendale.Design.Services.CombineService (Glendale.Design.Application).
[11:49:15 INF] Route matched with {action = "GetTrees", controller = "ProjectFolder", area = "", page = ""}. Executing controller action with signature System.Threading.Tasks.Task`1[System.Collections.Generic.IEnumerable`1[Glendale.Design.Dtos.TreeDto]] GetTreesAsync(System.Guid) on controller Glendale.Design.Services.ProjectFolderService (Glendale.Design.Application).
[11:49:15 INF] Route matched with {action = "GetList", controller = "Document", area = "", page = ""}. Executing controller action with signature System.Threading.Tasks.Task`1[Volo.Abp.Application.Dtos.PagedResultDto`1[Glendale.Design.Dtos.Document.DocumentListDto]] GetListAsync(Glendale.Design.Dtos.Document.GetListDocumentInput) on controller Glendale.Design.Services.DocumentService (Glendale.Design.Application).
[11:49:16 INF] Authorization was successful.
[11:49:16 INF] Executing ObjectResult, writing value of type 'System.Collections.Generic.List`1[[Glendale.Design.Dtos.TreeDto, Glendale.Design.Application.Contracts, Version=1.0.0.0, Culture=neutral, PublicKeyToken=null]]'.
[11:49:16 INF] Request starting HTTP/2 GET https://localhost:44310/api/app/project-folder/trees/3a0abfce-3b33-6958-4cb0-d6b14b8e3250 - -
[11:49:16 INF] Executed action Glendale.Design.Services.ProjectFolderService.GetTreesAsync (Glendale.Design.Application) in 1224.1912ms
[11:49:16 INF] Executed endpoint 'Glendale.Design.Services.ProjectFolderService.GetTreesAsync (Glendale.Design.Application)'
[11:49:16 INF] CORS policy execution successful.
[11:49:16 INF] Successfully validated the token.
[11:49:16 DBG] CORS request made for path: /api/app/project-folder/trees/3a0abfce-3b33-6958-4cb0-d6b14b8e3250 from origin: http://localhost:8200 but was ignored because path was not for an allowed IdentityServer CORS endpoint
[11:49:16 INF] No CORS policy found for the specified request.
[11:49:16 INF] Authorization was successful.
[11:49:16 INF] Request finished HTTP/2 GET https://localhost:44310/api/app/project-folder/trees/3a0abfce-3b33-6958-4cb0-d6b14b8e3250 - - - 200 - application/json;+charset=utf-8 2691.8263ms
[11:49:16 INF] Executing endpoint 'Glendale.Design.Services.ProjectFolderService.GetTreesAsync (Glendale.Design.Application)'
[11:49:16 INF] Route matched with {action = "GetTrees", controller = "ProjectFolder", area = "", page = ""}. Executing controller action with signature System.Threading.Tasks.Task`1[System.Collections.Generic.IEnumerable`1[Glendale.Design.Dtos.TreeDto]] GetTreesAsync(System.Guid) on controller Glendale.Design.Services.ProjectFolderService (Glendale.Design.Application).
[11:49:16 INF] Executing ObjectResult, writing value of type 'System.Collections.Generic.List`1[[Glendale.Design.Dtos.TreeDto, Glendale.Design.Application.Contracts, Version=1.0.0.0, Culture=neutral, PublicKeyToken=null]]'.
[11:49:16 INF] Executed action Glendale.Design.Services.ProjectFolderService.GetTreesAsync (Glendale.Design.Application) in 10.0981ms
[11:49:16 INF] Executed endpoint 'Glendale.Design.Services.ProjectFolderService.GetTreesAsync (Glendale.Design.Application)'
[11:49:16 INF] Request starting HTTP/2 GET https://localhost:44310/api/app/project-folder/trees/3a0abfce-3b33-6958-4cb0-d6b14b8e3250 - -
[11:49:16 INF] CORS policy execution successful.
[11:49:16 INF] Request finished HTTP/2 GET https://localhost:44310/api/app/project-folder/trees/3a0abfce-3b33-6958-4cb0-d6b14b8e3250 - - - 200 - application/json;+charset=utf-8 31.9429ms
[11:49:16 INF] Successfully validated the token.
[11:49:16 DBG] CORS request made for path: /api/app/project-folder/trees/3a0abfce-3b33-6958-4cb0-d6b14b8e3250 from origin: http://localhost:8200 but was ignored because path was not for an allowed IdentityServer CORS endpoint
[11:49:16 INF] No CORS policy found for the specified request.
[11:49:16 INF] Authorization was successful.
[11:49:16 INF] Executing endpoint 'Glendale.Design.Services.ProjectFolderService.GetTreesAsync (Glendale.Design.Application)'
[11:49:16 INF] Route matched with {action = "GetTrees", controller = "ProjectFolder", area = "", page = ""}. Executing controller action with signature System.Threading.Tasks.Task`1[System.Collections.Generic.IEnumerable`1[Glendale.Design.Dtos.TreeDto]] GetTreesAsync(System.Guid) on controller Glendale.Design.Services.ProjectFolderService (Glendale.Design.Application).
[11:49:16 INF] Executing ObjectResult, writing value of type 'System.Collections.Generic.List`1[[Glendale.Design.Dtos.TreeDto, Glendale.Design.Application.Contracts, Version=1.0.0.0, Culture=neutral, PublicKeyToken=null]]'.
[11:49:16 INF] Executed action Glendale.Design.Services.ProjectFolderService.GetTreesAsync (Glendale.Design.Application) in 8.7574ms
[11:49:16 INF] Executed endpoint 'Glendale.Design.Services.ProjectFolderService.GetTreesAsync (Glendale.Design.Application)'
[11:49:16 INF] Request starting HTTP/2 GET https://localhost:44310/api/app/project-folder/trees/3a0abfce-3b33-6958-4cb0-d6b14b8e3250 - -
[11:49:16 INF] CORS policy execution successful.
[11:49:16 INF] Request finished HTTP/2 GET https://localhost:44310/api/app/project-folder/trees/3a0abfce-3b33-6958-4cb0-d6b14b8e3250 - - - 200 - application/json;+charset=utf-8 16.0312ms
[11:49:16 INF] Successfully validated the token.
[11:49:16 DBG] CORS request made for path: /api/app/project-folder/trees/3a0abfce-3b33-6958-4cb0-d6b14b8e3250 from origin: http://localhost:8200 but was ignored because path was not for an allowed IdentityServer CORS endpoint
[11:49:16 INF] No CORS policy found for the specified request.
[11:49:16 INF] Authorization was successful.
[11:49:16 INF] Executing endpoint 'Glendale.Design.Services.ProjectFolderService.GetTreesAsync (Glendale.Design.Application)'
[11:49:16 INF] Route matched with {action = "GetTrees", controller = "ProjectFolder", area = "", page = ""}. Executing controller action with signature System.Threading.Tasks.Task`1[System.Collections.Generic.IEnumerable`1[Glendale.Design.Dtos.TreeDto]] GetTreesAsync(System.Guid) on controller Glendale.Design.Services.ProjectFolderService (Glendale.Design.Application).
[11:49:16 INF] Executing ObjectResult, writing value of type 'System.Collections.Generic.List`1[[Glendale.Design.Dtos.TreeDto, Glendale.Design.Application.Contracts, Version=1.0.0.0, Culture=neutral, PublicKeyToken=null]]'.
[11:49:16 INF] Executed action Glendale.Design.Services.ProjectFolderService.GetTreesAsync (Glendale.Design.Application) in 8.574ms
[11:49:16 INF] Executed endpoint 'Glendale.Design.Services.ProjectFolderService.GetTreesAsync (Glendale.Design.Application)'
[11:49:16 INF] Request starting HTTP/2 GET https://localhost:44310/api/app/project-folder/trees/3a0abfce-3b33-6958-4cb0-d6b14b8e3250 - -
[11:49:16 INF] Request finished HTTP/2 GET https://localhost:44310/api/app/project-folder/trees/3a0abfce-3b33-6958-4cb0-d6b14b8e3250 - - - 200 - application/json;+charset=utf-8 16.9512ms
[11:49:16 INF] CORS policy execution successful.
[11:49:16 INF] Successfully validated the token.
[11:49:16 DBG] CORS request made for path: /api/app/project-folder/trees/3a0abfce-3b33-6958-4cb0-d6b14b8e3250 from origin: http://localhost:8200 but was ignored because path was not for an allowed IdentityServer CORS endpoint
[11:49:16 INF] No CORS policy found for the specified request.
[11:49:16 INF] Authorization was successful.
[11:49:16 INF] Executing endpoint 'Glendale.Design.Services.ProjectFolderService.GetTreesAsync (Glendale.Design.Application)'
[11:49:16 INF] Route matched with {action = "GetTrees", controller = "ProjectFolder", area = "", page = ""}. Executing controller action with signature System.Threading.Tasks.Task`1[System.Collections.Generic.IEnumerable`1[Glendale.Design.Dtos.TreeDto]] GetTreesAsync(System.Guid) on controller Glendale.Design.Services.ProjectFolderService (Glendale.Design.Application).
[11:49:16 INF] Executing ObjectResult, writing value of type 'System.Collections.Generic.List`1[[Glendale.Design.Dtos.TreeDto, Glendale.Design.Application.Contracts, Version=1.0.0.0, Culture=neutral, PublicKeyToken=null]]'.
[11:49:16 INF] Executed action Glendale.Design.Services.ProjectFolderService.GetTreesAsync (Glendale.Design.Application) in 7.9001ms
[11:49:16 INF] Executed endpoint 'Glendale.Design.Services.ProjectFolderService.GetTreesAsync (Glendale.Design.Application)'
[11:49:16 INF] Request starting HTTP/2 GET https://localhost:44310/api/app/project-folder/trees/3a0abfce-3b33-6958-4cb0-d6b14b8e3250 - -
[11:49:16 INF] CORS policy execution successful.
[11:49:16 INF] Request finished HTTP/2 GET https://localhost:44310/api/app/project-folder/trees/3a0abfce-3b33-6958-4cb0-d6b14b8e3250 - - - 200 - application/json;+charset=utf-8 16.3826ms
[11:49:16 INF] Successfully validated the token.
[11:49:16 DBG] CORS request made for path: /api/app/project-folder/trees/3a0abfce-3b33-6958-4cb0-d6b14b8e3250 from origin: http://localhost:8200 but was ignored because path was not for an allowed IdentityServer CORS endpoint
[11:49:16 INF] No CORS policy found for the specified request.
[11:49:16 INF] Authorization was successful.
[11:49:16 INF] Executing endpoint 'Glendale.Design.Services.ProjectFolderService.GetTreesAsync (Glendale.Design.Application)'
[11:49:16 INF] Route matched with {action = "GetTrees", controller = "ProjectFolder", area = "", page = ""}. Executing controller action with signature System.Threading.Tasks.Task`1[System.Collections.Generic.IEnumerable`1[Glendale.Design.Dtos.TreeDto]] GetTreesAsync(System.Guid) on controller Glendale.Design.Services.ProjectFolderService (Glendale.Design.Application).
[11:49:16 INF] Executing ObjectResult, writing value of type 'System.Collections.Generic.List`1[[Glendale.Design.Dtos.TreeDto, Glendale.Design.Application.Contracts, Version=1.0.0.0, Culture=neutral, PublicKeyToken=null]]'.
[11:49:16 INF] Executed action Glendale.Design.Services.ProjectFolderService.GetTreesAsync (Glendale.Design.Application) in 8.0154ms
[11:49:16 INF] Executed endpoint 'Glendale.Design.Services.ProjectFolderService.GetTreesAsync (Glendale.Design.Application)'
[11:49:16 INF] Request starting HTTP/2 GET https://localhost:44310/api/app/project-folder/trees/3a0abfce-3b33-6958-4cb0-d6b14b8e3250 - -
[11:49:16 INF] CORS policy execution successful.
[11:49:16 INF] Request finished HTTP/2 GET https://localhost:44310/api/app/project-folder/trees/3a0abfce-3b33-6958-4cb0-d6b14b8e3250 - - - 200 - application/json;+charset=utf-8 17.9758ms
[11:49:16 INF] Successfully validated the token.
[11:49:16 DBG] CORS request made for path: /api/app/project-folder/trees/3a0abfce-3b33-6958-4cb0-d6b14b8e3250 from origin: http://localhost:8200 but was ignored because path was not for an allowed IdentityServer CORS endpoint
[11:49:16 INF] No CORS policy found for the specified request.
[11:49:16 INF] Authorization was successful.
[11:49:16 INF] Executing endpoint 'Glendale.Design.Services.ProjectFolderService.GetTreesAsync (Glendale.Design.Application)'
[11:49:16 INF] Route matched with {action = "GetTrees", controller = "ProjectFolder", area = "", page = ""}. Executing controller action with signature System.Threading.Tasks.Task`1[System.Collections.Generic.IEnumerable`1[Glendale.Design.Dtos.TreeDto]] GetTreesAsync(System.Guid) on controller Glendale.Design.Services.ProjectFolderService (Glendale.Design.Application).
[11:49:16 INF] Executing ObjectResult, writing value of type 'System.Collections.Generic.List`1[[Glendale.Design.Dtos.TreeDto, Glendale.Design.Application.Contracts, Version=1.0.0.0, Culture=neutral, PublicKeyToken=null]]'.
[11:49:16 INF] Executed action Glendale.Design.Services.ProjectFolderService.GetTreesAsync (Glendale.Design.Application) in 9.3785ms
[11:49:16 INF] Executed endpoint 'Glendale.Design.Services.ProjectFolderService.GetTreesAsync (Glendale.Design.Application)'
[11:49:16 INF] Request starting HTTP/2 OPTIONS https://localhost:44310/api/app/document?documentType=1&documentType=2&documentType=3&sorting=creationTime%20desc&projectId=3a0abfce-3b33-6958-4cb0-d6b14b8e3250&projectFolderId=3a0d56a0-549b-2ad1-209b-aa80bf60eae8&MaxResultCount=10&SkipCount=0 - -
[11:49:16 INF] CORS policy execution successful.
[11:49:16 INF] Request finished HTTP/2 GET https://localhost:44310/api/app/project-folder/trees/3a0abfce-3b33-6958-4cb0-d6b14b8e3250 - - - 200 - application/json;+charset=utf-8 19.7340ms
[11:49:16 INF] Request finished HTTP/2 OPTIONS https://localhost:44310/api/app/document?documentType=1&documentType=2&documentType=3&sorting=creationTime%20desc&projectId=3a0abfce-3b33-6958-4cb0-d6b14b8e3250&projectFolderId=3a0d56a0-549b-2ad1-209b-aa80bf60eae8&MaxResultCount=10&SkipCount=0 - - - 204 - - 1.3344ms
[11:49:16 INF] Request starting HTTP/2 GET https://localhost:44310/api/app/document?documentType=1&documentType=2&documentType=3&sorting=creationTime%20desc&projectId=3a0abfce-3b33-6958-4cb0-d6b14b8e3250&projectFolderId=3a0d56a0-549b-2ad1-209b-aa80bf60eae8&MaxResultCount=10&SkipCount=0 - -
[11:49:16 INF] CORS policy execution successful.
[11:49:16 INF] Successfully validated the token.
[11:49:16 DBG] CORS request made for path: /api/app/document from origin: http://localhost:8200 but was ignored because path was not for an allowed IdentityServer CORS endpoint
[11:49:16 INF] No CORS policy found for the specified request.
[11:49:16 INF] Authorization was successful.
[11:49:16 INF] Executing endpoint 'Glendale.Design.Services.DocumentService.GetListAsync (Glendale.Design.Application)'
[11:49:16 INF] Route matched with {action = "GetList", controller = "Document", area = "", page = ""}. Executing controller action with signature System.Threading.Tasks.Task`1[Volo.Abp.Application.Dtos.PagedResultDto`1[Glendale.Design.Dtos.Document.DocumentListDto]] GetListAsync(Glendale.Design.Dtos.Document.GetListDocumentInput) on controller Glendale.Design.Services.DocumentService (Glendale.Design.Application).
[11:49:16 INF] Authorization was successful.
[11:49:16 INF] Executing ObjectResult, writing value of type 'Volo.Abp.Application.Dtos.PagedResultDto`1[[Glendale.Design.Dtos.Document.DocumentListDto, Glendale.Design.Application.Contracts, Version=1.0.0.0, Culture=neutral, PublicKeyToken=null]]'.
[11:49:16 INF] Executing ObjectResult, writing value of type 'Volo.Abp.Application.Dtos.PagedResultDto`1[[Glendale.Design.Dtos.Combine.CombineListDto, Glendale.Design.Application.Contracts, Version=1.0.0.0, Culture=neutral, PublicKeyToken=null]]'.
[11:49:16 INF] Executed action Glendale.Design.Services.DocumentService.GetListAsync (Glendale.Design.Application) in 1489.9728ms
[11:49:16 INF] Executed action Glendale.Design.Services.CombineService.GetListAsync (Glendale.Design.Application) in 1490.5817ms
[11:49:16 INF] Executed endpoint 'Glendale.Design.Services.DocumentService.GetListAsync (Glendale.Design.Application)'
[11:49:16 INF] Executed endpoint 'Glendale.Design.Services.CombineService.GetListAsync (Glendale.Design.Application)'
[11:49:16 INF] Request finished HTTP/2 GET https://localhost:44310/api/app/combine?maxResultCount=10&skipCount=0&sorting=creationTime+desc&docTypes[]=2&docTypes[]=3&projectId=3a0abfce-3b33-6958-4cb0-d6b14b8e3250&pageSize=10&pageNo=1 - - - 200 - application/json;+charset=utf-8 2941.6511ms
[11:49:16 INF] Request finished HTTP/2 GET https://localhost:44310/api/app/document?documentType=1&documentType=2&documentType=3&sorting=creationTime%20desc&projectId=3a0abfce-3b33-6958-4cb0-d6b14b8e3250&MaxResultCount=10&SkipCount=0 - - - 200 - application/json;+charset=utf-8 2941.4341ms
[11:49:16 INF] Request starting HTTP/2 GET https://localhost:44310/api/app/document?documentType=1&documentType=2&documentType=3&sorting=creationTime%20desc&projectId=3a0abfce-3b33-6958-4cb0-d6b14b8e3250&MaxResultCount=10&SkipCount=0 - -
[11:49:16 INF] CORS policy execution successful.
[11:49:16 INF] Successfully validated the token.
[11:49:16 DBG] CORS request made for path: /api/app/document from origin: http://localhost:8200 but was ignored because path was not for an allowed IdentityServer CORS endpoint
[11:49:16 INF] No CORS policy found for the specified request.
[11:49:16 INF] Authorization was successful.
[11:49:16 INF] Executing endpoint 'Glendale.Design.Services.DocumentService.GetListAsync (Glendale.Design.Application)'
[11:49:16 INF] Route matched with {action = "GetList", controller = "Document", area = "", page = ""}. Executing controller action with signature System.Threading.Tasks.Task`1[Volo.Abp.Application.Dtos.PagedResultDto`1[Glendale.Design.Dtos.Document.DocumentListDto]] GetListAsync(Glendale.Design.Dtos.Document.GetListDocumentInput) on controller Glendale.Design.Services.DocumentService (Glendale.Design.Application).
[11:49:16 INF] Authorization was successful.
[11:49:16 INF] Executing ObjectResult, writing value of type 'Volo.Abp.Application.Dtos.PagedResultDto`1[[Glendale.Design.Dtos.Document.DocumentListDto, Glendale.Design.Application.Contracts, Version=1.0.0.0, Culture=neutral, PublicKeyToken=null]]'.
[11:49:16 INF] Executed action Glendale.Design.Services.DocumentService.GetListAsync (Glendale.Design.Application) in 30.9966ms
[11:49:16 INF] Executed endpoint 'Glendale.Design.Services.DocumentService.GetListAsync (Glendale.Design.Application)'
[11:49:16 INF] Request finished HTTP/2 GET https://localhost:44310/api/app/document?documentType=1&documentType=2&documentType=3&sorting=creationTime%20desc&projectId=3a0abfce-3b33-6958-4cb0-d6b14b8e3250&MaxResultCount=10&SkipCount=0 - - - 200 - application/json;+charset=utf-8 39.4312ms
[11:49:16 INF] Request starting HTTP/2 GET https://localhost:44310/api/app/document?documentType=1&documentType=2&documentType=3&sorting=creationTime%20desc&projectId=3a0abfce-3b33-6958-4cb0-d6b14b8e3250&MaxResultCount=10&SkipCount=0 - -
[11:49:16 INF] CORS policy execution successful.
[11:49:16 INF] Successfully validated the token.
[11:49:16 DBG] CORS request made for path: /api/app/document from origin: http://localhost:8200 but was ignored because path was not for an allowed IdentityServer CORS endpoint
[11:49:16 INF] No CORS policy found for the specified request.
[11:49:16 INF] Authorization was successful.
[11:49:16 INF] Executing endpoint 'Glendale.Design.Services.DocumentService.GetListAsync (Glendale.Design.Application)'
[11:49:16 INF] Route matched with {action = "GetList", controller = "Document", area = "", page = ""}. Executing controller action with signature System.Threading.Tasks.Task`1[Volo.Abp.Application.Dtos.PagedResultDto`1[Glendale.Design.Dtos.Document.DocumentListDto]] GetListAsync(Glendale.Design.Dtos.Document.GetListDocumentInput) on controller Glendale.Design.Services.DocumentService (Glendale.Design.Application).
[11:49:16 INF] Authorization was successful.
[11:49:16 INF] Executing ObjectResult, writing value of type 'Volo.Abp.Application.Dtos.PagedResultDto`1[[Glendale.Design.Dtos.Document.DocumentListDto, Glendale.Design.Application.Contracts, Version=1.0.0.0, Culture=neutral, PublicKeyToken=null]]'.
[11:49:16 INF] Executed action Glendale.Design.Services.DocumentService.GetListAsync (Glendale.Design.Application) in 30.0353ms
[11:49:16 INF] Executed endpoint 'Glendale.Design.Services.DocumentService.GetListAsync (Glendale.Design.Application)'
[11:49:16 INF] Request starting HTTP/2 GET https://localhost:44310/api/app/document?documentType=1&documentType=2&documentType=3&sorting=creationTime%20desc&projectId=3a0abfce-3b33-6958-4cb0-d6b14b8e3250&MaxResultCount=10&SkipCount=0 - -
[11:49:16 INF] Request finished HTTP/2 GET https://localhost:44310/api/app/document?documentType=1&documentType=2&documentType=3&sorting=creationTime%20desc&projectId=3a0abfce-3b33-6958-4cb0-d6b14b8e3250&MaxResultCount=10&SkipCount=0 - - - 200 - application/json;+charset=utf-8 38.1540ms
[11:49:16 INF] CORS policy execution successful.
[11:49:16 INF] Successfully validated the token.
[11:49:16 DBG] CORS request made for path: /api/app/document from origin: http://localhost:8200 but was ignored because path was not for an allowed IdentityServer CORS endpoint
[11:49:16 INF] No CORS policy found for the specified request.
[11:49:16 INF] Authorization was successful.
[11:49:16 INF] Executing endpoint 'Glendale.Design.Services.DocumentService.GetListAsync (Glendale.Design.Application)'
[11:49:16 INF] Route matched with {action = "GetList", controller = "Document", area = "", page = ""}. Executing controller action with signature System.Threading.Tasks.Task`1[Volo.Abp.Application.Dtos.PagedResultDto`1[Glendale.Design.Dtos.Document.DocumentListDto]] GetListAsync(Glendale.Design.Dtos.Document.GetListDocumentInput) on controller Glendale.Design.Services.DocumentService (Glendale.Design.Application).
[11:49:16 INF] Authorization was successful.
[11:49:16 INF] Executing ObjectResult, writing value of type 'Volo.Abp.Application.Dtos.PagedResultDto`1[[Glendale.Design.Dtos.Document.DocumentListDto, Glendale.Design.Application.Contracts, Version=1.0.0.0, Culture=neutral, PublicKeyToken=null]]'.
[11:49:16 INF] Executing ObjectResult, writing value of type 'Volo.Abp.Application.Dtos.PagedResultDto`1[[Glendale.Design.Dtos.Document.DocumentListDto, Glendale.Design.Application.Contracts, Version=1.0.0.0, Culture=neutral, PublicKeyToken=null]]'.
[11:49:16 INF] Executed action Glendale.Design.Services.DocumentService.GetListAsync (Glendale.Design.Application) in 34.2891ms
[11:49:16 INF] Executed endpoint 'Glendale.Design.Services.DocumentService.GetListAsync (Glendale.Design.Application)'
[11:49:16 INF] Request finished HTTP/2 GET https://localhost:44310/api/app/document?documentType=1&documentType=2&documentType=3&sorting=creationTime%20desc&projectId=3a0abfce-3b33-6958-4cb0-d6b14b8e3250&MaxResultCount=10&SkipCount=0 - - - 200 - application/json;+charset=utf-8 42.2849ms
[11:49:16 INF] Request starting HTTP/2 GET https://localhost:44310/api/app/document?documentType=1&documentType=2&documentType=3&sorting=creationTime%20desc&projectId=3a0abfce-3b33-6958-4cb0-d6b14b8e3250&MaxResultCount=10&SkipCount=0 - -
[11:49:16 INF] CORS policy execution successful.
[11:49:16 INF] Successfully validated the token.
[11:49:16 DBG] CORS request made for path: /api/app/document from origin: http://localhost:8200 but was ignored because path was not for an allowed IdentityServer CORS endpoint
[11:49:16 INF] No CORS policy found for the specified request.
[11:49:16 INF] Authorization was successful.
[11:49:16 INF] Executing endpoint 'Glendale.Design.Services.DocumentService.GetListAsync (Glendale.Design.Application)'
[11:49:16 INF] Route matched with {action = "GetList", controller = "Document", area = "", page = ""}. Executing controller action with signature System.Threading.Tasks.Task`1[Volo.Abp.Application.Dtos.PagedResultDto`1[Glendale.Design.Dtos.Document.DocumentListDto]] GetListAsync(Glendale.Design.Dtos.Document.GetListDocumentInput) on controller Glendale.Design.Services.DocumentService (Glendale.Design.Application).
[11:49:16 INF] Authorization was successful.
[11:49:16 INF] Executing ObjectResult, writing value of type 'Volo.Abp.Application.Dtos.PagedResultDto`1[[Glendale.Design.Dtos.Document.DocumentListDto, Glendale.Design.Application.Contracts, Version=1.0.0.0, Culture=neutral, PublicKeyToken=null]]'.
[11:49:16 INF] Executed action Glendale.Design.Services.DocumentService.GetListAsync (Glendale.Design.Application) in 33.9552ms
[11:49:16 INF] Executed action Glendale.Design.Services.DocumentService.GetListAsync (Glendale.Design.Application) in 294.6166ms
[11:49:16 INF] Executed endpoint 'Glendale.Design.Services.DocumentService.GetListAsync (Glendale.Design.Application)'
[11:49:16 INF] Executed endpoint 'Glendale.Design.Services.DocumentService.GetListAsync (Glendale.Design.Application)'
[11:49:16 INF] Request finished HTTP/2 GET https://localhost:44310/api/app/document?documentType=1&documentType=2&documentType=3&sorting=creationTime%20desc&projectId=3a0abfce-3b33-6958-4cb0-d6b14b8e3250&MaxResultCount=10&SkipCount=0 - - - 200 - application/json;+charset=utf-8 42.3226ms
[11:49:16 INF] Request starting HTTP/2 GET https://localhost:44310/api/app/document?documentType=1&documentType=2&documentType=3&sorting=creationTime%20desc&projectId=3a0abfce-3b33-6958-4cb0-d6b14b8e3250&MaxResultCount=10&SkipCount=0 - -
[11:49:16 INF] CORS policy execution successful.
[11:49:16 INF] Request starting HTTP/2 GET https://localhost:44310/api/app/document?documentType=1&documentType=2&documentType=3&sorting=creationTime%20desc&projectId=3a0abfce-3b33-6958-4cb0-d6b14b8e3250&projectFolderId=3a0d56a0-549b-2ad1-209b-aa80bf60eae8&MaxResultCount=10&SkipCount=0 - -
[11:49:16 INF] CORS policy execution successful.
[11:49:16 INF] Successfully validated the token.
[11:49:16 DBG] CORS request made for path: /api/app/document from origin: http://localhost:8200 but was ignored because path was not for an allowed IdentityServer CORS endpoint
[11:49:16 INF] No CORS policy found for the specified request.
[11:49:16 INF] Successfully validated the token.
[11:49:16 DBG] CORS request made for path: /api/app/document from origin: http://localhost:8200 but was ignored because path was not for an allowed IdentityServer CORS endpoint
[11:49:16 INF] No CORS policy found for the specified request.
[11:49:16 INF] Authorization was successful.
[11:49:16 INF] Authorization was successful.
[11:49:16 INF] Executing endpoint 'Glendale.Design.Services.DocumentService.GetListAsync (Glendale.Design.Application)'
[11:49:16 INF] Executing endpoint 'Glendale.Design.Services.DocumentService.GetListAsync (Glendale.Design.Application)'
[11:49:16 INF] Route matched with {action = "GetList", controller = "Document", area = "", page = ""}. Executing controller action with signature System.Threading.Tasks.Task`1[Volo.Abp.Application.Dtos.PagedResultDto`1[Glendale.Design.Dtos.Document.DocumentListDto]] GetListAsync(Glendale.Design.Dtos.Document.GetListDocumentInput) on controller Glendale.Design.Services.DocumentService (Glendale.Design.Application).
[11:49:16 INF] Route matched with {action = "GetList", controller = "Document", area = "", page = ""}. Executing controller action with signature System.Threading.Tasks.Task`1[Volo.Abp.Application.Dtos.PagedResultDto`1[Glendale.Design.Dtos.Document.DocumentListDto]] GetListAsync(Glendale.Design.Dtos.Document.GetListDocumentInput) on controller Glendale.Design.Services.DocumentService (Glendale.Design.Application).
[11:49:16 INF] Authorization was successful.
[11:49:16 INF] Authorization was successful.
[11:49:16 INF] Request finished HTTP/2 GET https://localhost:44310/api/app/document?documentType=1&documentType=2&documentType=3&sorting=creationTime%20desc&projectId=3a0abfce-3b33-6958-4cb0-d6b14b8e3250&projectFolderId=3a0d56a0-549b-2ad1-209b-aa80bf60eae8&MaxResultCount=10&SkipCount=0 - - - 200 - application/json;+charset=utf-8 342.2874ms
[11:49:16 INF] Executing ObjectResult, writing value of type 'Volo.Abp.Application.Dtos.PagedResultDto`1[[Glendale.Design.Dtos.Document.DocumentListDto, Glendale.Design.Application.Contracts, Version=1.0.0.0, Culture=neutral, PublicKeyToken=null]]'.
[11:49:16 INF] Executed action Glendale.Design.Services.DocumentService.GetListAsync (Glendale.Design.Application) in 33.6907ms
[11:49:16 INF] Executed endpoint 'Glendale.Design.Services.DocumentService.GetListAsync (Glendale.Design.Application)'
[11:49:16 INF] Executing ObjectResult, writing value of type 'Volo.Abp.Application.Dtos.PagedResultDto`1[[Glendale.Design.Dtos.Document.DocumentListDto, Glendale.Design.Application.Contracts, Version=1.0.0.0, Culture=neutral, PublicKeyToken=null]]'.
[11:49:16 INF] Request starting HTTP/2 GET https://localhost:44310/api/app/document?documentType=1&documentType=2&documentType=3&sorting=creationTime%20desc&projectId=3a0abfce-3b33-6958-4cb0-d6b14b8e3250&MaxResultCount=10&SkipCount=0 - -
[11:49:16 INF] Request finished HTTP/2 GET https://localhost:44310/api/app/document?documentType=1&documentType=2&documentType=3&sorting=creationTime%20desc&projectId=3a0abfce-3b33-6958-4cb0-d6b14b8e3250&MaxResultCount=10&SkipCount=0 - - - 200 - application/json;+charset=utf-8 43.0800ms
[11:49:16 INF] CORS policy execution successful.
[11:49:16 INF] Executed action Glendale.Design.Services.DocumentService.GetListAsync (Glendale.Design.Application) in 37.7766ms
[11:49:16 INF] Executed endpoint 'Glendale.Design.Services.DocumentService.GetListAsync (Glendale.Design.Application)'
[11:49:16 INF] Successfully validated the token.
[11:49:16 DBG] CORS request made for path: /api/app/document from origin: http://localhost:8200 but was ignored because path was not for an allowed IdentityServer CORS endpoint
[11:49:16 INF] No CORS policy found for the specified request.
[11:49:16 INF] Request starting HTTP/2 GET https://localhost:44310/api/app/document?documentType=1&documentType=2&documentType=3&sorting=creationTime%20desc&projectId=3a0abfce-3b33-6958-4cb0-d6b14b8e3250&projectFolderId=3a0d56a0-549b-2ad1-209b-aa80bf60eae8&MaxResultCount=10&SkipCount=0 - -
[11:49:16 INF] Authorization was successful.
[11:49:16 INF] CORS policy execution successful.
[11:49:16 INF] Executing endpoint 'Glendale.Design.Services.DocumentService.GetListAsync (Glendale.Design.Application)'
[11:49:16 INF] Route matched with {action = "GetList", controller = "Document", area = "", page = ""}. Executing controller action with signature System.Threading.Tasks.Task`1[Volo.Abp.Application.Dtos.PagedResultDto`1[Glendale.Design.Dtos.Document.DocumentListDto]] GetListAsync(Glendale.Design.Dtos.Document.GetListDocumentInput) on controller Glendale.Design.Services.DocumentService (Glendale.Design.Application).
[11:49:16 INF] Request finished HTTP/2 GET https://localhost:44310/api/app/document?documentType=1&documentType=2&documentType=3&sorting=creationTime%20desc&projectId=3a0abfce-3b33-6958-4cb0-d6b14b8e3250&projectFolderId=3a0d56a0-549b-2ad1-209b-aa80bf60eae8&MaxResultCount=10&SkipCount=0 - - - 200 - application/json;+charset=utf-8 46.7813ms
[11:49:16 INF] Successfully validated the token.
[11:49:16 DBG] CORS request made for path: /api/app/document from origin: http://localhost:8200 but was ignored because path was not for an allowed IdentityServer CORS endpoint
[11:49:16 INF] No CORS policy found for the specified request.
[11:49:16 INF] Authorization was successful.
[11:49:16 INF] Executing endpoint 'Glendale.Design.Services.DocumentService.GetListAsync (Glendale.Design.Application)'
[11:49:16 INF] Route matched with {action = "GetList", controller = "Document", area = "", page = ""}. Executing controller action with signature System.Threading.Tasks.Task`1[Volo.Abp.Application.Dtos.PagedResultDto`1[Glendale.Design.Dtos.Document.DocumentListDto]] GetListAsync(Glendale.Design.Dtos.Document.GetListDocumentInput) on controller Glendale.Design.Services.DocumentService (Glendale.Design.Application).
[11:49:16 INF] Authorization was successful.
[11:49:16 INF] Authorization was successful.
[11:49:16 INF] Executing ObjectResult, writing value of type 'Volo.Abp.Application.Dtos.PagedResultDto`1[[Glendale.Design.Dtos.Document.DocumentListDto, Glendale.Design.Application.Contracts, Version=1.0.0.0, Culture=neutral, PublicKeyToken=null]]'.
[11:49:16 INF] Executed action Glendale.Design.Services.DocumentService.GetListAsync (Glendale.Design.Application) in 32.7148ms
[11:49:16 INF] Executed endpoint 'Glendale.Design.Services.DocumentService.GetListAsync (Glendale.Design.Application)'
[11:49:16 INF] Request finished HTTP/2 GET https://localhost:44310/api/app/document?documentType=1&documentType=2&documentType=3&sorting=creationTime%20desc&projectId=3a0abfce-3b33-6958-4cb0-d6b14b8e3250&MaxResultCount=10&SkipCount=0 - - - 200 - application/json;+charset=utf-8 41.8151ms
[11:49:16 INF] Executing ObjectResult, writing value of type 'Volo.Abp.Application.Dtos.PagedResultDto`1[[Glendale.Design.Dtos.Document.DocumentListDto, Glendale.Design.Application.Contracts, Version=1.0.0.0, Culture=neutral, PublicKeyToken=null]]'.
[11:49:16 INF] Executed action Glendale.Design.Services.DocumentService.GetListAsync (Glendale.Design.Application) in 37.0325ms
[11:49:16 INF] Executed endpoint 'Glendale.Design.Services.DocumentService.GetListAsync (Glendale.Design.Application)'
[11:49:16 INF] Request finished HTTP/2 GET https://localhost:44310/api/app/document?documentType=1&documentType=2&documentType=3&sorting=creationTime%20desc&projectId=3a0abfce-3b33-6958-4cb0-d6b14b8e3250&projectFolderId=3a0d56a0-549b-2ad1-209b-aa80bf60eae8&MaxResultCount=10&SkipCount=0 - - - 200 - application/json;+charset=utf-8 47.5802ms
[11:49:16 INF] Request starting HTTP/2 GET https://localhost:44310/api/app/document?documentType=1&documentType=2&documentType=3&sorting=creationTime%20desc&projectId=3a0abfce-3b33-6958-4cb0-d6b14b8e3250&projectFolderId=3a0d56a0-549b-2ad1-209b-aa80bf60eae8&MaxResultCount=10&SkipCount=0 - -
[11:49:16 INF] Request starting HTTP/2 GET https://localhost:44310/api/app/file/?blobName=22a7fc16f36c4ced9be26b8e98325e42 - -
[11:49:16 INF] Request starting HTTP/2 GET https://localhost:44310/api/app/file/?blobName=203185c944d542a6a743e714229e89b3 - -
[11:49:16 INF] CORS policy execution successful.
[11:49:16 INF] Request starting HTTP/2 GET https://localhost:44310/api/app/file/?blobName=55d5f04256e14b2cbe38451d37d54046 - -
[11:49:16 INF] Request starting HTTP/2 GET https://localhost:44310/api/app/file/?blobName=033d8284743244b2b2ee7c88a58e0fcb - -
[11:49:16 INF] Request starting HTTP/2 GET https://localhost:44310/api/app/file/?blobName=fb750d597d92471d950ee7d222d480a7 - -
[11:49:16 INF] Successfully validated the token.
[11:49:16 DBG] CORS request made for path: /api/app/document from origin: http://localhost:8200 but was ignored because path was not for an allowed IdentityServer CORS endpoint
[11:49:16 INF] No CORS policy found for the specified request.
[11:49:16 INF] Executing endpoint 'Glendale.Design.Services.FileAppService.GetAsync (Glendale.Design.Application)'
[11:49:16 INF] Executing endpoint 'Glendale.Design.Services.FileAppService.GetAsync (Glendale.Design.Application)'
[11:49:16 INF] Authorization was successful.
[11:49:16 INF] Executing endpoint 'Glendale.Design.Services.FileAppService.GetAsync (Glendale.Design.Application)'
[11:49:16 INF] Executing endpoint 'Glendale.Design.Services.FileAppService.GetAsync (Glendale.Design.Application)'
[11:49:16 INF] Executing endpoint 'Glendale.Design.Services.FileAppService.GetAsync (Glendale.Design.Application)'
[11:49:16 INF] Executing endpoint 'Glendale.Design.Services.DocumentService.GetListAsync (Glendale.Design.Application)'
[11:49:16 INF] Route matched with {action = "GetList", controller = "Document", area = "", page = ""}. Executing controller action with signature System.Threading.Tasks.Task`1[Volo.Abp.Application.Dtos.PagedResultDto`1[Glendale.Design.Dtos.Document.DocumentListDto]] GetListAsync(Glendale.Design.Dtos.Document.GetListDocumentInput) on controller Glendale.Design.Services.DocumentService (Glendale.Design.Application).
[11:49:16 INF] Route matched with {action = "Get", controller = "File", area = "", page = ""}. Executing controller action with signature System.Threading.Tasks.Task`1[Microsoft.AspNetCore.Mvc.FileResult] GetAsync(System.String) on controller Glendale.Design.Services.FileAppService (Glendale.Design.Application).
[11:49:16 INF] Route matched with {action = "Get", controller = "File", area = "", page = ""}. Executing controller action with signature System.Threading.Tasks.Task`1[Microsoft.AspNetCore.Mvc.FileResult] GetAsync(System.String) on controller Glendale.Design.Services.FileAppService (Glendale.Design.Application).
[11:49:16 INF] Route matched with {action = "Get", controller = "File", area = "", page = ""}. Executing controller action with signature System.Threading.Tasks.Task`1[Microsoft.AspNetCore.Mvc.FileResult] GetAsync(System.String) on controller Glendale.Design.Services.FileAppService (Glendale.Design.Application).
[11:49:16 INF] Route matched with {action = "Get", controller = "File", area = "", page = ""}. Executing controller action with signature System.Threading.Tasks.Task`1[Microsoft.AspNetCore.Mvc.FileResult] GetAsync(System.String) on controller Glendale.Design.Services.FileAppService (Glendale.Design.Application).
[11:49:16 INF] Route matched with {action = "Get", controller = "File", area = "", page = ""}. Executing controller action with signature System.Threading.Tasks.Task`1[Microsoft.AspNetCore.Mvc.FileResult] GetAsync(System.String) on controller Glendale.Design.Services.FileAppService (Glendale.Design.Application).
[11:49:16 INF] Authorization was successful.
[11:49:16 INF] Executing ObjectResult, writing value of type 'Volo.Abp.Application.Dtos.PagedResultDto`1[[Glendale.Design.Dtos.Document.DocumentListDto, Glendale.Design.Application.Contracts, Version=1.0.0.0, Culture=neutral, PublicKeyToken=null]]'.
[11:49:16 INF] Executed action Glendale.Design.Services.DocumentService.GetListAsync (Glendale.Design.Application) in 44.9511ms
[11:49:16 INF] Executed endpoint 'Glendale.Design.Services.DocumentService.GetListAsync (Glendale.Design.Application)'
[11:49:16 INF] Request finished HTTP/2 GET https://localhost:44310/api/app/document?documentType=1&documentType=2&documentType=3&sorting=creationTime%20desc&projectId=3a0abfce-3b33-6958-4cb0-d6b14b8e3250&projectFolderId=3a0d56a0-549b-2ad1-209b-aa80bf60eae8&MaxResultCount=10&SkipCount=0 - - - 200 - application/json;+charset=utf-8 57.5190ms
[11:49:16 INF] Request starting HTTP/2 GET https://localhost:44310/api/app/document?documentType=1&documentType=2&documentType=3&sorting=creationTime%20desc&projectId=3a0abfce-3b33-6958-4cb0-d6b14b8e3250&projectFolderId=3a0d56a0-549b-2ad1-209b-aa80bf60eae8&MaxResultCount=10&SkipCount=0 - -
[11:49:16 INF] CORS policy execution successful.
[11:49:16 INF] Successfully validated the token.
[11:49:16 DBG] CORS request made for path: /api/app/document from origin: http://localhost:8200 but was ignored because path was not for an allowed IdentityServer CORS endpoint
[11:49:16 INF] No CORS policy found for the specified request.
[11:49:16 INF] Authorization was successful.
[11:49:16 INF] Executing endpoint 'Glendale.Design.Services.DocumentService.GetListAsync (Glendale.Design.Application)'
[11:49:16 INF] Route matched with {action = "GetList", controller = "Document", area = "", page = ""}. Executing controller action with signature System.Threading.Tasks.Task`1[Volo.Abp.Application.Dtos.PagedResultDto`1[Glendale.Design.Dtos.Document.DocumentListDto]] GetListAsync(Glendale.Design.Dtos.Document.GetListDocumentInput) on controller Glendale.Design.Services.DocumentService (Glendale.Design.Application).
[11:49:16 INF] Authorization was successful.
[11:49:16 INF] Executing ObjectResult, writing value of type 'Volo.Abp.Application.Dtos.PagedResultDto`1[[Glendale.Design.Dtos.Document.DocumentListDto, Glendale.Design.Application.Contracts, Version=1.0.0.0, Culture=neutral, PublicKeyToken=null]]'.
[11:49:16 INF] Executed action Glendale.Design.Services.DocumentService.GetListAsync (Glendale.Design.Application) in 46.4238ms
[11:49:16 INF] Executed endpoint 'Glendale.Design.Services.DocumentService.GetListAsync (Glendale.Design.Application)'
[11:49:16 INF] Request finished HTTP/2 GET https://localhost:44310/api/app/document?documentType=1&documentType=2&documentType=3&sorting=creationTime%20desc&projectId=3a0abfce-3b33-6958-4cb0-d6b14b8e3250&projectFolderId=3a0d56a0-549b-2ad1-209b-aa80bf60eae8&MaxResultCount=10&SkipCount=0 - - - 200 - application/json;+charset=utf-8 74.0272ms
[11:49:17 INF] Request starting HTTP/2 GET https://localhost:44310/api/app/document?documentType=1&documentType=2&documentType=3&sorting=creationTime%20desc&projectId=3a0abfce-3b33-6958-4cb0-d6b14b8e3250&projectFolderId=3a0d56a0-549b-2ad1-209b-aa80bf60eae8&MaxResultCount=10&SkipCount=0 - -
[11:49:17 INF] CORS policy execution successful.
[11:49:17 INF] Successfully validated the token.
[11:49:17 DBG] CORS request made for path: /api/app/document from origin: http://localhost:8200 but was ignored because path was not for an allowed IdentityServer CORS endpoint
[11:49:17 INF] No CORS policy found for the specified request.
[11:49:17 INF] Authorization was successful.
[11:49:17 INF] Executing endpoint 'Glendale.Design.Services.DocumentService.GetListAsync (Glendale.Design.Application)'
[11:49:17 INF] Route matched with {action = "GetList", controller = "Document", area = "", page = ""}. Executing controller action with signature System.Threading.Tasks.Task`1[Volo.Abp.Application.Dtos.PagedResultDto`1[Glendale.Design.Dtos.Document.DocumentListDto]] GetListAsync(Glendale.Design.Dtos.Document.GetListDocumentInput) on controller Glendale.Design.Services.DocumentService (Glendale.Design.Application).
[11:49:17 INF] Executing FileContentResult, sending file with download name '' ...
[11:49:17 INF] Executing FileContentResult, sending file with download name '' ...
[11:49:17 INF] Executing FileContentResult, sending file with download name '' ...
[11:49:17 INF] Executing FileContentResult, sending file with download name '' ...
[11:49:17 INF] Executing FileContentResult, sending file with download name '' ...
[11:49:17 INF] Authorization was successful.
[11:49:17 INF] Executed action Glendale.Design.Services.FileAppService.GetAsync (Glendale.Design.Application) in 326.7145ms
[11:49:17 INF] Executed endpoint 'Glendale.Design.Services.FileAppService.GetAsync (Glendale.Design.Application)'
[11:49:17 INF] Executing ObjectResult, writing value of type 'Volo.Abp.Application.Dtos.PagedResultDto`1[[Glendale.Design.Dtos.Document.DocumentListDto, Glendale.Design.Application.Contracts, Version=1.0.0.0, Culture=neutral, PublicKeyToken=null]]'.
[11:49:17 INF] Executed action Glendale.Design.Services.FileAppService.GetAsync (Glendale.Design.Application) in 328.2831ms
[11:49:17 INF] Executed endpoint 'Glendale.Design.Services.FileAppService.GetAsync (Glendale.Design.Application)'
[11:49:17 INF] Executed action Glendale.Design.Services.DocumentService.GetListAsync (Glendale.Design.Application) in 74.7558ms
[11:49:17 INF] Executed endpoint 'Glendale.Design.Services.DocumentService.GetListAsync (Glendale.Design.Application)'
[11:49:17 INF] Executed action Glendale.Design.Services.FileAppService.GetAsync (Glendale.Design.Application) in 329.0924ms
[11:49:17 INF] Executed endpoint 'Glendale.Design.Services.FileAppService.GetAsync (Glendale.Design.Application)'
[11:49:17 INF] Request finished HTTP/2 GET https://localhost:44310/api/app/document?documentType=1&documentType=2&documentType=3&sorting=creationTime%20desc&projectId=3a0abfce-3b33-6958-4cb0-d6b14b8e3250&projectFolderId=3a0d56a0-549b-2ad1-209b-aa80bf60eae8&MaxResultCount=10&SkipCount=0 - - - 200 - application/json;+charset=utf-8 85.4397ms
[11:49:17 INF] Executed action Glendale.Design.Services.FileAppService.GetAsync (Glendale.Design.Application) in 335.0527ms
[11:49:17 INF] Executed action Glendale.Design.Services.FileAppService.GetAsync (Glendale.Design.Application) in 332.8903ms
[11:49:17 INF] Executed endpoint 'Glendale.Design.Services.FileAppService.GetAsync (Glendale.Design.Application)'
[11:49:17 INF] Executed endpoint 'Glendale.Design.Services.FileAppService.GetAsync (Glendale.Design.Application)'
[11:49:17 INF] Request finished HTTP/2 GET https://localhost:44310/api/app/file/?blobName=033d8284743244b2b2ee7c88a58e0fcb - - - 200 2067859 image/png 396.8301ms
[11:49:17 INF] Request finished HTTP/2 GET https://localhost:44310/api/app/file/?blobName=22a7fc16f36c4ced9be26b8e98325e42 - - - 200 1975036 image/png 404.6508ms
[11:49:17 INF] Request finished HTTP/2 GET https://localhost:44310/api/app/file/?blobName=55d5f04256e14b2cbe38451d37d54046 - - - 200 994612 image/png 407.0908ms
[11:49:17 INF] Request finished HTTP/2 GET https://localhost:44310/api/app/file/?blobName=fb750d597d92471d950ee7d222d480a7 - - - 200 2576762 image/png 408.8515ms
[11:49:17 INF] Request finished HTTP/2 GET https://localhost:44310/api/app/file/?blobName=203185c944d542a6a743e714229e89b3 - - - 200 2799273 image/png 415.6631ms
[11:49:17 INF] Request starting HTTP/2 GET https://localhost:44310/api/app/document?documentType=1&documentType=2&documentType=3&sorting=creationTime%20desc&projectId=3a0abfce-3b33-6958-4cb0-d6b14b8e3250&projectFolderId=3a0d56a0-549b-2ad1-209b-aa80bf60eae8&MaxResultCount=10&SkipCount=0 - -
[11:49:17 INF] CORS policy execution successful.
[11:49:17 INF] Successfully validated the token.
[11:49:17 DBG] CORS request made for path: /api/app/document from origin: http://localhost:8200 but was ignored because path was not for an allowed IdentityServer CORS endpoint
[11:49:17 INF] No CORS policy found for the specified request.
[11:49:17 INF] Authorization was successful.
[11:49:17 INF] Executing endpoint 'Glendale.Design.Services.DocumentService.GetListAsync (Glendale.Design.Application)'
[11:49:17 INF] Route matched with {action = "GetList", controller = "Document", area = "", page = ""}. Executing controller action with signature System.Threading.Tasks.Task`1[Volo.Abp.Application.Dtos.PagedResultDto`1[Glendale.Design.Dtos.Document.DocumentListDto]] GetListAsync(Glendale.Design.Dtos.Document.GetListDocumentInput) on controller Glendale.Design.Services.DocumentService (Glendale.Design.Application).
[11:49:17 INF] Authorization was successful.
[11:49:17 INF] Executing ObjectResult, writing value of type 'Volo.Abp.Application.Dtos.PagedResultDto`1[[Glendale.Design.Dtos.Document.DocumentListDto, Glendale.Design.Application.Contracts, Version=1.0.0.0, Culture=neutral, PublicKeyToken=null]]'.
[11:49:17 INF] Executed action Glendale.Design.Services.DocumentService.GetListAsync (Glendale.Design.Application) in 38.781ms
[11:49:17 INF] Executed endpoint 'Glendale.Design.Services.DocumentService.GetListAsync (Glendale.Design.Application)'
[11:49:17 INF] Request finished HTTP/2 GET https://localhost:44310/api/app/document?documentType=1&documentType=2&documentType=3&sorting=creationTime%20desc&projectId=3a0abfce-3b33-6958-4cb0-d6b14b8e3250&projectFolderId=3a0d56a0-549b-2ad1-209b-aa80bf60eae8&MaxResultCount=10&SkipCount=0 - - - 200 - application/json;+charset=utf-8 53.1507ms
[11:49:50 INF] Request starting HTTP/2 OPTIONS https://localhost:44310/api/app/document?documentType=1&documentType=2&documentType=3&sorting=creationTime%20desc&projectId=3a0abfce-3b33-6958-4cb0-d6b14b8e3250&projectFolderId=3a0d56a0-549b-2ad1-209b-aa80bf60eae8&MaxResultCount=10&SkipCount=0 - -
[11:49:50 INF] CORS policy execution successful.
[11:49:50 INF] Request finished HTTP/2 OPTIONS https://localhost:44310/api/app/document?documentType=1&documentType=2&documentType=3&sorting=creationTime%20desc&projectId=3a0abfce-3b33-6958-4cb0-d6b14b8e3250&projectFolderId=3a0d56a0-549b-2ad1-209b-aa80bf60eae8&MaxResultCount=10&SkipCount=0 - - - 204 - - 1.9730ms
[11:49:50 INF] Request starting HTTP/2 GET https://localhost:44310/api/app/document?documentType=1&documentType=2&documentType=3&sorting=creationTime%20desc&projectId=3a0abfce-3b33-6958-4cb0-d6b14b8e3250&projectFolderId=3a0d56a0-549b-2ad1-209b-aa80bf60eae8&MaxResultCount=10&SkipCount=0 - -
[11:49:50 INF] CORS policy execution successful.
[11:49:50 INF] Successfully validated the token.
[11:49:50 DBG] CORS request made for path: /api/app/document from origin: http://localhost:8200 but was ignored because path was not for an allowed IdentityServer CORS endpoint
[11:49:50 INF] No CORS policy found for the specified request.
[11:49:50 INF] Authorization was successful.
[11:49:50 INF] Executing endpoint 'Glendale.Design.Services.DocumentService.GetListAsync (Glendale.Design.Application)'
[11:49:50 INF] Route matched with {action = "GetList", controller = "Document", area = "", page = ""}. Executing controller action with signature System.Threading.Tasks.Task`1[Volo.Abp.Application.Dtos.PagedResultDto`1[Glendale.Design.Dtos.Document.DocumentListDto]] GetListAsync(Glendale.Design.Dtos.Document.GetListDocumentInput) on controller Glendale.Design.Services.DocumentService (Glendale.Design.Application).
[11:49:50 INF] Authorization was successful.
[11:49:50 INF] Executing ObjectResult, writing value of type 'Volo.Abp.Application.Dtos.PagedResultDto`1[[Glendale.Design.Dtos.Document.DocumentListDto, Glendale.Design.Application.Contracts, Version=1.0.0.0, Culture=neutral, PublicKeyToken=null]]'.
[11:49:50 INF] Executed action Glendale.Design.Services.DocumentService.GetListAsync (Glendale.Design.Application) in 35.1174ms
[11:49:50 INF] Executed endpoint 'Glendale.Design.Services.DocumentService.GetListAsync (Glendale.Design.Application)'
[11:49:50 INF] Request finished HTTP/2 GET https://localhost:44310/api/app/document?documentType=1&documentType=2&documentType=3&sorting=creationTime%20desc&projectId=3a0abfce-3b33-6958-4cb0-d6b14b8e3250&projectFolderId=3a0d56a0-549b-2ad1-209b-aa80bf60eae8&MaxResultCount=10&SkipCount=0 - - - 200 - application/json;+charset=utf-8 44.1553ms
[11:49:50 INF] Request starting HTTP/2 GET https://localhost:44310/api/app/document?documentType=1&documentType=2&documentType=3&sorting=creationTime%20desc&projectId=3a0abfce-3b33-6958-4cb0-d6b14b8e3250&projectFolderId=3a0d56a0-549b-2ad1-209b-aa80bf60eae8&MaxResultCount=10&SkipCount=0 - -
[11:49:50 INF] CORS policy execution successful.
[11:49:50 INF] Successfully validated the token.
[11:49:50 DBG] CORS request made for path: /api/app/document from origin: http://localhost:8200 but was ignored because path was not for an allowed IdentityServer CORS endpoint
[11:49:50 INF] No CORS policy found for the specified request.
[11:49:50 INF] Authorization was successful.
[11:49:50 INF] Executing endpoint 'Glendale.Design.Services.DocumentService.GetListAsync (Glendale.Design.Application)'
[11:49:50 INF] Route matched with {action = "GetList", controller = "Document", area = "", page = ""}. Executing controller action with signature System.Threading.Tasks.Task`1[Volo.Abp.Application.Dtos.PagedResultDto`1[Glendale.Design.Dtos.Document.DocumentListDto]] GetListAsync(Glendale.Design.Dtos.Document.GetListDocumentInput) on controller Glendale.Design.Services.DocumentService (Glendale.Design.Application).
[11:49:50 INF] Authorization was successful.
[11:49:50 INF] Executing ObjectResult, writing value of type 'Volo.Abp.Application.Dtos.PagedResultDto`1[[Glendale.Design.Dtos.Document.DocumentListDto, Glendale.Design.Application.Contracts, Version=1.0.0.0, Culture=neutral, PublicKeyToken=null]]'.
[11:49:50 INF] Executed action Glendale.Design.Services.DocumentService.GetListAsync (Glendale.Design.Application) in 26.9987ms
[11:49:50 INF] Executed endpoint 'Glendale.Design.Services.DocumentService.GetListAsync (Glendale.Design.Application)'
[11:49:50 INF] Request finished HTTP/2 GET https://localhost:44310/api/app/document?documentType=1&documentType=2&documentType=3&sorting=creationTime%20desc&projectId=3a0abfce-3b33-6958-4cb0-d6b14b8e3250&projectFolderId=3a0d56a0-549b-2ad1-209b-aa80bf60eae8&MaxResultCount=10&SkipCount=0 - - - 200 - application/json;+charset=utf-8 32.5041ms
[11:49:51 INF] Request starting HTTP/2 GET https://localhost:44310/api/app/document?documentType=1&documentType=2&documentType=3&sorting=creationTime%20desc&projectId=3a0abfce-3b33-6958-4cb0-d6b14b8e3250&projectFolderId=3a0d56a0-549b-2ad1-209b-aa80bf60eae8&MaxResultCount=10&SkipCount=0 - -
[11:49:51 INF] CORS policy execution successful.
[11:49:51 INF] Successfully validated the token.
[11:49:51 DBG] CORS request made for path: /api/app/document from origin: http://localhost:8200 but was ignored because path was not for an allowed IdentityServer CORS endpoint
[11:49:51 INF] No CORS policy found for the specified request.
[11:49:51 INF] Authorization was successful.
[11:49:51 INF] Executing endpoint 'Glendale.Design.Services.DocumentService.GetListAsync (Glendale.Design.Application)'
[11:49:51 INF] Route matched with {action = "GetList", controller = "Document", area = "", page = ""}. Executing controller action with signature System.Threading.Tasks.Task`1[Volo.Abp.Application.Dtos.PagedResultDto`1[Glendale.Design.Dtos.Document.DocumentListDto]] GetListAsync(Glendale.Design.Dtos.Document.GetListDocumentInput) on controller Glendale.Design.Services.DocumentService (Glendale.Design.Application).
[11:49:51 INF] Authorization was successful.
[11:49:51 INF] Executing ObjectResult, writing value of type 'Volo.Abp.Application.Dtos.PagedResultDto`1[[Glendale.Design.Dtos.Document.DocumentListDto, Glendale.Design.Application.Contracts, Version=1.0.0.0, Culture=neutral, PublicKeyToken=null]]'.
[11:49:51 INF] Executed action Glendale.Design.Services.DocumentService.GetListAsync (Glendale.Design.Application) in 26.2776ms
[11:49:51 INF] Executed endpoint 'Glendale.Design.Services.DocumentService.GetListAsync (Glendale.Design.Application)'
[11:49:51 INF] Request finished HTTP/2 GET https://localhost:44310/api/app/document?documentType=1&documentType=2&documentType=3&sorting=creationTime%20desc&projectId=3a0abfce-3b33-6958-4cb0-d6b14b8e3250&projectFolderId=3a0d56a0-549b-2ad1-209b-aa80bf60eae8&MaxResultCount=10&SkipCount=0 - - - 200 - application/json;+charset=utf-8 31.8189ms
[11:50:02 INF] Request starting HTTP/2 OPTIONS https://localhost:44310/api/app/document?documentType=1&documentType=2&documentType=3&sorting=creationTime%20desc&projectId=3a0abfce-3b33-6958-4cb0-d6b14b8e3250&projectFolderId=3a0d56a0-549b-2ad1-209b-aa80bf60eae8&MaxResultCount=10&SkipCount=0 - -
[11:50:02 INF] CORS policy execution successful.
[11:50:02 INF] Request finished HTTP/2 OPTIONS https://localhost:44310/api/app/document?documentType=1&documentType=2&documentType=3&sorting=creationTime%20desc&projectId=3a0abfce-3b33-6958-4cb0-d6b14b8e3250&projectFolderId=3a0d56a0-549b-2ad1-209b-aa80bf60eae8&MaxResultCount=10&SkipCount=0 - - - 204 - - 1.0959ms
[11:50:02 INF] Request starting HTTP/2 GET https://localhost:44310/api/app/document?documentType=1&documentType=2&documentType=3&sorting=creationTime%20desc&projectId=3a0abfce-3b33-6958-4cb0-d6b14b8e3250&projectFolderId=3a0d56a0-549b-2ad1-209b-aa80bf60eae8&MaxResultCount=10&SkipCount=0 - -
[11:50:02 INF] CORS policy execution successful.
[11:50:02 INF] Successfully validated the token.
[11:50:02 DBG] CORS request made for path: /api/app/document from origin: http://localhost:8200 but was ignored because path was not for an allowed IdentityServer CORS endpoint
[11:50:02 INF] No CORS policy found for the specified request.
[11:50:02 INF] Authorization was successful.
[11:50:02 INF] Executing endpoint 'Glendale.Design.Services.DocumentService.GetListAsync (Glendale.Design.Application)'
[11:50:02 INF] Route matched with {action = "GetList", controller = "Document", area = "", page = ""}. Executing controller action with signature System.Threading.Tasks.Task`1[Volo.Abp.Application.Dtos.PagedResultDto`1[Glendale.Design.Dtos.Document.DocumentListDto]] GetListAsync(Glendale.Design.Dtos.Document.GetListDocumentInput) on controller Glendale.Design.Services.DocumentService (Glendale.Design.Application).
[11:50:02 INF] Authorization was successful.
[11:50:02 INF] Executing ObjectResult, writing value of type 'Volo.Abp.Application.Dtos.PagedResultDto`1[[Glendale.Design.Dtos.Document.DocumentListDto, Glendale.Design.Application.Contracts, Version=1.0.0.0, Culture=neutral, PublicKeyToken=null]]'.
[11:50:02 INF] Executed action Glendale.Design.Services.DocumentService.GetListAsync (Glendale.Design.Application) in 30.6611ms
[11:50:02 INF] Executed endpoint 'Glendale.Design.Services.DocumentService.GetListAsync (Glendale.Design.Application)'
[11:50:02 INF] Request finished HTTP/2 GET https://localhost:44310/api/app/document?documentType=1&documentType=2&documentType=3&sorting=creationTime%20desc&projectId=3a0abfce-3b33-6958-4cb0-d6b14b8e3250&projectFolderId=3a0d56a0-549b-2ad1-209b-aa80bf60eae8&MaxResultCount=10&SkipCount=0 - - - 200 - application/json;+charset=utf-8 36.3587ms
[11:53:36 INF] Request starting HTTP/2 OPTIONS https://localhost:44310/api/app/document?documentType=1&documentType=2&documentType=3&sorting=creationTime%20desc&projectId=3a0abfce-3b33-6958-4cb0-d6b14b8e3250&projectFolderId=3a0d56a0-549b-2ad1-209b-aa80bf60eae8&MaxResultCount=10&SkipCount=0 - -
[11:53:36 INF] CORS policy execution successful.
[11:53:36 INF] Request finished HTTP/2 OPTIONS https://localhost:44310/api/app/document?documentType=1&documentType=2&documentType=3&sorting=creationTime%20desc&projectId=3a0abfce-3b33-6958-4cb0-d6b14b8e3250&projectFolderId=3a0d56a0-549b-2ad1-209b-aa80bf60eae8&MaxResultCount=10&SkipCount=0 - - - 204 - - 1.0313ms
[11:53:36 INF] Request starting HTTP/2 GET https://localhost:44310/api/app/document?documentType=1&documentType=2&documentType=3&sorting=creationTime%20desc&projectId=3a0abfce-3b33-6958-4cb0-d6b14b8e3250&projectFolderId=3a0d56a0-549b-2ad1-209b-aa80bf60eae8&MaxResultCount=10&SkipCount=0 - -
[11:53:36 INF] CORS policy execution successful.
[11:53:36 INF] Successfully validated the token.
[11:53:36 DBG] CORS request made for path: /api/app/document from origin: http://localhost:8200 but was ignored because path was not for an allowed IdentityServer CORS endpoint
[11:53:36 INF] No CORS policy found for the specified request.
[11:53:36 INF] Authorization was successful.
[11:53:36 INF] Executing endpoint 'Glendale.Design.Services.DocumentService.GetListAsync (Glendale.Design.Application)'
[11:53:36 INF] Route matched with {action = "GetList", controller = "Document", area = "", page = ""}. Executing controller action with signature System.Threading.Tasks.Task`1[Volo.Abp.Application.Dtos.PagedResultDto`1[Glendale.Design.Dtos.Document.DocumentListDto]] GetListAsync(Glendale.Design.Dtos.Document.GetListDocumentInput) on controller Glendale.Design.Services.DocumentService (Glendale.Design.Application).
[11:53:36 INF] Authorization was successful.
[11:53:36 INF] Executing ObjectResult, writing value of type 'Volo.Abp.Application.Dtos.PagedResultDto`1[[Glendale.Design.Dtos.Document.DocumentListDto, Glendale.Design.Application.Contracts, Version=1.0.0.0, Culture=neutral, PublicKeyToken=null]]'.
[11:53:36 INF] Executed action Glendale.Design.Services.DocumentService.GetListAsync (Glendale.Design.Application) in 29.3629ms
[11:53:36 INF] Executed endpoint 'Glendale.Design.Services.DocumentService.GetListAsync (Glendale.Design.Application)'
[11:53:36 INF] Request finished HTTP/2 GET https://localhost:44310/api/app/document?documentType=1&documentType=2&documentType=3&sorting=creationTime%20desc&projectId=3a0abfce-3b33-6958-4cb0-d6b14b8e3250&projectFolderId=3a0d56a0-549b-2ad1-209b-aa80bf60eae8&MaxResultCount=10&SkipCount=0 - - - 200 - application/json;+charset=utf-8 36.9908ms
[11:54:26 INF] Request starting HTTP/2 OPTIONS https://localhost:44310/api/app/document?documentType=1&documentType=2&documentType=3&sorting=creationTime%20desc&projectId=3a0abfce-3b33-6958-4cb0-d6b14b8e3250&projectFolderId=3a0d56a0-549b-2ad1-209b-aa80bf60eae8&MaxResultCount=10&SkipCount=0 - -
[11:54:26 INF] CORS policy execution successful.
[11:54:26 INF] Request finished HTTP/2 OPTIONS https://localhost:44310/api/app/document?documentType=1&documentType=2&documentType=3&sorting=creationTime%20desc&projectId=3a0abfce-3b33-6958-4cb0-d6b14b8e3250&projectFolderId=3a0d56a0-549b-2ad1-209b-aa80bf60eae8&MaxResultCount=10&SkipCount=0 - - - 204 - - 0.9522ms
[11:54:26 INF] Request starting HTTP/2 GET https://localhost:44310/api/app/document?documentType=1&documentType=2&documentType=3&sorting=creationTime%20desc&projectId=3a0abfce-3b33-6958-4cb0-d6b14b8e3250&projectFolderId=3a0d56a0-549b-2ad1-209b-aa80bf60eae8&MaxResultCount=10&SkipCount=0 - -
[11:54:26 INF] CORS policy execution successful.
[11:54:26 INF] Successfully validated the token.
[11:54:26 DBG] CORS request made for path: /api/app/document from origin: http://localhost:8200 but was ignored because path was not for an allowed IdentityServer CORS endpoint
[11:54:26 INF] No CORS policy found for the specified request.
[11:54:26 INF] Authorization was successful.
[11:54:26 INF] Executing endpoint 'Glendale.Design.Services.DocumentService.GetListAsync (Glendale.Design.Application)'
[11:54:26 INF] Route matched with {action = "GetList", controller = "Document", area = "", page = ""}. Executing controller action with signature System.Threading.Tasks.Task`1[Volo.Abp.Application.Dtos.PagedResultDto`1[Glendale.Design.Dtos.Document.DocumentListDto]] GetListAsync(Glendale.Design.Dtos.Document.GetListDocumentInput) on controller Glendale.Design.Services.DocumentService (Glendale.Design.Application).
[11:54:26 INF] Authorization was successful.
[11:54:26 INF] Executing ObjectResult, writing value of type 'Volo.Abp.Application.Dtos.PagedResultDto`1[[Glendale.Design.Dtos.Document.DocumentListDto, Glendale.Design.Application.Contracts, Version=1.0.0.0, Culture=neutral, PublicKeyToken=null]]'.
[11:54:26 INF] Executed action Glendale.Design.Services.DocumentService.GetListAsync (Glendale.Design.Application) in 31.4935ms
[11:54:26 INF] Executed endpoint 'Glendale.Design.Services.DocumentService.GetListAsync (Glendale.Design.Application)'
[11:54:26 INF] Request finished HTTP/2 GET https://localhost:44310/api/app/document?documentType=1&documentType=2&documentType=3&sorting=creationTime%20desc&projectId=3a0abfce-3b33-6958-4cb0-d6b14b8e3250&projectFolderId=3a0d56a0-549b-2ad1-209b-aa80bf60eae8&MaxResultCount=10&SkipCount=0 - - - 200 - application/json;+charset=utf-8 36.9261ms
[11:54:26 INF] Request starting HTTP/2 GET https://localhost:44310/api/app/document?documentType=1&documentType=2&documentType=3&sorting=creationTime%20desc&projectId=3a0abfce-3b33-6958-4cb0-d6b14b8e3250&projectFolderId=3a0d56a0-549b-2ad1-209b-aa80bf60eae8&MaxResultCount=10&SkipCount=0 - -
[11:54:26 INF] CORS policy execution successful.
[11:54:26 INF] Successfully validated the token.
[11:54:26 DBG] CORS request made for path: /api/app/document from origin: http://localhost:8200 but was ignored because path was not for an allowed IdentityServer CORS endpoint
[11:54:26 INF] No CORS policy found for the specified request.
[11:54:26 INF] Authorization was successful.
[11:54:26 INF] Executing endpoint 'Glendale.Design.Services.DocumentService.GetListAsync (Glendale.Design.Application)'
[11:54:26 INF] Route matched with {action = "GetList", controller = "Document", area = "", page = ""}. Executing controller action with signature System.Threading.Tasks.Task`1[Volo.Abp.Application.Dtos.PagedResultDto`1[Glendale.Design.Dtos.Document.DocumentListDto]] GetListAsync(Glendale.Design.Dtos.Document.GetListDocumentInput) on controller Glendale.Design.Services.DocumentService (Glendale.Design.Application).
[11:54:26 INF] Authorization was successful.
[11:54:26 INF] Executing ObjectResult, writing value of type 'Volo.Abp.Application.Dtos.PagedResultDto`1[[Glendale.Design.Dtos.Document.DocumentListDto, Glendale.Design.Application.Contracts, Version=1.0.0.0, Culture=neutral, PublicKeyToken=null]]'.
[11:54:26 INF] Executed action Glendale.Design.Services.DocumentService.GetListAsync (Glendale.Design.Application) in 25.2612ms
[11:54:26 INF] Executed endpoint 'Glendale.Design.Services.DocumentService.GetListAsync (Glendale.Design.Application)'
[11:54:26 INF] Request finished HTTP/2 GET https://localhost:44310/api/app/document?documentType=1&documentType=2&documentType=3&sorting=creationTime%20desc&projectId=3a0abfce-3b33-6958-4cb0-d6b14b8e3250&projectFolderId=3a0d56a0-549b-2ad1-209b-aa80bf60eae8&MaxResultCount=10&SkipCount=0 - - - 200 - application/json;+charset=utf-8 31.8580ms
[11:54:26 INF] Request starting HTTP/2 GET https://localhost:44310/api/app/document?documentType=1&documentType=2&documentType=3&sorting=creationTime%20desc&projectId=3a0abfce-3b33-6958-4cb0-d6b14b8e3250&projectFolderId=3a0d56a0-549b-2ad1-209b-aa80bf60eae8&MaxResultCount=10&SkipCount=0 - -
[11:54:26 INF] CORS policy execution successful.
[11:54:26 INF] Successfully validated the token.
[11:54:26 DBG] CORS request made for path: /api/app/document from origin: http://localhost:8200 but was ignored because path was not for an allowed IdentityServer CORS endpoint
[11:54:26 INF] No CORS policy found for the specified request.
[11:54:26 INF] Authorization was successful.
[11:54:26 INF] Executing endpoint 'Glendale.Design.Services.DocumentService.GetListAsync (Glendale.Design.Application)'
[11:54:26 INF] Route matched with {action = "GetList", controller = "Document", area = "", page = ""}. Executing controller action with signature System.Threading.Tasks.Task`1[Volo.Abp.Application.Dtos.PagedResultDto`1[Glendale.Design.D